2019-02-28 10:37:20,169 [main] INFO  [o.s.c.a.AnnotationConfigApplicationContext] AbstractApplicationContext.java:588 - Refreshing org.springframework.context.annotation.AnnotationConfigApplicationContext@52719fb6: startup date [Thu Feb 28 10:37:20 CST 2019]; root of context hierarchy
2019-02-28 10:37:20,788 [main] INFO  [c.u.j.c.EnableEncryptablePropertiesBeanFactoryPostProcessor] EnableEncryptablePropertiesBeanFactoryPostProcessor.java:50 - Post-processing PropertySource instances
2019-02-28 10:37:20,959 [main] INFO  [c.u.j.EncryptablePropertySourceConverter] EncryptablePropertySourceConverter.java:38 - Converting PropertySource configurationProperties [org.springframework.boot.context.properties.source.ConfigurationPropertySourcesPropertySource] to AOP Proxy
2019-02-28 10:37:20,962 [main] INFO  [c.u.j.EncryptablePropertySourceConverter] EncryptablePropertySourceConverter.java:38 - Converting PropertySource bootstrap [org.springframework.core.env.MapPropertySource] to EncryptableMapPropertySourceWrapper
2019-02-28 10:37:20,963 [main] INFO  [c.u.j.EncryptablePropertySourceConverter] EncryptablePropertySourceConverter.java:38 - Converting PropertySource systemProperties [org.springframework.core.env.MapPropertySource] to EncryptableMapPropertySourceWrapper
2019-02-28 10:37:20,963 [main] INFO  [c.u.j.EncryptablePropertySourceConverter] EncryptablePropertySourceConverter.java:38 - Converting PropertySource systemEnvironment [org.springframework.boot.env.SystemEnvironmentPropertySourceEnvironmentPostProcessor$OriginAwareSystemEnvironmentPropertySource] to EncryptableMapPropertySourceWrapper
2019-02-28 10:37:20,965 [main] INFO  [c.u.j.EncryptablePropertySourceConverter] EncryptablePropertySourceConverter.java:38 - Converting PropertySource random [org.springframework.boot.env.RandomValuePropertySource] to EncryptablePropertySourceWrapper
2019-02-28 10:37:20,966 [main] INFO  [c.u.j.EncryptablePropertySourceConverter] EncryptablePropertySourceConverter.java:38 - Converting PropertySource springCloudClientHostInfo [org.springframework.core.env.MapPropertySource] to EncryptableMapPropertySourceWrapper
2019-02-28 10:37:20,967 [main] INFO  [c.u.j.EncryptablePropertySourceConverter] EncryptablePropertySourceConverter.java:38 - Converting PropertySource applicationConfig: [classpath:/bootstrap.yml] [org.springframework.boot.env.OriginTrackedMapPropertySource] to EncryptableMapPropertySourceWrapper
2019-02-28 10:37:20,995 [main] INFO  [o.s.b.f.a.AutowiredAnnotationBeanPostProcessor] AutowiredAnnotationBeanPostProcessor.java:153 - JSR-330 'javax.inject.Inject' annotation found and supported for autowiring
2019-02-28 10:37:21,072 [main] INFO  [o.s.c.s.PostProcessorRegistrationDelegate$BeanPostProcessorChecker] PostProcessorRegistrationDelegate.java:326 - Bean 'configurationPropertiesRebinderAutoConfiguration' of type [org.springframework.cloud.autoconfigure.ConfigurationPropertiesRebinderAutoConfiguration$$EnhancerBySpringCGLIB$$6eca4b09] is not eligible for getting processed by all BeanPostProcessors (for example: not eligible for auto-proxying)
2019-02-28 10:37:21,121 [main] INFO  [c.u.j.filter.DefaultLazyPropertyFilter] DefaultLazyPropertyFilter.java:31 - Property Filter custom Bean not found with name 'encryptablePropertyFilter'. Initializing Default Property Filter
2019-02-28 10:37:21,131 [main] INFO  [c.u.j.resolver.DefaultLazyPropertyResolver] DefaultLazyPropertyResolver.java:31 - Property Resolver custom Bean not found with name 'encryptablePropertyResolver'. Initializing Default Property Resolver
2019-02-28 10:37:21,134 [main] INFO  [c.u.j.detector.DefaultLazyPropertyDetector] DefaultLazyPropertyDetector.java:30 - Property Detector custom Bean not found with name 'encryptablePropertyDetector'. Initializing Default Property Detector
2019-02-28 10:37:22,075 [main] INFO  [o.s.cloud.netflix.eureka.InstanceInfoFactory] InstanceInfoFactory.java:71 - Setting initial instance status as: STARTING
2019-02-28 10:37:22,220 [main] INFO  [com.netflix.discovery.DiscoveryClient] DiscoveryClient.java:349 - Initializing Eureka in region us-east-1
2019-02-28 10:37:22,933 [main] INFO  [c.n.discovery.provider.DiscoveryJerseyProvider] DiscoveryJerseyProvider.java:70 - Using JSON encoding codec LegacyJacksonJson
2019-02-28 10:37:22,934 [main] INFO  [c.n.discovery.provider.DiscoveryJerseyProvider] DiscoveryJerseyProvider.java:71 - Using JSON decoding codec LegacyJacksonJson
2019-02-28 10:37:23,286 [main] INFO  [c.n.discovery.provider.DiscoveryJerseyProvider] DiscoveryJerseyProvider.java:80 - Using XML encoding codec XStreamXml
2019-02-28 10:37:23,287 [main] INFO  [c.n.discovery.provider.DiscoveryJerseyProvider] DiscoveryJerseyProvider.java:81 - Using XML decoding codec XStreamXml
2019-02-28 10:37:24,138 [main] INFO  [c.n.d.shared.resolver.aws.ConfigClusterResolver] ConfigClusterResolver.java:43 - Resolving eureka endpoints via configuration
2019-02-28 10:37:24,738 [main] INFO  [com.netflix.discovery.DiscoveryClient] DiscoveryClient.java:958 - Disable delta property : false
2019-02-28 10:37:24,739 [main] INFO  [com.netflix.discovery.DiscoveryClient] DiscoveryClient.java:959 - Single vip registry refresh property : null
2019-02-28 10:37:24,739 [main] INFO  [com.netflix.discovery.DiscoveryClient] DiscoveryClient.java:960 - Force full registry fetch : false
2019-02-28 10:37:24,740 [main] INFO  [com.netflix.discovery.DiscoveryClient] DiscoveryClient.java:961 - Application is null : false
2019-02-28 10:37:24,741 [main] INFO  [com.netflix.discovery.DiscoveryClient] DiscoveryClient.java:962 - Registered Applications size is zero : true
2019-02-28 10:37:24,741 [main] INFO  [com.netflix.discovery.DiscoveryClient] DiscoveryClient.java:964 - Application version is -1: true
2019-02-28 10:37:24,742 [main] INFO  [com.netflix.discovery.DiscoveryClient] DiscoveryClient.java:1047 - Getting all instance registry info from the eureka server
2019-02-28 10:37:25,009 [main] INFO  [com.netflix.discovery.DiscoveryClient] DiscoveryClient.java:1056 - The response status is 200
2019-02-28 10:37:25,015 [main] INFO  [com.netflix.discovery.DiscoveryClient] DiscoveryClient.java:1311 - Not registering with Eureka server per configuration
2019-02-28 10:37:25,025 [main] INFO  [com.netflix.discovery.DiscoveryClient] DiscoveryClient.java:449 - Discovery Client initialized at timestamp 1551321445022 with initial instances count: 0
2019-02-28 10:37:25,215 [main] INFO  [o.s.b.a.l.ConditionEvaluationReportLoggingListener] ConditionEvaluationReportLoggingListener.java:142 - 

Error starting ApplicationContext. To display the conditions report re-run your application with 'debug' enabled.
2019-02-28 10:37:25,243 [main] ERROR [org.springframework.boot.SpringApplication] SpringApplication.java:837 - Application run failed
java.lang.IllegalStateException: No instances found of configserver (pig-config)
	at org.springframework.cloud.config.client.ConfigServerInstanceProvider.getConfigServerInstances(ConfigServerInstanceProvider.java:25)
	at org.springframework.cloud.config.client.DiscoveryClientConfigServiceBootstrapConfiguration.refresh(DiscoveryClientConfigServiceBootstrapConfiguration.java:84)
	at org.springframework.cloud.config.client.DiscoveryClientConfigServiceBootstrapConfiguration.startup(DiscoveryClientConfigServiceBootstrapConfiguration.java:69)
	at sun.reflect.NativeMethodAccessorImpl.invoke0(Native Method)
	at sun.reflect.NativeMethodAccessorImpl.invoke(NativeMethodAccessorImpl.java:62)
	at sun.reflect.DelegatingMethodAccessorImpl.invoke(DelegatingMethodAccessorImpl.java:43)
	at java.lang.reflect.Method.invoke(Method.java:498)
	at org.springframework.context.event.ApplicationListenerMethodAdapter.doInvoke(ApplicationListenerMethodAdapter.java:261)
	at org.springframework.context.event.ApplicationListenerMethodAdapter.processEvent(ApplicationListenerMethodAdapter.java:180)
	at org.springframework.context.event.ApplicationListenerMethodAdapter.onApplicationEvent(ApplicationListenerMethodAdapter.java:142)
	at org.springframework.context.event.SimpleApplicationEventMulticaster.doInvokeListener(SimpleApplicationEventMulticaster.java:172)
	at org.springframework.context.event.SimpleApplicationEventMulticaster.invokeListener(SimpleApplicationEventMulticaster.java:165)
	at org.springframework.context.event.SimpleApplicationEventMulticaster.multicastEvent(SimpleApplicationEventMulticaster.java:139)
	at org.springframework.context.support.AbstractApplicationContext.publishEvent(AbstractApplicationContext.java:400)
	at org.springframework.context.support.AbstractApplicationContext.publishEvent(AbstractApplicationContext.java:354)
	at org.springframework.context.support.AbstractApplicationContext.finishRefresh(AbstractApplicationContext.java:886)
	at org.springframework.context.support.AbstractApplicationContext.refresh(AbstractApplicationContext.java:551)
	at org.springframework.boot.SpringApplication.refresh(SpringApplication.java:754)
	at org.springframework.boot.SpringApplication.refreshContext(SpringApplication.java:386)
	at org.springframework.boot.SpringApplication.run(SpringApplication.java:307)
	at org.springframework.boot.builder.SpringApplicationBuilder.run(SpringApplicationBuilder.java:137)
	at org.springframework.cloud.bootstrap.BootstrapApplicationListener.bootstrapServiceContext(BootstrapApplicationListener.java:208)
	at org.springframework.cloud.bootstrap.BootstrapApplicationListener.onApplicationEvent(BootstrapApplicationListener.java:104)
	at org.springframework.cloud.bootstrap.BootstrapApplicationListener.onApplicationEvent(BootstrapApplicationListener.java:70)
	at org.springframework.context.event.SimpleApplicationEventMulticaster.doInvokeListener(SimpleApplicationEventMulticaster.java:172)
	at org.springframework.context.event.SimpleApplicationEventMulticaster.invokeListener(SimpleApplicationEventMulticaster.java:165)
	at org.springframework.context.event.SimpleApplicationEventMulticaster.multicastEvent(SimpleApplicationEventMulticaster.java:139)
	at org.springframework.context.event.SimpleApplicationEventMulticaster.multicastEvent(SimpleApplicationEventMulticaster.java:127)
	at org.springframework.boot.context.event.EventPublishingRunListener.environmentPrepared(EventPublishingRunListener.java:74)
	at org.springframework.boot.SpringApplicationRunListeners.environmentPrepared(SpringApplicationRunListeners.java:54)
	at org.springframework.boot.SpringApplication.prepareEnvironment(SpringApplication.java:338)
	at org.springframework.boot.SpringApplication.run(SpringApplication.java:297)
	at org.springframework.boot.SpringApplication.run(SpringApplication.java:1242)
	at org.springframework.boot.SpringApplication.run(SpringApplication.java:1230)
	at com.pig4cloud.pig.auth.PigAuthApplication.main(PigAuthApplication.java:34)
2019-02-28 10:37:25,252 [main] INFO  [o.s.c.a.AnnotationConfigApplicationContext] AbstractApplicationContext.java:991 - Closing org.springframework.context.annotation.AnnotationConfigApplicationContext@52719fb6: startup date [Thu Feb 28 10:37:20 CST 2019]; root of context hierarchy
2019-02-28 10:37:25,257 [main] INFO  [com.netflix.discovery.DiscoveryClient] DiscoveryClient.java:888 - Shutting down DiscoveryClient ...
2019-02-28 10:37:25,272 [main] INFO  [com.netflix.discovery.DiscoveryClient] DiscoveryClient.java:911 - Completed shut down of DiscoveryClient
2019-02-28 10:37:25,274 [main] ERROR [org.springframework.boot.SpringApplication] SpringApplication.java:837 - Application run failed
java.lang.IllegalStateException: No instances found of configserver (pig-config)
	at org.springframework.cloud.config.client.ConfigServerInstanceProvider.getConfigServerInstances(ConfigServerInstanceProvider.java:25)
	at org.springframework.cloud.config.client.DiscoveryClientConfigServiceBootstrapConfiguration.refresh(DiscoveryClientConfigServiceBootstrapConfiguration.java:84)
	at org.springframework.cloud.config.client.DiscoveryClientConfigServiceBootstrapConfiguration.startup(DiscoveryClientConfigServiceBootstrapConfiguration.java:69)
	at sun.reflect.NativeMethodAccessorImpl.invoke0(Native Method)
	at sun.reflect.NativeMethodAccessorImpl.invoke(NativeMethodAccessorImpl.java:62)
	at sun.reflect.DelegatingMethodAccessorImpl.invoke(DelegatingMethodAccessorImpl.java:43)
	at java.lang.reflect.Method.invoke(Method.java:498)
	at org.springframework.context.event.ApplicationListenerMethodAdapter.doInvoke(ApplicationListenerMethodAdapter.java:261)
	at org.springframework.context.event.ApplicationListenerMethodAdapter.processEvent(ApplicationListenerMethodAdapter.java:180)
	at org.springframework.context.event.ApplicationListenerMethodAdapter.onApplicationEvent(ApplicationListenerMethodAdapter.java:142)
	at org.springframework.context.event.SimpleApplicationEventMulticaster.doInvokeListener(SimpleApplicationEventMulticaster.java:172)
	at org.springframework.context.event.SimpleApplicationEventMulticaster.invokeListener(SimpleApplicationEventMulticaster.java:165)
	at org.springframework.context.event.SimpleApplicationEventMulticaster.multicastEvent(SimpleApplicationEventMulticaster.java:139)
	at org.springframework.context.support.AbstractApplicationContext.publishEvent(AbstractApplicationContext.java:400)
	at org.springframework.context.support.AbstractApplicationContext.publishEvent(AbstractApplicationContext.java:354)
	at org.springframework.context.support.AbstractApplicationContext.finishRefresh(AbstractApplicationContext.java:886)
	at org.springframework.context.support.AbstractApplicationContext.refresh(AbstractApplicationContext.java:551)
	at org.springframework.boot.SpringApplication.refresh(SpringApplication.java:754)
	at org.springframework.boot.SpringApplication.refreshContext(SpringApplication.java:386)
	at org.springframework.boot.SpringApplication.run(SpringApplication.java:307)
	at org.springframework.boot.builder.SpringApplicationBuilder.run(SpringApplicationBuilder.java:137)
	at org.springframework.cloud.bootstrap.BootstrapApplicationListener.bootstrapServiceContext(BootstrapApplicationListener.java:208)
	at org.springframework.cloud.bootstrap.BootstrapApplicationListener.onApplicationEvent(BootstrapApplicationListener.java:104)
	at org.springframework.cloud.bootstrap.BootstrapApplicationListener.onApplicationEvent(BootstrapApplicationListener.java:70)
	at org.springframework.context.event.SimpleApplicationEventMulticaster.doInvokeListener(SimpleApplicationEventMulticaster.java:172)
	at org.springframework.context.event.SimpleApplicationEventMulticaster.invokeListener(SimpleApplicationEventMulticaster.java:165)
	at org.springframework.context.event.SimpleApplicationEventMulticaster.multicastEvent(SimpleApplicationEventMulticaster.java:139)
	at org.springframework.context.event.SimpleApplicationEventMulticaster.multicastEvent(SimpleApplicationEventMulticaster.java:127)
	at org.springframework.boot.context.event.EventPublishingRunListener.environmentPrepared(EventPublishingRunListener.java:74)
	at org.springframework.boot.SpringApplicationRunListeners.environmentPrepared(SpringApplicationRunListeners.java:54)
	at org.springframework.boot.SpringApplication.prepareEnvironment(SpringApplication.java:338)
	at org.springframework.boot.SpringApplication.run(SpringApplication.java:297)
	at org.springframework.boot.SpringApplication.run(SpringApplication.java:1242)
	at org.springframework.boot.SpringApplication.run(SpringApplication.java:1230)
	at com.pig4cloud.pig.auth.PigAuthApplication.main(PigAuthApplication.java:34)
2019-02-28 10:38:27,960 [main] INFO  [o.s.c.a.AnnotationConfigApplicationContext] AbstractApplicationContext.java:588 - Refreshing org.springframework.context.annotation.AnnotationConfigApplicationContext@70e9c95d: startup date [Thu Feb 28 10:38:27 CST 2019]; root of context hierarchy
2019-02-28 10:38:28,322 [main] INFO  [c.u.j.c.EnableEncryptablePropertiesBeanFactoryPostProcessor] EnableEncryptablePropertiesBeanFactoryPostProcessor.java:50 - Post-processing PropertySource instances
2019-02-28 10:38:28,397 [main] INFO  [c.u.j.EncryptablePropertySourceConverter] EncryptablePropertySourceConverter.java:38 - Converting PropertySource configurationProperties [org.springframework.boot.context.properties.source.ConfigurationPropertySourcesPropertySource] to AOP Proxy
2019-02-28 10:38:28,399 [main] INFO  [c.u.j.EncryptablePropertySourceConverter] EncryptablePropertySourceConverter.java:38 - Converting PropertySource bootstrap [org.springframework.core.env.MapPropertySource] to EncryptableMapPropertySourceWrapper
2019-02-28 10:38:28,400 [main] INFO  [c.u.j.EncryptablePropertySourceConverter] EncryptablePropertySourceConverter.java:38 - Converting PropertySource systemProperties [org.springframework.core.env.MapPropertySource] to EncryptableMapPropertySourceWrapper
2019-02-28 10:38:28,400 [main] INFO  [c.u.j.EncryptablePropertySourceConverter] EncryptablePropertySourceConverter.java:38 - Converting PropertySource systemEnvironment [org.springframework.boot.env.SystemEnvironmentPropertySourceEnvironmentPostProcessor$OriginAwareSystemEnvironmentPropertySource] to EncryptableMapPropertySourceWrapper
2019-02-28 10:38:28,401 [main] INFO  [c.u.j.EncryptablePropertySourceConverter] EncryptablePropertySourceConverter.java:38 - Converting PropertySource random [org.springframework.boot.env.RandomValuePropertySource] to EncryptablePropertySourceWrapper
2019-02-28 10:38:28,401 [main] INFO  [c.u.j.EncryptablePropertySourceConverter] EncryptablePropertySourceConverter.java:38 - Converting PropertySource springCloudClientHostInfo [org.springframework.core.env.MapPropertySource] to EncryptableMapPropertySourceWrapper
2019-02-28 10:38:28,402 [main] INFO  [c.u.j.EncryptablePropertySourceConverter] EncryptablePropertySourceConverter.java:38 - Converting PropertySource applicationConfig: [classpath:/bootstrap.yml] [org.springframework.boot.env.OriginTrackedMapPropertySource] to EncryptableMapPropertySourceWrapper
2019-02-28 10:38:28,416 [main] INFO  [o.s.b.f.a.AutowiredAnnotationBeanPostProcessor] AutowiredAnnotationBeanPostProcessor.java:153 - JSR-330 'javax.inject.Inject' annotation found and supported for autowiring
2019-02-28 10:38:28,453 [main] INFO  [o.s.c.s.PostProcessorRegistrationDelegate$BeanPostProcessorChecker] PostProcessorRegistrationDelegate.java:326 - Bean 'configurationPropertiesRebinderAutoConfiguration' of type [org.springframework.cloud.autoconfigure.ConfigurationPropertiesRebinderAutoConfiguration$$EnhancerBySpringCGLIB$$50a218a2] is not eligible for getting processed by all BeanPostProcessors (for example: not eligible for auto-proxying)
2019-02-28 10:38:28,490 [main] INFO  [c.u.j.filter.DefaultLazyPropertyFilter] DefaultLazyPropertyFilter.java:31 - Property Filter custom Bean not found with name 'encryptablePropertyFilter'. Initializing Default Property Filter
2019-02-28 10:38:28,498 [main] INFO  [c.u.j.resolver.DefaultLazyPropertyResolver] DefaultLazyPropertyResolver.java:31 - Property Resolver custom Bean not found with name 'encryptablePropertyResolver'. Initializing Default Property Resolver
2019-02-28 10:38:28,499 [main] INFO  [c.u.j.detector.DefaultLazyPropertyDetector] DefaultLazyPropertyDetector.java:30 - Property Detector custom Bean not found with name 'encryptablePropertyDetector'. Initializing Default Property Detector
2019-02-28 10:38:29,039 [main] INFO  [o.s.cloud.netflix.eureka.InstanceInfoFactory] InstanceInfoFactory.java:71 - Setting initial instance status as: STARTING
2019-02-28 10:38:29,125 [main] INFO  [com.netflix.discovery.DiscoveryClient] DiscoveryClient.java:349 - Initializing Eureka in region us-east-1
2019-02-28 10:38:29,599 [main] INFO  [c.n.discovery.provider.DiscoveryJerseyProvider] DiscoveryJerseyProvider.java:70 - Using JSON encoding codec LegacyJacksonJson
2019-02-28 10:38:29,599 [main] INFO  [c.n.discovery.provider.DiscoveryJerseyProvider] DiscoveryJerseyProvider.java:71 - Using JSON decoding codec LegacyJacksonJson
2019-02-28 10:38:29,744 [main] INFO  [c.n.discovery.provider.DiscoveryJerseyProvider] DiscoveryJerseyProvider.java:80 - Using XML encoding codec XStreamXml
2019-02-28 10:38:29,744 [main] INFO  [c.n.discovery.provider.DiscoveryJerseyProvider] DiscoveryJerseyProvider.java:81 - Using XML decoding codec XStreamXml
2019-02-28 10:38:29,934 [main] INFO  [c.n.d.shared.resolver.aws.ConfigClusterResolver] ConfigClusterResolver.java:43 - Resolving eureka endpoints via configuration
2019-02-28 10:38:30,177 [main] INFO  [com.netflix.discovery.DiscoveryClient] DiscoveryClient.java:958 - Disable delta property : false
2019-02-28 10:38:30,177 [main] INFO  [com.netflix.discovery.DiscoveryClient] DiscoveryClient.java:959 - Single vip registry refresh property : null
2019-02-28 10:38:30,177 [main] INFO  [com.netflix.discovery.DiscoveryClient] DiscoveryClient.java:960 - Force full registry fetch : false
2019-02-28 10:38:30,177 [main] INFO  [com.netflix.discovery.DiscoveryClient] DiscoveryClient.java:961 - Application is null : false
2019-02-28 10:38:30,178 [main] INFO  [com.netflix.discovery.DiscoveryClient] DiscoveryClient.java:962 - Registered Applications size is zero : true
2019-02-28 10:38:30,178 [main] INFO  [com.netflix.discovery.DiscoveryClient] DiscoveryClient.java:964 - Application version is -1: true
2019-02-28 10:38:30,178 [main] INFO  [com.netflix.discovery.DiscoveryClient] DiscoveryClient.java:1047 - Getting all instance registry info from the eureka server
2019-02-28 10:38:30,360 [main] INFO  [com.netflix.discovery.DiscoveryClient] DiscoveryClient.java:1056 - The response status is 200
2019-02-28 10:38:30,363 [main] INFO  [com.netflix.discovery.DiscoveryClient] DiscoveryClient.java:1311 - Not registering with Eureka server per configuration
2019-02-28 10:38:30,367 [main] INFO  [com.netflix.discovery.DiscoveryClient] DiscoveryClient.java:449 - Discovery Client initialized at timestamp 1551321510366 with initial instances count: 2
2019-02-28 10:38:30,890 [main] INFO  [o.s.c.c.client.ConfigServicePropertySourceLocator] ConfigServicePropertySourceLocator.java:205 - Fetching config from server at : http://192.168.1.114:8888/
2019-02-28 10:38:31,296 [main] INFO  [o.s.c.c.client.ConfigServicePropertySourceLocator] ConfigServicePropertySourceLocator.java:149 - Located environment: name=pig-auth, profiles=[dev], label=null, version=null, state=null
2019-02-28 10:38:31,297 [main] INFO  [o.s.c.b.c.PropertySourceBootstrapConfiguration] PropertySourceBootstrapConfiguration.java:98 - Located property source: CompositePropertySource {name='configService', propertySources=[MapPropertySource {name='classpath:/config/pig-auth-dev.yml'}, MapPropertySource {name='classpath:/config/application-dev.yml'}]}
2019-02-28 10:38:31,300 [main] INFO  [c.u.j.c.EnableEncryptablePropertiesConfiguration] EnableEncryptablePropertiesConfiguration.java:69 - Bootstraping jasypt-string-boot auto configuration in context: pig-auth-1
2019-02-28 10:38:31,301 [main] INFO  [com.pig4cloud.pig.auth.PigAuthApplication] SpringApplication.java:654 - No active profile set, falling back to default profiles: default
2019-02-28 10:38:31,314 [main] INFO  [o.s.b.w.s.c.AnnotationConfigServletWebServerApplicationContext] AbstractApplicationContext.java:588 - Refreshing org.springframework.boot.web.servlet.context.AnnotationConfigServletWebServerApplicationContext@68c7ef83: startup date [Thu Feb 28 10:38:31 CST 2019]; parent: org.springframework.context.annotation.AnnotationConfigApplicationContext@70e9c95d
2019-02-28 10:38:31,953 [main] INFO  [o.s.b.factory.support.DefaultListableBeanFactory] SimpleAliasRegistry.java:73 - Overriding alias 'pig-upmsFeignClient' definition for registered name 'com.pig4cloud.pig.admin.api.feign.RemoteLogService' with new target name 'com.pig4cloud.pig.admin.api.feign.RemoteUserService'
2019-02-28 10:38:32,297 [main] INFO  [o.s.d.r.config.RepositoryConfigurationDelegate] RepositoryConfigurationDelegate.java:172 - Multiple Spring Data modules found, entering strict repository configuration mode!
2019-02-28 10:38:32,497 [main] INFO  [o.s.b.factory.support.DefaultListableBeanFactory] DefaultListableBeanFactory.java:821 - Overriding bean definition for bean 'dataSource' with a different definition: replacing [Root bean: class [null]; scope=refresh; abstract=false; lazyInit=false; autowireMode=3; dependencyCheck=0; autowireCandidate=false; primary=false; factoryBeanName=org.springframework.boot.autoconfigure.jdbc.DataSourceConfiguration$Hikari; factoryMethodName=dataSource; initMethodName=null; destroyMethodName=(inferred); defined in class path resource [org/springframework/boot/autoconfigure/jdbc/DataSourceConfiguration$Hikari.class]] with [Root bean: class [org.springframework.aop.scope.ScopedProxyFactoryBean]; scope=; abstract=false; lazyInit=false; autowireMode=0; dependencyCheck=0; autowireCandidate=true; primary=false; factoryBeanName=null; factoryMethodName=null; initMethodName=null; destroyMethodName=null; defined in BeanDefinition defined in class path resource [org/springframework/boot/autoconfigure/jdbc/DataSourceConfiguration$Hikari.class]]
2019-02-28 10:38:32,681 [main] INFO  [o.springframework.cloud.context.scope.GenericScope] GenericScope.java:294 - BeanFactory id=599383ce-4326-3a93-8dc4-e6e54e135364
2019-02-28 10:38:32,708 [main] INFO  [c.u.j.c.EnableEncryptablePropertiesBeanFactoryPostProcessor] EnableEncryptablePropertiesBeanFactoryPostProcessor.java:50 - Post-processing PropertySource instances
2019-02-28 10:38:32,742 [main] INFO  [c.u.j.EncryptablePropertySourceConverter] EncryptablePropertySourceConverter.java:38 - Converting PropertySource bootstrapProperties [org.springframework.core.env.CompositePropertySource] to EncryptableEnumerablePropertySourceWrapper
2019-02-28 10:38:32,742 [main] INFO  [c.u.j.EncryptablePropertySourceConverter] EncryptablePropertySourceConverter.java:38 - Converting PropertySource configurationProperties [org.springframework.boot.context.properties.source.ConfigurationPropertySourcesPropertySource] to AOP Proxy
2019-02-28 10:38:32,743 [main] INFO  [c.u.j.EncryptablePropertySourceConverter] EncryptablePropertySourceConverter.java:38 - Converting PropertySource servletConfigInitParams [org.springframework.core.env.PropertySource$StubPropertySource] to EncryptablePropertySourceWrapper
2019-02-28 10:38:32,743 [main] INFO  [c.u.j.EncryptablePropertySourceConverter] EncryptablePropertySourceConverter.java:38 - Converting PropertySource servletContextInitParams [org.springframework.core.env.PropertySource$StubPropertySource] to EncryptablePropertySourceWrapper
2019-02-28 10:38:32,743 [main] INFO  [c.u.j.EncryptablePropertySourceConverter] EncryptablePropertySourceConverter.java:38 - Converting PropertySource systemProperties [org.springframework.core.env.MapPropertySource] to EncryptableMapPropertySourceWrapper
2019-02-28 10:38:32,743 [main] INFO  [c.u.j.EncryptablePropertySourceConverter] EncryptablePropertySourceConverter.java:38 - Converting PropertySource systemEnvironment [org.springframework.boot.env.SystemEnvironmentPropertySourceEnvironmentPostProcessor$OriginAwareSystemEnvironmentPropertySource] to EncryptableMapPropertySourceWrapper
2019-02-28 10:38:32,743 [main] INFO  [c.u.j.EncryptablePropertySourceConverter] EncryptablePropertySourceConverter.java:38 - Converting PropertySource random [org.springframework.boot.env.RandomValuePropertySource] to EncryptablePropertySourceWrapper
2019-02-28 10:38:32,743 [main] INFO  [c.u.j.EncryptablePropertySourceConverter] EncryptablePropertySourceConverter.java:38 - Converting PropertySource springCloudClientHostInfo [org.springframework.core.env.MapPropertySource] to EncryptableMapPropertySourceWrapper
2019-02-28 10:38:32,744 [main] INFO  [c.u.j.EncryptablePropertySourceConverter] EncryptablePropertySourceConverter.java:38 - Converting PropertySource defaultProperties [org.springframework.core.env.MapPropertySource] to EncryptableMapPropertySourceWrapper
2019-02-28 10:38:32,754 [main] INFO  [o.s.b.f.a.AutowiredAnnotationBeanPostProcessor] AutowiredAnnotationBeanPostProcessor.java:153 - JSR-330 'javax.inject.Inject' annotation found and supported for autowiring
2019-02-28 10:38:32,776 [main] INFO  [c.u.j.filter.DefaultLazyPropertyFilter] DefaultLazyPropertyFilter.java:31 - Property Filter custom Bean not found with name 'encryptablePropertyFilter'. Initializing Default Property Filter
2019-02-28 10:38:32,892 [main] INFO  [o.s.c.s.PostProcessorRegistrationDelegate$BeanPostProcessorChecker] PostProcessorRegistrationDelegate.java:326 - Bean 'org.springframework.transaction.annotation.ProxyTransactionManagementConfiguration' of type [org.springframework.transaction.annotation.ProxyTransactionManagementConfiguration$$EnhancerBySpringCGLIB$$348815a5] is not eligible for getting processed by all BeanPostProcessors (for example: not eligible for auto-proxying)
2019-02-28 10:38:33,126 [main] INFO  [o.s.c.s.PostProcessorRegistrationDelegate$BeanPostProcessorChecker] PostProcessorRegistrationDelegate.java:326 - Bean 'org.springframework.cloud.autoconfigure.ConfigurationPropertiesRebinderAutoConfiguration' of type [org.springframework.cloud.autoconfigure.ConfigurationPropertiesRebinderAutoConfiguration$$EnhancerBySpringCGLIB$$50a218a2] is not eligible for getting processed by all BeanPostProcessors (for example: not eligible for auto-proxying)
2019-02-28 10:38:33,479 [main] INFO  [org.xnio] Xnio.java:104 - XNIO version 3.3.8.Final
2019-02-28 10:38:33,496 [main] INFO  [org.xnio.nio] NioXnio.java:55 - XNIO NIO Implementation Version 3.3.8.Final
2019-02-28 10:38:33,528 [main] WARN  [io.undertow.websockets.jsr] Bootstrap.java:67 - UT026009: XNIO worker was not set on WebSocketDeploymentInfo, the default worker will be used
2019-02-28 10:38:33,528 [main] WARN  [io.undertow.websockets.jsr] Bootstrap.java:76 - UT026010: Buffer pool was not set on WebSocketDeploymentInfo, the default pool will be used
2019-02-28 10:38:33,554 [main] INFO  [io.undertow.servlet] ServletContextImpl.java:360 - Initializing Spring embedded WebApplicationContext
2019-02-28 10:38:33,554 [main] INFO  [org.springframework.web.context.ContextLoader] ServletWebServerApplicationContext.java:296 - Root WebApplicationContext: initialization completed in 2240 ms
2019-02-28 10:38:33,731 [main] WARN  [com.netflix.config.sources.URLConfigurationSource] URLConfigurationSource.java:121 - No URLs will be polled as dynamic configuration sources.
2019-02-28 10:38:33,731 [main] INFO  [com.netflix.config.sources.URLConfigurationSource] URLConfigurationSource.java:122 - To enable URLs as dynamic configuration sources, define System property archaius.configurationSource.additionalUrls or make config.properties available on classpath.
2019-02-28 10:38:33,741 [main] INFO  [com.netflix.config.DynamicPropertyFactory] DynamicPropertyFactory.java:281 - DynamicPropertyFactory is initialized with configuration sources: com.netflix.config.ConcurrentCompositeConfiguration@7e31062c
2019-02-28 10:38:33,801 [main] INFO  [c.u.j.resolver.DefaultLazyPropertyResolver] DefaultLazyPropertyResolver.java:31 - Property Resolver custom Bean not found with name 'encryptablePropertyResolver'. Initializing Default Property Resolver
2019-02-28 10:38:33,802 [main] INFO  [c.u.j.detector.DefaultLazyPropertyDetector] DefaultLazyPropertyDetector.java:30 - Property Detector custom Bean not found with name 'encryptablePropertyDetector'. Initializing Default Property Detector
2019-02-28 10:38:35,553 [main] INFO  [o.s.boot.web.servlet.FilterRegistrationBean] AbstractFilterRegistrationBean.java:245 - Mapping filter: 'characterEncodingFilter' to: [/*]
2019-02-28 10:38:35,555 [main] INFO  [o.s.boot.web.servlet.FilterRegistrationBean] AbstractFilterRegistrationBean.java:245 - Mapping filter: 'webMvcMetricsFilter' to: [/*]
2019-02-28 10:38:35,555 [main] INFO  [o.s.boot.web.servlet.FilterRegistrationBean] AbstractFilterRegistrationBean.java:245 - Mapping filter: 'hiddenHttpMethodFilter' to: [/*]
2019-02-28 10:38:35,555 [main] INFO  [o.s.boot.web.servlet.FilterRegistrationBean] AbstractFilterRegistrationBean.java:245 - Mapping filter: 'httpPutFormContentFilter' to: [/*]
2019-02-28 10:38:35,555 [main] INFO  [o.s.boot.web.servlet.FilterRegistrationBean] AbstractFilterRegistrationBean.java:245 - Mapping filter: 'requestContextFilter' to: [/*]
2019-02-28 10:38:35,556 [main] INFO  [o.s.b.w.s.DelegatingFilterProxyRegistrationBean] AbstractFilterRegistrationBean.java:245 - Mapping filter: 'springSecurityFilterChain' to: [/*]
2019-02-28 10:38:35,556 [main] INFO  [o.s.boot.web.servlet.FilterRegistrationBean] AbstractFilterRegistrationBean.java:245 - Mapping filter: 'httpTraceFilter' to: [/*]
2019-02-28 10:38:35,556 [main] INFO  [o.s.boot.web.servlet.ServletRegistrationBean] ServletRegistrationBean.java:187 - Servlet dispatcherServlet mapped to [/]
2019-02-28 10:38:35,560 [main] INFO  [o.s.b.a.endpoint.web.ServletEndpointRegistrar] ServletEndpointRegistrar.java:78 - Registered '/actuator/jolokia' to jolokia-actuator-endpoint
2019-02-28 10:38:35,560 [main] INFO  [o.s.b.a.endpoint.web.ServletEndpointRegistrar] ServletEndpointRegistrar.java:78 - Registered '/actuator/hystrix.stream' to hystrix.stream-actuator-endpoint
2019-02-28 10:38:35,622 [main] INFO  [o.s.c.a.AnnotationConfigApplicationContext] AbstractApplicationContext.java:588 - Refreshing FeignContext-pig-upms: startup date [Thu Feb 28 10:38:35 CST 2019]; parent: org.springframework.boot.web.servlet.context.AnnotationConfigServletWebServerApplicationContext@68c7ef83
2019-02-28 10:38:35,640 [main] INFO  [o.s.b.f.a.AutowiredAnnotationBeanPostProcessor] AutowiredAnnotationBeanPostProcessor.java:153 - JSR-330 'javax.inject.Inject' annotation found and supported for autowiring
2019-02-28 10:38:36,342 [main] INFO  [o.s.s.o.p.endpoint.FrameworkEndpointHandlerMapping] AbstractHandlerMethodMapping.java:550 - Mapped "{[/oauth/authorize]}" onto public org.springframework.web.servlet.ModelAndView org.springframework.security.oauth2.provider.endpoint.AuthorizationEndpoint.authorize(java.util.Map<java.lang.String, java.lang.Object>,java.util.Map<java.lang.String, java.lang.String>,org.springframework.web.bind.support.SessionStatus,java.security.Principal)
2019-02-28 10:38:36,344 [main] INFO  [o.s.s.o.p.endpoint.FrameworkEndpointHandlerMapping] AbstractHandlerMethodMapping.java:550 - Mapped "{[/oauth/authorize],methods=[POST],params=[user_oauth_approval]}" onto public org.springframework.web.servlet.View org.springframework.security.oauth2.provider.endpoint.AuthorizationEndpoint.approveOrDeny(java.util.Map<java.lang.String, java.lang.String>,java.util.Map<java.lang.String, ?>,org.springframework.web.bind.support.SessionStatus,java.security.Principal)
2019-02-28 10:38:36,344 [main] INFO  [o.s.s.o.p.endpoint.FrameworkEndpointHandlerMapping] AbstractHandlerMethodMapping.java:550 - Mapped "{[/oauth/token],methods=[POST]}" onto public org.springframework.http.ResponseEntity<org.springframework.security.oauth2.common.OAuth2AccessToken> org.springframework.security.oauth2.provider.endpoint.TokenEndpoint.postAccessToken(java.security.Principal,java.util.Map<java.lang.String, java.lang.String>) throws org.springframework.web.HttpRequestMethodNotSupportedException
2019-02-28 10:38:36,345 [main] INFO  [o.s.s.o.p.endpoint.FrameworkEndpointHandlerMapping] AbstractHandlerMethodMapping.java:550 - Mapped "{[/oauth/token],methods=[GET]}" onto public org.springframework.http.ResponseEntity<org.springframework.security.oauth2.common.OAuth2AccessToken> org.springframework.security.oauth2.provider.endpoint.TokenEndpoint.getAccessToken(java.security.Principal,java.util.Map<java.lang.String, java.lang.String>) throws org.springframework.web.HttpRequestMethodNotSupportedException
2019-02-28 10:38:36,345 [main] INFO  [o.s.s.o.p.endpoint.FrameworkEndpointHandlerMapping] AbstractHandlerMethodMapping.java:550 - Mapped "{[/oauth/check_token]}" onto public java.util.Map<java.lang.String, ?> org.springframework.security.oauth2.provider.endpoint.CheckTokenEndpoint.checkToken(java.lang.String)
2019-02-28 10:38:36,346 [main] INFO  [o.s.s.o.p.endpoint.FrameworkEndpointHandlerMapping] AbstractHandlerMethodMapping.java:550 - Mapped "{[/oauth/confirm_access]}" onto public org.springframework.web.servlet.ModelAndView org.springframework.security.oauth2.provider.endpoint.WhitelabelApprovalEndpoint.getAccessConfirmation(java.util.Map<java.lang.String, java.lang.Object>,javax.servlet.http.HttpServletRequest) throws java.lang.Exception
2019-02-28 10:38:36,347 [main] INFO  [o.s.s.o.p.endpoint.FrameworkEndpointHandlerMapping] AbstractHandlerMethodMapping.java:550 - Mapped "{[/oauth/error]}" onto public org.springframework.web.servlet.ModelAndView org.springframework.security.oauth2.provider.endpoint.WhitelabelErrorEndpoint.handleError(javax.servlet.http.HttpServletRequest)
2019-02-28 10:38:36,552 [main] WARN  [com.netflix.config.sources.URLConfigurationSource] URLConfigurationSource.java:121 - No URLs will be polled as dynamic configuration sources.
2019-02-28 10:38:36,553 [main] INFO  [com.netflix.config.sources.URLConfigurationSource] URLConfigurationSource.java:122 - To enable URLs as dynamic configuration sources, define System property archaius.configurationSource.additionalUrls or make config.properties available on classpath.
2019-02-28 10:38:36,695 [main] INFO  [o.s.web.servlet.handler.SimpleUrlHandlerMapping] AbstractUrlHandlerMapping.java:373 - Mapped URL path [/**/favicon.ico] onto handler of type [class org.springframework.web.servlet.resource.ResourceHttpRequestHandler]
2019-02-28 10:38:36,832 [main] INFO  [o.s.w.s.m.m.a.RequestMappingHandlerAdapter] RequestMappingHandlerAdapter.java:588 - Looking for @ControllerAdvice: org.springframework.boot.web.servlet.context.AnnotationConfigServletWebServerApplicationContext@68c7ef83: startup date [Thu Feb 28 10:38:31 CST 2019]; parent: org.springframework.context.annotation.AnnotationConfigApplicationContext@70e9c95d
2019-02-28 10:38:36,891 [main] INFO  [o.s.w.s.m.m.a.RequestMappingHandlerMapping] AbstractHandlerMethodMapping.java:550 - Mapped "{[/oauth/listToken],methods=[POST]}" onto public com.pig4cloud.pig.common.core.util.R com.pig4cloud.pig.auth.endpoint.PigTokenEndpoint.tokenList(java.util.Map<java.lang.String, java.lang.Object>,java.lang.String)
2019-02-28 10:38:36,891 [main] INFO  [o.s.w.s.m.m.a.RequestMappingHandlerMapping] AbstractHandlerMethodMapping.java:550 - Mapped "{[/oauth/removeToken],methods=[GET]}" onto public com.pig4cloud.pig.common.core.util.R<java.lang.Boolean> com.pig4cloud.pig.auth.endpoint.PigTokenEndpoint.logout(java.lang.String)
2019-02-28 10:38:36,892 [main] INFO  [o.s.w.s.m.m.a.RequestMappingHandlerMapping] AbstractHandlerMethodMapping.java:550 - Mapped "{[/oauth/delToken/{token}],methods=[DELETE]}" onto public com.pig4cloud.pig.common.core.util.R<java.lang.Boolean> com.pig4cloud.pig.auth.endpoint.PigTokenEndpoint.delToken(java.lang.String,java.lang.String)
2019-02-28 10:38:36,894 [main] INFO  [o.s.w.s.m.m.a.RequestMappingHandlerMapping] AbstractHandlerMethodMapping.java:550 - Mapped "{[/error]}" onto public org.springframework.http.ResponseEntity<java.util.Map<java.lang.String, java.lang.Object>> org.springframework.boot.autoconfigure.web.servlet.error.BasicErrorController.error(javax.servlet.http.HttpServletRequest)
2019-02-28 10:38:36,894 [main] INFO  [o.s.w.s.m.m.a.RequestMappingHandlerMapping] AbstractHandlerMethodMapping.java:550 - Mapped "{[/error],produces=[text/html]}" onto public org.springframework.web.servlet.ModelAndView org.springframework.boot.autoconfigure.web.servlet.error.BasicErrorController.errorHtml(javax.servlet.http.HttpServletRequest,javax.servlet.http.HttpServletResponse)
2019-02-28 10:38:36,940 [main] INFO  [o.s.web.servlet.handler.SimpleUrlHandlerMapping] AbstractUrlHandlerMapping.java:373 - Mapped URL path [/webjars/**] onto handler of type [class org.springframework.web.servlet.resource.ResourceHttpRequestHandler]
2019-02-28 10:38:36,940 [main] INFO  [o.s.web.servlet.handler.SimpleUrlHandlerMapping] AbstractUrlHandlerMapping.java:373 - Mapped URL path [/**] onto handler of type [class org.springframework.web.servlet.resource.ResourceHttpRequestHandler]
2019-02-28 10:38:36,964 [main] INFO  [o.s.w.s.m.m.a.ExceptionHandlerExceptionResolver] ExceptionHandlerExceptionResolver.java:288 - Detected @ExceptionHandler methods in com.pig4cloud.pig.common.core.exception.GlobalExceptionHandler
2019-02-28 10:38:38,428 [main] INFO  [o.s.security.web.DefaultSecurityFilterChain] DefaultSecurityFilterChain.java:43 - Creating filter chain: OrRequestMatcher [requestMatchers=[Ant [pattern='/oauth/token'], Ant [pattern='/oauth/token_key'], Ant [pattern='/oauth/check_token']]], [org.springframework.security.web.context.request.async.WebAsyncManagerIntegrationFilter@3e73f5e7, org.springframework.security.web.context.SecurityContextPersistenceFilter@1e1598e5, org.springframework.security.web.header.HeaderWriterFilter@62615be, org.springframework.security.web.authentication.logout.LogoutFilter@bc4a9b0, org.springframework.security.oauth2.provider.client.ClientCredentialsTokenEndpointFilter@767b9d66, org.springframework.security.web.authentication.www.BasicAuthenticationFilter@14293540, org.springframework.security.web.savedrequest.RequestCacheAwareFilter@34e4fb39, org.springframework.security.web.servletapi.SecurityContextHolderAwareRequestFilter@a97a895, org.springframework.security.web.authentication.AnonymousAuthenticationFilter@495bc9e7, org.springframework.security.web.session.SessionManagementFilter@67a3dd86, org.springframework.security.web.access.ExceptionTranslationFilter@510203de, org.springframework.security.web.access.intercept.FilterSecurityInterceptor@33b2ba25]
2019-02-28 10:38:38,433 [main] INFO  [o.s.security.web.DefaultSecurityFilterChain] DefaultSecurityFilterChain.java:43 - Creating filter chain: org.springframework.security.web.util.matcher.AnyRequestMatcher@1, [org.springframework.security.web.context.request.async.WebAsyncManagerIntegrationFilter@7d3815f7, org.springframework.security.web.context.SecurityContextPersistenceFilter@26be0d23, org.springframework.security.web.header.HeaderWriterFilter@259aec72, org.springframework.security.web.authentication.logout.LogoutFilter@fabfc79, org.springframework.security.web.savedrequest.RequestCacheAwareFilter@576b385d, org.springframework.security.web.servletapi.SecurityContextHolderAwareRequestFilter@2560a7be, org.springframework.security.web.authentication.AnonymousAuthenticationFilter@b87ea8b, org.springframework.security.web.session.SessionManagementFilter@36d39655, org.springframework.security.web.access.ExceptionTranslationFilter@3e89f5bc, org.springframework.security.web.access.intercept.FilterSecurityInterceptor@16c9e378]
2019-02-28 10:38:38,472 [main] INFO  [o.s.b.actuate.endpoint.web.EndpointLinksResolver] EndpointLinksResolver.java:59 - Exposing 20 endpoint(s) beneath base path '/actuator'
2019-02-28 10:38:38,489 [main] INFO  [o.s.b.a.e.web.servlet.WebMvcEndpointHandlerMapping] AbstractHandlerMethodMapping.java:550 - Mapped "{[/actuator/archaius],methods=[GET],produces=[application/vnd.spring-boot.actuator.v2+json || application/json]}" onto public java.lang.Object org.springframework.boot.actuate.endpoint.web.servlet.AbstractWebMvcEndpointHandlerMapping$OperationHandler.handle(javax.servlet.http.HttpServletRequest,java.util.Map<java.lang.String, java.lang.String>)
2019-02-28 10:38:38,491 [main] INFO  [o.s.b.a.e.web.servlet.WebMvcEndpointHandlerMapping] AbstractHandlerMethodMapping.java:550 - Mapped "{[/actuator/auditevents],methods=[GET],produces=[application/vnd.spring-boot.actuator.v2+json || application/json]}" onto public java.lang.Object org.springframework.boot.actuate.endpoint.web.servlet.AbstractWebMvcEndpointHandlerMapping$OperationHandler.handle(javax.servlet.http.HttpServletRequest,java.util.Map<java.lang.String, java.lang.String>)
2019-02-28 10:38:38,491 [main] INFO  [o.s.b.a.e.web.servlet.WebMvcEndpointHandlerMapping] AbstractHandlerMethodMapping.java:550 - Mapped "{[/actuator/beans],methods=[GET],produces=[application/vnd.spring-boot.actuator.v2+json || application/json]}" onto public java.lang.Object org.springframework.boot.actuate.endpoint.web.servlet.AbstractWebMvcEndpointHandlerMapping$OperationHandler.handle(javax.servlet.http.HttpServletRequest,java.util.Map<java.lang.String, java.lang.String>)
2019-02-28 10:38:38,491 [main] INFO  [o.s.b.a.e.web.servlet.WebMvcEndpointHandlerMapping] AbstractHandlerMethodMapping.java:550 - Mapped "{[/actuator/health],methods=[GET],produces=[application/vnd.spring-boot.actuator.v2+json || application/json]}" onto public java.lang.Object org.springframework.boot.actuate.endpoint.web.servlet.AbstractWebMvcEndpointHandlerMapping$OperationHandler.handle(javax.servlet.http.HttpServletRequest,java.util.Map<java.lang.String, java.lang.String>)
2019-02-28 10:38:38,492 [main] INFO  [o.s.b.a.e.web.servlet.WebMvcEndpointHandlerMapping] AbstractHandlerMethodMapping.java:550 - Mapped "{[/actuator/conditions],methods=[GET],produces=[application/vnd.spring-boot.actuator.v2+json || application/json]}" onto public java.lang.Object org.springframework.boot.actuate.endpoint.web.servlet.AbstractWebMvcEndpointHandlerMapping$OperationHandler.handle(javax.servlet.http.HttpServletRequest,java.util.Map<java.lang.String, java.lang.String>)
2019-02-28 10:38:38,492 [main] INFO  [o.s.b.a.e.web.servlet.WebMvcEndpointHandlerMapping] AbstractHandlerMethodMapping.java:550 - Mapped "{[/actuator/configprops],methods=[GET],produces=[application/vnd.spring-boot.actuator.v2+json || application/json]}" onto public java.lang.Object org.springframework.boot.actuate.endpoint.web.servlet.AbstractWebMvcEndpointHandlerMapping$OperationHandler.handle(javax.servlet.http.HttpServletRequest,java.util.Map<java.lang.String, java.lang.String>)
2019-02-28 10:38:38,492 [main] INFO  [o.s.b.a.e.web.servlet.WebMvcEndpointHandlerMapping] AbstractHandlerMethodMapping.java:550 - Mapped "{[/actuator/env],methods=[GET],produces=[application/vnd.spring-boot.actuator.v2+json || application/json]}" onto public java.lang.Object org.springframework.boot.actuate.endpoint.web.servlet.AbstractWebMvcEndpointHandlerMapping$OperationHandler.handle(javax.servlet.http.HttpServletRequest,java.util.Map<java.lang.String, java.lang.String>)
2019-02-28 10:38:38,493 [main] INFO  [o.s.b.a.e.web.servlet.WebMvcEndpointHandlerMapping] AbstractHandlerMethodMapping.java:550 - Mapped "{[/actuator/env/{toMatch}],methods=[GET],produces=[application/vnd.spring-boot.actuator.v2+json || application/json]}" onto public java.lang.Object org.springframework.boot.actuate.endpoint.web.servlet.AbstractWebMvcEndpointHandlerMapping$OperationHandler.handle(javax.servlet.http.HttpServletRequest,java.util.Map<java.lang.String, java.lang.String>)
2019-02-28 10:38:38,494 [main] INFO  [o.s.b.a.e.web.servlet.WebMvcEndpointHandlerMapping] AbstractHandlerMethodMapping.java:550 - Mapped "{[/actuator/env],methods=[POST],consumes=[application/vnd.spring-boot.actuator.v2+json || application/json],produces=[application/vnd.spring-boot.actuator.v2+json || application/json]}" onto public java.lang.Object org.springframework.boot.actuate.endpoint.web.servlet.AbstractWebMvcEndpointHandlerMapping$OperationHandler.handle(javax.servlet.http.HttpServletRequest,java.util.Map<java.lang.String, java.lang.String>)
2019-02-28 10:38:38,494 [main] INFO  [o.s.b.a.e.web.servlet.WebMvcEndpointHandlerMapping] AbstractHandlerMethodMapping.java:550 - Mapped "{[/actuator/env],methods=[DELETE],produces=[application/vnd.spring-boot.actuator.v2+json || application/json]}" onto public java.lang.Object org.springframework.boot.actuate.endpoint.web.servlet.AbstractWebMvcEndpointHandlerMapping$OperationHandler.handle(javax.servlet.http.HttpServletRequest,java.util.Map<java.lang.String, java.lang.String>)
2019-02-28 10:38:38,494 [main] INFO  [o.s.b.a.e.web.servlet.WebMvcEndpointHandlerMapping] AbstractHandlerMethodMapping.java:550 - Mapped "{[/actuator/info],methods=[GET],produces=[application/vnd.spring-boot.actuator.v2+json || application/json]}" onto public java.lang.Object org.springframework.boot.actuate.endpoint.web.servlet.AbstractWebMvcEndpointHandlerMapping$OperationHandler.handle(javax.servlet.http.HttpServletRequest,java.util.Map<java.lang.String, java.lang.String>)
2019-02-28 10:38:38,495 [main] INFO  [o.s.b.a.e.web.servlet.WebMvcEndpointHandlerMapping] AbstractHandlerMethodMapping.java:550 - Mapped "{[/actuator/loggers],methods=[GET],produces=[application/vnd.spring-boot.actuator.v2+json || application/json]}" onto public java.lang.Object org.springframework.boot.actuate.endpoint.web.servlet.AbstractWebMvcEndpointHandlerMapping$OperationHandler.handle(javax.servlet.http.HttpServletRequest,java.util.Map<java.lang.String, java.lang.String>)
2019-02-28 10:38:38,495 [main] INFO  [o.s.b.a.e.web.servlet.WebMvcEndpointHandlerMapping] AbstractHandlerMethodMapping.java:550 - Mapped "{[/actuator/loggers/{name}],methods=[POST],consumes=[application/vnd.spring-boot.actuator.v2+json || application/json]}" onto public java.lang.Object org.springframework.boot.actuate.endpoint.web.servlet.AbstractWebMvcEndpointHandlerMapping$OperationHandler.handle(javax.servlet.http.HttpServletRequest,java.util.Map<java.lang.String, java.lang.String>)
2019-02-28 10:38:38,495 [main] INFO  [o.s.b.a.e.web.servlet.WebMvcEndpointHandlerMapping] AbstractHandlerMethodMapping.java:550 - Mapped "{[/actuator/loggers/{name}],methods=[GET],produces=[application/vnd.spring-boot.actuator.v2+json || application/json]}" onto public java.lang.Object org.springframework.boot.actuate.endpoint.web.servlet.AbstractWebMvcEndpointHandlerMapping$OperationHandler.handle(javax.servlet.http.HttpServletRequest,java.util.Map<java.lang.String, java.lang.String>)
2019-02-28 10:38:38,496 [main] INFO  [o.s.b.a.e.web.servlet.WebMvcEndpointHandlerMapping] AbstractHandlerMethodMapping.java:550 - Mapped "{[/actuator/heapdump],methods=[GET],produces=[application/octet-stream]}" onto public java.lang.Object org.springframework.boot.actuate.endpoint.web.servlet.AbstractWebMvcEndpointHandlerMapping$OperationHandler.handle(javax.servlet.http.HttpServletRequest,java.util.Map<java.lang.String, java.lang.String>)
2019-02-28 10:38:38,496 [main] INFO  [o.s.b.a.e.web.servlet.WebMvcEndpointHandlerMapping] AbstractHandlerMethodMapping.java:550 - Mapped "{[/actuator/threaddump],methods=[GET],produces=[application/vnd.spring-boot.actuator.v2+json || application/json]}" onto public java.lang.Object org.springframework.boot.actuate.endpoint.web.servlet.AbstractWebMvcEndpointHandlerMapping$OperationHandler.handle(javax.servlet.http.HttpServletRequest,java.util.Map<java.lang.String, java.lang.String>)
2019-02-28 10:38:38,497 [main] INFO  [o.s.b.a.e.web.servlet.WebMvcEndpointHandlerMapping] AbstractHandlerMethodMapping.java:550 - Mapped "{[/actuator/metrics/{requiredMetricName}],methods=[GET],produces=[application/vnd.spring-boot.actuator.v2+json || application/json]}" onto public java.lang.Object org.springframework.boot.actuate.endpoint.web.servlet.AbstractWebMvcEndpointHandlerMapping$OperationHandler.handle(javax.servlet.http.HttpServletRequest,java.util.Map<java.lang.String, java.lang.String>)
2019-02-28 10:38:38,497 [main] INFO  [o.s.b.a.e.web.servlet.WebMvcEndpointHandlerMapping] AbstractHandlerMethodMapping.java:550 - Mapped "{[/actuator/metrics],methods=[GET],produces=[application/vnd.spring-boot.actuator.v2+json || application/json]}" onto public java.lang.Object org.springframework.boot.actuate.endpoint.web.servlet.AbstractWebMvcEndpointHandlerMapping$OperationHandler.handle(javax.servlet.http.HttpServletRequest,java.util.Map<java.lang.String, java.lang.String>)
2019-02-28 10:38:38,497 [main] INFO  [o.s.b.a.e.web.servlet.WebMvcEndpointHandlerMapping] AbstractHandlerMethodMapping.java:550 - Mapped "{[/actuator/scheduledtasks],methods=[GET],produces=[application/vnd.spring-boot.actuator.v2+json || application/json]}" onto public java.lang.Object org.springframework.boot.actuate.endpoint.web.servlet.AbstractWebMvcEndpointHandlerMapping$OperationHandler.handle(javax.servlet.http.HttpServletRequest,java.util.Map<java.lang.String, java.lang.String>)
2019-02-28 10:38:38,497 [main] INFO  [o.s.b.a.e.web.servlet.WebMvcEndpointHandlerMapping] AbstractHandlerMethodMapping.java:550 - Mapped "{[/actuator/httptrace],methods=[GET],produces=[application/vnd.spring-boot.actuator.v2+json || application/json]}" onto public java.lang.Object org.springframework.boot.actuate.endpoint.web.servlet.AbstractWebMvcEndpointHandlerMapping$OperationHandler.handle(javax.servlet.http.HttpServletRequest,java.util.Map<java.lang.String, java.lang.String>)
2019-02-28 10:38:38,498 [main] INFO  [o.s.b.a.e.web.servlet.WebMvcEndpointHandlerMapping] AbstractHandlerMethodMapping.java:550 - Mapped "{[/actuator/mappings],methods=[GET],produces=[application/vnd.spring-boot.actuator.v2+json || application/json]}" onto public java.lang.Object org.springframework.boot.actuate.endpoint.web.servlet.AbstractWebMvcEndpointHandlerMapping$OperationHandler.handle(javax.servlet.http.HttpServletRequest,java.util.Map<java.lang.String, java.lang.String>)
2019-02-28 10:38:38,498 [main] INFO  [o.s.b.a.e.web.servlet.WebMvcEndpointHandlerMapping] AbstractHandlerMethodMapping.java:550 - Mapped "{[/actuator/refresh],methods=[POST],produces=[application/vnd.spring-boot.actuator.v2+json || application/json]}" onto public java.lang.Object org.springframework.boot.actuate.endpoint.web.servlet.AbstractWebMvcEndpointHandlerMapping$OperationHandler.handle(javax.servlet.http.HttpServletRequest,java.util.Map<java.lang.String, java.lang.String>)
2019-02-28 10:38:38,498 [main] INFO  [o.s.b.a.e.web.servlet.WebMvcEndpointHandlerMapping] AbstractHandlerMethodMapping.java:550 - Mapped "{[/actuator/features],methods=[GET],produces=[application/vnd.spring-boot.actuator.v2+json || application/json]}" onto public java.lang.Object org.springframework.boot.actuate.endpoint.web.servlet.AbstractWebMvcEndpointHandlerMapping$OperationHandler.handle(javax.servlet.http.HttpServletRequest,java.util.Map<java.lang.String, java.lang.String>)
2019-02-28 10:38:38,499 [main] INFO  [o.s.b.a.e.web.servlet.WebMvcEndpointHandlerMapping] AbstractHandlerMethodMapping.java:550 - Mapped "{[/actuator/service-registry],methods=[GET],produces=[application/vnd.spring-boot.actuator.v2+json || application/json]}" onto public java.lang.Object org.springframework.boot.actuate.endpoint.web.servlet.AbstractWebMvcEndpointHandlerMapping$OperationHandler.handle(javax.servlet.http.HttpServletRequest,java.util.Map<java.lang.String, java.lang.String>)
2019-02-28 10:38:38,499 [main] INFO  [o.s.b.a.e.web.servlet.WebMvcEndpointHandlerMapping] AbstractHandlerMethodMapping.java:550 - Mapped "{[/actuator/service-registry],methods=[POST],consumes=[application/vnd.spring-boot.actuator.v2+json || application/json],produces=[application/vnd.spring-boot.actuator.v2+json || application/json]}" onto public java.lang.Object org.springframework.boot.actuate.endpoint.web.servlet.AbstractWebMvcEndpointHandlerMapping$OperationHandler.handle(javax.servlet.http.HttpServletRequest,java.util.Map<java.lang.String, java.lang.String>)
2019-02-28 10:38:38,500 [main] INFO  [o.s.b.a.e.web.servlet.WebMvcEndpointHandlerMapping] AbstractHandlerMethodMapping.java:550 - Mapped "{[/actuator],methods=[GET],produces=[application/vnd.spring-boot.actuator.v2+json || application/json]}" onto protected java.util.Map<java.lang.String, java.util.Map<java.lang.String, org.springframework.boot.actuate.endpoint.web.Link>> org.springframework.boot.actuate.endpoint.web.servlet.WebMvcEndpointHandlerMapping.links(javax.servlet.http.HttpServletRequest,javax.servlet.http.HttpServletResponse)
2019-02-28 10:38:38,768 [main] INFO  [com.netflix.discovery.DiscoveryClient] DiscoveryClient.java:888 - Shutting down DiscoveryClient ...
2019-02-28 10:38:38,776 [main] INFO  [com.netflix.discovery.DiscoveryClient] DiscoveryClient.java:911 - Completed shut down of DiscoveryClient
2019-02-28 10:38:38,853 [main] INFO  [o.s.jmx.export.annotation.AnnotationMBeanExporter] MBeanExporter.java:433 - Registering beans for JMX exposure on startup
2019-02-28 10:38:38,855 [main] INFO  [o.s.jmx.export.annotation.AnnotationMBeanExporter] MBeanExporter.java:895 - Bean with name 'dataSource' has been autodetected for JMX exposure
2019-02-28 10:38:38,865 [main] INFO  [o.s.jmx.export.annotation.AnnotationMBeanExporter] MBeanExporter.java:895 - Bean with name 'environmentManager' has been autodetected for JMX exposure
2019-02-28 10:38:38,866 [main] INFO  [o.s.jmx.export.annotation.AnnotationMBeanExporter] MBeanExporter.java:895 - Bean with name 'refreshScope' has been autodetected for JMX exposure
2019-02-28 10:38:38,868 [main] INFO  [o.s.jmx.export.annotation.AnnotationMBeanExporter] MBeanExporter.java:895 - Bean with name 'configurationPropertiesRebinder' has been autodetected for JMX exposure
2019-02-28 10:38:38,871 [main] INFO  [o.s.jmx.export.annotation.AnnotationMBeanExporter] MBeanExporter.java:675 - Located managed bean 'environmentManager': registering with JMX server as MBean [org.springframework.cloud.context.environment:name=environmentManager,type=EnvironmentManager]
2019-02-28 10:38:38,882 [main] INFO  [o.s.jmx.export.annotation.AnnotationMBeanExporter] MBeanExporter.java:675 - Located managed bean 'refreshScope': registering with JMX server as MBean [org.springframework.cloud.context.scope.refresh:name=refreshScope,type=RefreshScope]
2019-02-28 10:38:38,893 [main] INFO  [o.s.jmx.export.annotation.AnnotationMBeanExporter] MBeanExporter.java:675 - Located managed bean 'configurationPropertiesRebinder': registering with JMX server as MBean [org.springframework.cloud.context.properties:name=configurationPropertiesRebinder,context=68c7ef83,type=ConfigurationPropertiesRebinder]
2019-02-28 10:38:38,902 [main] INFO  [o.s.jmx.export.annotation.AnnotationMBeanExporter] MBeanExporter.java:668 - Located MBean 'dataSource': registering with JMX server as MBean [com.zaxxer.hikari:name=dataSource,type=HikariDataSource]
2019-02-28 10:38:38,928 [main] INFO  [o.s.context.support.DefaultLifecycleProcessor] DefaultLifecycleProcessor.java:356 - Starting beans in phase 0
2019-02-28 10:38:38,941 [main] INFO  [o.s.cloud.netflix.eureka.InstanceInfoFactory] InstanceInfoFactory.java:71 - Setting initial instance status as: STARTING
2019-02-28 10:38:38,946 [main] INFO  [com.netflix.discovery.DiscoveryClient] DiscoveryClient.java:349 - Initializing Eureka in region us-east-1
2019-02-28 10:38:38,949 [main] INFO  [c.n.discovery.provider.DiscoveryJerseyProvider] DiscoveryJerseyProvider.java:70 - Using JSON encoding codec LegacyJacksonJson
2019-02-28 10:38:38,950 [main] INFO  [c.n.discovery.provider.DiscoveryJerseyProvider] DiscoveryJerseyProvider.java:71 - Using JSON decoding codec LegacyJacksonJson
2019-02-28 10:38:38,950 [main] INFO  [c.n.discovery.provider.DiscoveryJerseyProvider] DiscoveryJerseyProvider.java:80 - Using XML encoding codec XStreamXml
2019-02-28 10:38:38,950 [main] INFO  [c.n.discovery.provider.DiscoveryJerseyProvider] DiscoveryJerseyProvider.java:81 - Using XML decoding codec XStreamXml
2019-02-28 10:38:39,020 [main] INFO  [c.n.d.shared.resolver.aws.ConfigClusterResolver] ConfigClusterResolver.java:43 - Resolving eureka endpoints via configuration
2019-02-28 10:38:39,022 [main] INFO  [com.netflix.discovery.DiscoveryClient] DiscoveryClient.java:958 - Disable delta property : false
2019-02-28 10:38:39,022 [main] INFO  [com.netflix.discovery.DiscoveryClient] DiscoveryClient.java:959 - Single vip registry refresh property : null
2019-02-28 10:38:39,022 [main] INFO  [com.netflix.discovery.DiscoveryClient] DiscoveryClient.java:960 - Force full registry fetch : false
2019-02-28 10:38:39,022 [main] INFO  [com.netflix.discovery.DiscoveryClient] DiscoveryClient.java:961 - Application is null : false
2019-02-28 10:38:39,023 [main] INFO  [com.netflix.discovery.DiscoveryClient] DiscoveryClient.java:962 - Registered Applications size is zero : true
2019-02-28 10:38:39,023 [main] INFO  [com.netflix.discovery.DiscoveryClient] DiscoveryClient.java:964 - Application version is -1: true
2019-02-28 10:38:39,023 [main] INFO  [com.netflix.discovery.DiscoveryClient] DiscoveryClient.java:1047 - Getting all instance registry info from the eureka server
2019-02-28 10:38:39,031 [main] INFO  [com.netflix.discovery.DiscoveryClient] DiscoveryClient.java:1056 - The response status is 200
2019-02-28 10:38:39,032 [main] INFO  [com.netflix.discovery.DiscoveryClient] DiscoveryClient.java:1264 - Starting heartbeat executor: renew interval is: 30
2019-02-28 10:38:39,034 [main] INFO  [com.netflix.discovery.InstanceInfoReplicator] InstanceInfoReplicator.java:60 - InstanceInfoReplicator onDemand update allowed rate per min is 4
2019-02-28 10:38:39,036 [main] INFO  [com.netflix.discovery.DiscoveryClient] DiscoveryClient.java:449 - Discovery Client initialized at timestamp 1551321519036 with initial instances count: 2
2019-02-28 10:38:39,046 [main] INFO  [o.s.c.n.e.serviceregistry.EurekaServiceRegistry] EurekaServiceRegistry.java:42 - Registering application PIG-AUTH with eureka with status UP
2019-02-28 10:38:39,047 [main] INFO  [com.netflix.discovery.DiscoveryClient] DiscoveryClient.java:1299 - Saw local status change event StatusChangeEvent [timestamp=1551321519047, current=UP, previous=STARTING]
2019-02-28 10:38:39,049 [DiscoveryClient-InstanceInfoReplicator-0] INFO  [com.netflix.discovery.DiscoveryClient] DiscoveryClient.java:826 - DiscoveryClient_PIG-AUTH/192.168.1.114:pig-auth:3000: registering service...
2019-02-28 10:38:39,090 [DiscoveryClient-InstanceInfoReplicator-0] INFO  [com.netflix.discovery.DiscoveryClient] DiscoveryClient.java:835 - DiscoveryClient_PIG-AUTH/192.168.1.114:pig-auth:3000 - registration status: 204
2019-02-28 10:38:39,146 [main] INFO  [o.s.b.w.embedded.undertow.UndertowServletWebServer] UndertowServletWebServer.java:148 - Undertow started on port(s) 3000 (http) with context path ''
2019-02-28 10:38:39,147 [main] INFO  [o.s.c.n.e.s.EurekaAutoServiceRegistration] EurekaAutoServiceRegistration.java:124 - Updating port to 3000
2019-02-28 10:38:39,150 [main] INFO  [com.pig4cloud.pig.auth.PigAuthApplication] StartupInfoLogger.java:59 - Started PigAuthApplication in 12.975 seconds (JVM running for 14.643)
2019-02-28 10:38:40,105 [RMI TCP Connection(6)-127.0.0.1] INFO  [io.undertow.servlet] ServletContextImpl.java:360 - Initializing Spring FrameworkServlet 'dispatcherServlet'
2019-02-28 10:38:40,105 [RMI TCP Connection(6)-127.0.0.1] INFO  [org.springframework.web.servlet.DispatcherServlet] FrameworkServlet.java:497 - FrameworkServlet 'dispatcherServlet': initialization started
2019-02-28 10:38:40,109 [RMI TCP Connection(7)-127.0.0.1] INFO  [com.zaxxer.hikari.HikariDataSource] HikariDataSource.java:110 - HikariPool-1 - Starting...
2019-02-28 10:38:40,133 [RMI TCP Connection(6)-127.0.0.1] INFO  [org.springframework.web.servlet.DispatcherServlet] FrameworkServlet.java:512 - FrameworkServlet 'dispatcherServlet': initialization completed in 28 ms
2019-02-28 10:38:40,399 [RMI TCP Connection(7)-127.0.0.1] INFO  [com.zaxxer.hikari.HikariDataSource] HikariDataSource.java:123 - HikariPool-1 - Start completed.
2019-02-28 10:38:40,426 [RMI TCP Connection(7)-127.0.0.1] INFO  [o.s.c.c.client.ConfigServicePropertySourceLocator] ConfigServicePropertySourceLocator.java:205 - Fetching config from server at : http://192.168.1.114:8888/
2019-02-28 10:38:40,901 [RMI TCP Connection(7)-127.0.0.1] INFO  [o.s.c.c.client.ConfigServicePropertySourceLocator] ConfigServicePropertySourceLocator.java:149 - Located environment: name=pig-auth, profiles=[dev], label=null, version=null, state=null
2019-02-28 10:38:40,981 [RMI TCP Connection(7)-127.0.0.1] INFO  [io.lettuce.core.EpollProvider] EpollProvider.java:68 - Starting without optional epoll library
2019-02-28 10:38:40,983 [RMI TCP Connection(7)-127.0.0.1] INFO  [io.lettuce.core.KqueueProvider] KqueueProvider.java:70 - Starting without optional kqueue library
2019-02-28 10:43:39,034 [AsyncResolver-bootstrap-executor-0] INFO  [c.n.d.shared.resolver.aws.ConfigClusterResolver] ConfigClusterResolver.java:43 - Resolving eureka endpoints via configuration
2019-02-28 10:48:39,064 [AsyncResolver-bootstrap-executor-0] INFO  [c.n.d.shared.resolver.aws.ConfigClusterResolver] ConfigClusterResolver.java:43 - Resolving eureka endpoints via configuration
2019-02-28 10:53:39,065 [AsyncResolver-bootstrap-executor-0] INFO  [c.n.d.shared.resolver.aws.ConfigClusterResolver] ConfigClusterResolver.java:43 - Resolving eureka endpoints via configuration
2019-02-28 10:57:54,130 [XNIO-2 task-1] INFO  [c.p.p.a.h.PigAuthenticationSuccessEventHandler] PigAuthenticationSuccessEventHandler.java:41 - com.pig4cloud.pig.common.security.service.PigUser@586034f: Username: admin; Password: [PROTECTED]; Enabled: true; AccountNonExpired: true; credentialsNonExpired: true; AccountNonLocked: true; Granted Authorities: ROLE_1,sys_client_add,sys_client_del,sys_client_edit,sys_dept_add,sys_dept_del,sys_dept_edit,sys_dict_add,sys_dict_del,sys_dict_edit,sys_log_del,sys_menu_add,sys_menu_del,sys_menu_edit,sys_role_add,sys_role_del,sys_role_edit,sys_role_perm,sys_token_del,sys_user_add,sys_user_del,sys_user_edit 
2019-02-28 10:58:39,069 [AsyncResolver-bootstrap-executor-0] INFO  [c.n.d.shared.resolver.aws.ConfigClusterResolver] ConfigClusterResolver.java:43 - Resolving eureka endpoints via configuration
2019-02-28 11:00:06,891 [XNIO-2 task-3] INFO  [c.p.p.a.h.PigAuthenticationSuccessEventHandler] PigAuthenticationSuccessEventHandler.java:41 - com.pig4cloud.pig.common.security.service.PigUser@586034f: Username: admin; Password: [PROTECTED]; Enabled: true; AccountNonExpired: true; credentialsNonExpired: true; AccountNonLocked: true; Granted Authorities: ROLE_1,sys_client_add,sys_client_del,sys_client_edit,sys_dept_add,sys_dept_del,sys_dept_edit,sys_dict_add,sys_dict_del,sys_dict_edit,sys_log_del,sys_menu_add,sys_menu_del,sys_menu_edit,sys_role_add,sys_role_del,sys_role_edit,sys_role_perm,sys_token_del,sys_user_add,sys_user_del,sys_user_edit 
2019-02-28 11:03:39,074 [AsyncResolver-bootstrap-executor-0] INFO  [c.n.d.shared.resolver.aws.ConfigClusterResolver] ConfigClusterResolver.java:43 - Resolving eureka endpoints via configuration
2019-02-28 11:08:39,077 [AsyncResolver-bootstrap-executor-0] INFO  [c.n.d.shared.resolver.aws.ConfigClusterResolver] ConfigClusterResolver.java:43 - Resolving eureka endpoints via configuration
2019-02-28 11:13:39,080 [AsyncResolver-bootstrap-executor-0] INFO  [c.n.d.shared.resolver.aws.ConfigClusterResolver] ConfigClusterResolver.java:43 - Resolving eureka endpoints via configuration
2019-02-28 11:18:39,084 [AsyncResolver-bootstrap-executor-0] INFO  [c.n.d.shared.resolver.aws.ConfigClusterResolver] ConfigClusterResolver.java:43 - Resolving eureka endpoints via configuration
2019-02-28 11:23:39,087 [AsyncResolver-bootstrap-executor-0] INFO  [c.n.d.shared.resolver.aws.ConfigClusterResolver] ConfigClusterResolver.java:43 - Resolving eureka endpoints via configuration
2019-02-28 11:28:39,090 [AsyncResolver-bootstrap-executor-0] INFO  [c.n.d.shared.resolver.aws.ConfigClusterResolver] ConfigClusterResolver.java:43 - Resolving eureka endpoints via configuration
