2019-03-27 17:33:39,147 [main] INFO  [o.s.c.a.AnnotationConfigApplicationContext] AbstractApplicationContext.java:588 - Refreshing org.springframework.context.annotation.AnnotationConfigApplicationContext@67f639d3: startup date [Wed Mar 27 17:33:39 CST 2019]; root of context hierarchy
2019-03-27 17:33:39,595 [main] INFO  [c.u.j.c.EnableEncryptablePropertiesBeanFactoryPostProcessor] EnableEncryptablePropertiesBeanFactoryPostProcessor.java:50 - Post-processing PropertySource instances
2019-03-27 17:33:39,676 [main] INFO  [c.u.j.EncryptablePropertySourceConverter] EncryptablePropertySourceConverter.java:38 - Converting PropertySource configurationProperties [org.springframework.boot.context.properties.source.ConfigurationPropertySourcesPropertySource] to AOP Proxy
2019-03-27 17:33:39,678 [main] INFO  [c.u.j.EncryptablePropertySourceConverter] EncryptablePropertySourceConverter.java:38 - Converting PropertySource bootstrap [org.springframework.core.env.MapPropertySource] to EncryptableMapPropertySourceWrapper
2019-03-27 17:33:39,678 [main] INFO  [c.u.j.EncryptablePropertySourceConverter] EncryptablePropertySourceConverter.java:38 - Converting PropertySource systemProperties [org.springframework.core.env.MapPropertySource] to EncryptableMapPropertySourceWrapper
2019-03-27 17:33:39,678 [main] INFO  [c.u.j.EncryptablePropertySourceConverter] EncryptablePropertySourceConverter.java:38 - Converting PropertySource systemEnvironment [org.springframework.boot.env.SystemEnvironmentPropertySourceEnvironmentPostProcessor$OriginAwareSystemEnvironmentPropertySource] to EncryptableMapPropertySourceWrapper
2019-03-27 17:33:39,679 [main] INFO  [c.u.j.EncryptablePropertySourceConverter] EncryptablePropertySourceConverter.java:38 - Converting PropertySource random [org.springframework.boot.env.RandomValuePropertySource] to EncryptablePropertySourceWrapper
2019-03-27 17:33:39,679 [main] INFO  [c.u.j.EncryptablePropertySourceConverter] EncryptablePropertySourceConverter.java:38 - Converting PropertySource springCloudClientHostInfo [org.springframework.core.env.MapPropertySource] to EncryptableMapPropertySourceWrapper
2019-03-27 17:33:39,679 [main] INFO  [c.u.j.EncryptablePropertySourceConverter] EncryptablePropertySourceConverter.java:38 - Converting PropertySource applicationConfig: [classpath:/bootstrap.yml] [org.springframework.boot.env.OriginTrackedMapPropertySource] to EncryptableMapPropertySourceWrapper
2019-03-27 17:33:39,692 [main] INFO  [o.s.b.f.a.AutowiredAnnotationBeanPostProcessor] AutowiredAnnotationBeanPostProcessor.java:153 - JSR-330 'javax.inject.Inject' annotation found and supported for autowiring
2019-03-27 17:33:39,723 [main] INFO  [o.s.c.s.PostProcessorRegistrationDelegate$BeanPostProcessorChecker] PostProcessorRegistrationDelegate.java:326 - Bean 'configurationPropertiesRebinderAutoConfiguration' of type [org.springframework.cloud.autoconfigure.ConfigurationPropertiesRebinderAutoConfiguration$$EnhancerBySpringCGLIB$$4267f84] is not eligible for getting processed by all BeanPostProcessors (for example: not eligible for auto-proxying)
2019-03-27 17:33:39,756 [main] INFO  [c.u.j.filter.DefaultLazyPropertyFilter] DefaultLazyPropertyFilter.java:31 - Property Filter custom Bean not found with name 'encryptablePropertyFilter'. Initializing Default Property Filter
2019-03-27 17:33:39,759 [main] INFO  [c.u.j.resolver.DefaultLazyPropertyResolver] DefaultLazyPropertyResolver.java:31 - Property Resolver custom Bean not found with name 'encryptablePropertyResolver'. Initializing Default Property Resolver
2019-03-27 17:33:39,761 [main] INFO  [c.u.j.detector.DefaultLazyPropertyDetector] DefaultLazyPropertyDetector.java:30 - Property Detector custom Bean not found with name 'encryptablePropertyDetector'. Initializing Default Property Detector
2019-03-27 17:33:39,882 [main] INFO  [o.s.cloud.netflix.eureka.InstanceInfoFactory] InstanceInfoFactory.java:71 - Setting initial instance status as: STARTING
2019-03-27 17:33:39,956 [main] INFO  [com.netflix.discovery.DiscoveryClient] DiscoveryClient.java:349 - Initializing Eureka in region us-east-1
2019-03-27 17:33:40,219 [main] INFO  [c.n.discovery.provider.DiscoveryJerseyProvider] DiscoveryJerseyProvider.java:70 - Using JSON encoding codec LegacyJacksonJson
2019-03-27 17:33:40,220 [main] INFO  [c.n.discovery.provider.DiscoveryJerseyProvider] DiscoveryJerseyProvider.java:71 - Using JSON decoding codec LegacyJacksonJson
2019-03-27 17:33:40,355 [main] INFO  [c.n.discovery.provider.DiscoveryJerseyProvider] DiscoveryJerseyProvider.java:80 - Using XML encoding codec XStreamXml
2019-03-27 17:33:40,355 [main] INFO  [c.n.discovery.provider.DiscoveryJerseyProvider] DiscoveryJerseyProvider.java:81 - Using XML decoding codec XStreamXml
2019-03-27 17:33:40,555 [main] INFO  [c.n.d.shared.resolver.aws.ConfigClusterResolver] ConfigClusterResolver.java:43 - Resolving eureka endpoints via configuration
2019-03-27 17:33:40,571 [main] INFO  [com.netflix.discovery.DiscoveryClient] DiscoveryClient.java:958 - Disable delta property : false
2019-03-27 17:33:40,572 [main] INFO  [com.netflix.discovery.DiscoveryClient] DiscoveryClient.java:959 - Single vip registry refresh property : null
2019-03-27 17:33:40,572 [main] INFO  [com.netflix.discovery.DiscoveryClient] DiscoveryClient.java:960 - Force full registry fetch : false
2019-03-27 17:33:40,572 [main] INFO  [com.netflix.discovery.DiscoveryClient] DiscoveryClient.java:961 - Application is null : false
2019-03-27 17:33:40,572 [main] INFO  [com.netflix.discovery.DiscoveryClient] DiscoveryClient.java:962 - Registered Applications size is zero : true
2019-03-27 17:33:40,572 [main] INFO  [com.netflix.discovery.DiscoveryClient] DiscoveryClient.java:964 - Application version is -1: true
2019-03-27 17:33:40,573 [main] INFO  [com.netflix.discovery.DiscoveryClient] DiscoveryClient.java:1047 - Getting all instance registry info from the eureka server
2019-03-27 17:33:40,757 [main] INFO  [com.netflix.discovery.DiscoveryClient] DiscoveryClient.java:1056 - The response status is 200
2019-03-27 17:33:40,761 [main] INFO  [com.netflix.discovery.DiscoveryClient] DiscoveryClient.java:1311 - Not registering with Eureka server per configuration
2019-03-27 17:33:40,765 [main] INFO  [com.netflix.discovery.DiscoveryClient] DiscoveryClient.java:449 - Discovery Client initialized at timestamp 1553679220764 with initial instances count: 9
2019-03-27 17:33:40,962 [main] INFO  [o.s.c.c.client.ConfigServicePropertySourceLocator] ConfigServicePropertySourceLocator.java:205 - Fetching config from server at : http://192.168.1.118:8888/
2019-03-27 17:33:41,535 [main] INFO  [o.s.c.c.client.ConfigServicePropertySourceLocator] ConfigServicePropertySourceLocator.java:149 - Located environment: name=pig-gateway, profiles=[dev], label=null, version=null, state=null
2019-03-27 17:33:41,535 [main] INFO  [o.s.c.b.c.PropertySourceBootstrapConfiguration] PropertySourceBootstrapConfiguration.java:98 - Located property source: CompositePropertySource {name='configService', propertySources=[MapPropertySource {name='classpath:/config/pig-gateway-dev.yml'}, MapPropertySource {name='classpath:/config/application-dev.yml'}]}
2019-03-27 17:33:41,541 [main] INFO  [c.u.j.c.EnableEncryptablePropertiesConfiguration] EnableEncryptablePropertiesConfiguration.java:69 - Bootstraping jasypt-string-boot auto configuration in context: pig-gateway-1
2019-03-27 17:33:41,541 [main] INFO  [com.pig4cloud.pig.gateway.PigGatewayApplication] SpringApplication.java:658 - The following profiles are active: dev
2019-03-27 17:33:41,553 [main] INFO  [o.s.b.w.r.c.AnnotationConfigReactiveWebServerApplicationContext] AbstractApplicationContext.java:588 - Refreshing org.springframework.boot.web.reactive.context.AnnotationConfigReactiveWebServerApplicationContext@6ac0b715: startup date [Wed Mar 27 17:33:41 CST 2019]; parent: org.springframework.context.annotation.AnnotationConfigApplicationContext@67f639d3
2019-03-27 17:33:42,203 [main] INFO  [o.s.b.factory.support.DefaultListableBeanFactory] DefaultListableBeanFactory.java:821 - Overriding bean definition for bean 'hiddenHttpMethodFilter' with a different definition: replacing [Root bean: class [null]; scope=; abstract=false; lazyInit=false; autowireMode=3; dependencyCheck=0; autowireCandidate=true; primary=false; factoryBeanName=org.springframework.boot.autoconfigure.web.reactive.WebFluxAutoConfiguration; factoryMethodName=hiddenHttpMethodFilter; initMethodName=null; destroyMethodName=(inferred); defined in class path resource [org/springframework/boot/autoconfigure/web/reactive/WebFluxAutoConfiguration.class]] with [Root bean: class [null]; scope=; abstract=false; lazyInit=false; autowireMode=3; dependencyCheck=0; autowireCandidate=true; primary=false; factoryBeanName=org.springframework.cloud.gateway.config.GatewayAutoConfiguration; factoryMethodName=hiddenHttpMethodFilter; initMethodName=null; destroyMethodName=(inferred); defined in class path resource [org/springframework/cloud/gateway/config/GatewayAutoConfiguration.class]]
2019-03-27 17:33:42,270 [main] INFO  [o.s.b.factory.support.DefaultListableBeanFactory] DefaultListableBeanFactory.java:821 - Overriding bean definition for bean 'redisTemplate' with a different definition: replacing [Root bean: class [null]; scope=; abstract=false; lazyInit=false; autowireMode=3; dependencyCheck=0; autowireCandidate=true; primary=false; factoryBeanName=org.springframework.boot.autoconfigure.data.redis.RedisAutoConfiguration; factoryMethodName=redisTemplate; initMethodName=null; destroyMethodName=(inferred); defined in class path resource [org/springframework/boot/autoconfigure/data/redis/RedisAutoConfiguration.class]] with [Root bean: class [null]; scope=; abstract=false; lazyInit=false; autowireMode=3; dependencyCheck=0; autowireCandidate=true; primary=false; factoryBeanName=com.pig4cloud.pig.common.core.config.RedisConfig; factoryMethodName=redisTemplate; initMethodName=null; destroyMethodName=(inferred); defined in class path resource [com/pig4cloud/pig/common/core/config/RedisConfig.class]]
2019-03-27 17:33:42,444 [main] INFO  [o.s.d.r.config.RepositoryConfigurationDelegate] RepositoryConfigurationDelegate.java:172 - Multiple Spring Data modules found, entering strict repository configuration mode!
2019-03-27 17:33:42,815 [main] INFO  [o.springframework.cloud.context.scope.GenericScope] GenericScope.java:294 - BeanFactory id=dc326ac4-c183-390f-a249-d5b7c4eac4e7
2019-03-27 17:33:42,826 [main] INFO  [c.u.j.c.EnableEncryptablePropertiesBeanFactoryPostProcessor] EnableEncryptablePropertiesBeanFactoryPostProcessor.java:50 - Post-processing PropertySource instances
2019-03-27 17:33:42,857 [main] INFO  [c.u.j.EncryptablePropertySourceConverter] EncryptablePropertySourceConverter.java:38 - Converting PropertySource bootstrapProperties [org.springframework.core.env.CompositePropertySource] to EncryptableEnumerablePropertySourceWrapper
2019-03-27 17:33:42,858 [main] INFO  [c.u.j.EncryptablePropertySourceConverter] EncryptablePropertySourceConverter.java:38 - Converting PropertySource configurationProperties [org.springframework.boot.context.properties.source.ConfigurationPropertySourcesPropertySource] to AOP Proxy
2019-03-27 17:33:42,858 [main] INFO  [c.u.j.EncryptablePropertySourceConverter] EncryptablePropertySourceConverter.java:38 - Converting PropertySource systemProperties [org.springframework.core.env.MapPropertySource] to EncryptableMapPropertySourceWrapper
2019-03-27 17:33:42,858 [main] INFO  [c.u.j.EncryptablePropertySourceConverter] EncryptablePropertySourceConverter.java:38 - Converting PropertySource systemEnvironment [org.springframework.boot.env.SystemEnvironmentPropertySourceEnvironmentPostProcessor$OriginAwareSystemEnvironmentPropertySource] to EncryptableMapPropertySourceWrapper
2019-03-27 17:33:42,858 [main] INFO  [c.u.j.EncryptablePropertySourceConverter] EncryptablePropertySourceConverter.java:38 - Converting PropertySource random [org.springframework.boot.env.RandomValuePropertySource] to EncryptablePropertySourceWrapper
2019-03-27 17:33:42,858 [main] INFO  [c.u.j.EncryptablePropertySourceConverter] EncryptablePropertySourceConverter.java:38 - Converting PropertySource springCloudClientHostInfo [org.springframework.core.env.MapPropertySource] to EncryptableMapPropertySourceWrapper
2019-03-27 17:33:42,859 [main] INFO  [c.u.j.EncryptablePropertySourceConverter] EncryptablePropertySourceConverter.java:38 - Converting PropertySource defaultProperties [org.springframework.core.env.MapPropertySource] to EncryptableMapPropertySourceWrapper
2019-03-27 17:33:42,865 [main] INFO  [o.s.b.f.a.AutowiredAnnotationBeanPostProcessor] AutowiredAnnotationBeanPostProcessor.java:153 - JSR-330 'javax.inject.Inject' annotation found and supported for autowiring
2019-03-27 17:33:42,880 [main] INFO  [c.u.j.filter.DefaultLazyPropertyFilter] DefaultLazyPropertyFilter.java:31 - Property Filter custom Bean not found with name 'encryptablePropertyFilter'. Initializing Default Property Filter
2019-03-27 17:33:43,102 [main] INFO  [o.s.c.s.PostProcessorRegistrationDelegate$BeanPostProcessorChecker] PostProcessorRegistrationDelegate.java:326 - Bean 'org.springframework.cloud.autoconfigure.ConfigurationPropertiesRebinderAutoConfiguration' of type [org.springframework.cloud.autoconfigure.ConfigurationPropertiesRebinderAutoConfiguration$$EnhancerBySpringCGLIB$$4267f84] is not eligible for getting processed by all BeanPostProcessors (for example: not eligible for auto-proxying)
2019-03-27 17:33:43,278 [main] INFO  [c.u.j.resolver.DefaultLazyPropertyResolver] DefaultLazyPropertyResolver.java:31 - Property Resolver custom Bean not found with name 'encryptablePropertyResolver'. Initializing Default Property Resolver
2019-03-27 17:33:43,278 [main] INFO  [c.u.j.detector.DefaultLazyPropertyDetector] DefaultLazyPropertyDetector.java:30 - Property Detector custom Bean not found with name 'encryptablePropertyDetector'. Initializing Default Property Detector
2019-03-27 17:33:43,586 [main] WARN  [com.netflix.config.sources.URLConfigurationSource] URLConfigurationSource.java:121 - No URLs will be polled as dynamic configuration sources.
2019-03-27 17:33:43,587 [main] INFO  [com.netflix.config.sources.URLConfigurationSource] URLConfigurationSource.java:122 - To enable URLs as dynamic configuration sources, define System property archaius.configurationSource.additionalUrls or make config.properties available on classpath.
2019-03-27 17:33:43,590 [main] WARN  [com.netflix.config.sources.URLConfigurationSource] URLConfigurationSource.java:121 - No URLs will be polled as dynamic configuration sources.
2019-03-27 17:33:43,590 [main] INFO  [com.netflix.config.sources.URLConfigurationSource] URLConfigurationSource.java:122 - To enable URLs as dynamic configuration sources, define System property archaius.configurationSource.additionalUrls or make config.properties available on classpath.
2019-03-27 17:33:43,881 [main] INFO  [o.s.w.r.f.server.support.RouterFunctionMapping] RouterFunctionMapping.java:115 - Mapped (/fallback && Accept: [text/plain]) -> com.pig4cloud.pig.gateway.handler.HystrixFallbackHandler@656ec00d
((GET && /code) && Accept: [text/plain]) -> com.pig4cloud.pig.gateway.handler.ImageCodeHandler@3b8507df
2019-03-27 17:33:43,896 [main] INFO  [o.s.web.reactive.handler.SimpleUrlHandlerMapping] AbstractUrlHandlerMapping.java:211 - Mapped URL path [/webjars/**] onto handler of type [class org.springframework.web.reactive.resource.ResourceWebHandler]
2019-03-27 17:33:43,896 [main] INFO  [o.s.web.reactive.handler.SimpleUrlHandlerMapping] AbstractUrlHandlerMapping.java:211 - Mapped URL path [/**] onto handler of type [class org.springframework.web.reactive.resource.ResourceWebHandler]
2019-03-27 17:33:44,722 [main] INFO  [o.s.c.gateway.route.RouteDefinitionRouteLocator] RouteDefinitionRouteLocator.java:102 - Loaded RoutePredicateFactory [After]
2019-03-27 17:33:44,722 [main] INFO  [o.s.c.gateway.route.RouteDefinitionRouteLocator] RouteDefinitionRouteLocator.java:102 - Loaded RoutePredicateFactory [Before]
2019-03-27 17:33:44,723 [main] INFO  [o.s.c.gateway.route.RouteDefinitionRouteLocator] RouteDefinitionRouteLocator.java:102 - Loaded RoutePredicateFactory [Between]
2019-03-27 17:33:44,723 [main] INFO  [o.s.c.gateway.route.RouteDefinitionRouteLocator] RouteDefinitionRouteLocator.java:102 - Loaded RoutePredicateFactory [Cookie]
2019-03-27 17:33:44,723 [main] INFO  [o.s.c.gateway.route.RouteDefinitionRouteLocator] RouteDefinitionRouteLocator.java:102 - Loaded RoutePredicateFactory [Header]
2019-03-27 17:33:44,723 [main] INFO  [o.s.c.gateway.route.RouteDefinitionRouteLocator] RouteDefinitionRouteLocator.java:102 - Loaded RoutePredicateFactory [Host]
2019-03-27 17:33:44,724 [main] INFO  [o.s.c.gateway.route.RouteDefinitionRouteLocator] RouteDefinitionRouteLocator.java:102 - Loaded RoutePredicateFactory [Method]
2019-03-27 17:33:44,724 [main] INFO  [o.s.c.gateway.route.RouteDefinitionRouteLocator] RouteDefinitionRouteLocator.java:102 - Loaded RoutePredicateFactory [Path]
2019-03-27 17:33:44,724 [main] INFO  [o.s.c.gateway.route.RouteDefinitionRouteLocator] RouteDefinitionRouteLocator.java:102 - Loaded RoutePredicateFactory [Query]
2019-03-27 17:33:44,724 [main] INFO  [o.s.c.gateway.route.RouteDefinitionRouteLocator] RouteDefinitionRouteLocator.java:102 - Loaded RoutePredicateFactory [ReadBodyPredicateFactory]
2019-03-27 17:33:44,724 [main] INFO  [o.s.c.gateway.route.RouteDefinitionRouteLocator] RouteDefinitionRouteLocator.java:102 - Loaded RoutePredicateFactory [RemoteAddr]
2019-03-27 17:33:44,725 [main] INFO  [o.s.c.gateway.route.RouteDefinitionRouteLocator] RouteDefinitionRouteLocator.java:102 - Loaded RoutePredicateFactory [Weight]
2019-03-27 17:33:44,725 [main] INFO  [o.s.c.gateway.route.RouteDefinitionRouteLocator] RouteDefinitionRouteLocator.java:102 - Loaded RoutePredicateFactory [CloudFoundryRouteService]
2019-03-27 17:33:45,255 [main] INFO  [o.s.b.actuate.endpoint.web.EndpointLinksResolver] EndpointLinksResolver.java:59 - Exposing 20 endpoint(s) beneath base path '/actuator'
2019-03-27 17:33:45,268 [main] INFO  [o.s.b.a.e.w.reactive.WebFluxEndpointHandlerMapping] AbstractHandlerMethodMapping.java:468 - Mapped "{[/actuator/archaius],methods=[GET],produces=[application/vnd.spring-boot.actuator.v2+json || application/json]}" onto public org.reactivestreams.Publisher<org.springframework.http.ResponseEntity<java.lang.Object>> org.springframework.boot.actuate.endpoint.web.reactive.AbstractWebFluxEndpointHandlerMapping$ReadOperationHandler.handle(org.springframework.web.server.ServerWebExchange)
2019-03-27 17:33:45,269 [main] INFO  [o.s.b.a.e.w.reactive.WebFluxEndpointHandlerMapping] AbstractHandlerMethodMapping.java:468 - Mapped "{[/actuator/auditevents],methods=[GET],produces=[application/vnd.spring-boot.actuator.v2+json || application/json]}" onto public org.reactivestreams.Publisher<org.springframework.http.ResponseEntity<java.lang.Object>> org.springframework.boot.actuate.endpoint.web.reactive.AbstractWebFluxEndpointHandlerMapping$ReadOperationHandler.handle(org.springframework.web.server.ServerWebExchange)
2019-03-27 17:33:45,270 [main] INFO  [o.s.b.a.e.w.reactive.WebFluxEndpointHandlerMapping] AbstractHandlerMethodMapping.java:468 - Mapped "{[/actuator/beans],methods=[GET],produces=[application/vnd.spring-boot.actuator.v2+json || application/json]}" onto public org.reactivestreams.Publisher<org.springframework.http.ResponseEntity<java.lang.Object>> org.springframework.boot.actuate.endpoint.web.reactive.AbstractWebFluxEndpointHandlerMapping$ReadOperationHandler.handle(org.springframework.web.server.ServerWebExchange)
2019-03-27 17:33:45,271 [main] INFO  [o.s.b.a.e.w.reactive.WebFluxEndpointHandlerMapping] AbstractHandlerMethodMapping.java:468 - Mapped "{[/actuator/health],methods=[GET],produces=[application/vnd.spring-boot.actuator.v2+json || application/json]}" onto public org.reactivestreams.Publisher<org.springframework.http.ResponseEntity<java.lang.Object>> org.springframework.boot.actuate.endpoint.web.reactive.AbstractWebFluxEndpointHandlerMapping$ReadOperationHandler.handle(org.springframework.web.server.ServerWebExchange)
2019-03-27 17:33:45,271 [main] INFO  [o.s.b.a.e.w.reactive.WebFluxEndpointHandlerMapping] AbstractHandlerMethodMapping.java:468 - Mapped "{[/actuator/conditions],methods=[GET],produces=[application/vnd.spring-boot.actuator.v2+json || application/json]}" onto public org.reactivestreams.Publisher<org.springframework.http.ResponseEntity<java.lang.Object>> org.springframework.boot.actuate.endpoint.web.reactive.AbstractWebFluxEndpointHandlerMapping$ReadOperationHandler.handle(org.springframework.web.server.ServerWebExchange)
2019-03-27 17:33:45,272 [main] INFO  [o.s.b.a.e.w.reactive.WebFluxEndpointHandlerMapping] AbstractHandlerMethodMapping.java:468 - Mapped "{[/actuator/configprops],methods=[GET],produces=[application/vnd.spring-boot.actuator.v2+json || application/json]}" onto public org.reactivestreams.Publisher<org.springframework.http.ResponseEntity<java.lang.Object>> org.springframework.boot.actuate.endpoint.web.reactive.AbstractWebFluxEndpointHandlerMapping$ReadOperationHandler.handle(org.springframework.web.server.ServerWebExchange)
2019-03-27 17:33:45,272 [main] INFO  [o.s.b.a.e.w.reactive.WebFluxEndpointHandlerMapping] AbstractHandlerMethodMapping.java:468 - Mapped "{[/actuator/env],methods=[GET],produces=[application/vnd.spring-boot.actuator.v2+json || application/json]}" onto public org.reactivestreams.Publisher<org.springframework.http.ResponseEntity<java.lang.Object>> org.springframework.boot.actuate.endpoint.web.reactive.AbstractWebFluxEndpointHandlerMapping$ReadOperationHandler.handle(org.springframework.web.server.ServerWebExchange)
2019-03-27 17:33:45,273 [main] INFO  [o.s.b.a.e.w.reactive.WebFluxEndpointHandlerMapping] AbstractHandlerMethodMapping.java:468 - Mapped "{[/actuator/env/{toMatch}],methods=[GET],produces=[application/vnd.spring-boot.actuator.v2+json || application/json]}" onto public org.reactivestreams.Publisher<org.springframework.http.ResponseEntity<java.lang.Object>> org.springframework.boot.actuate.endpoint.web.reactive.AbstractWebFluxEndpointHandlerMapping$ReadOperationHandler.handle(org.springframework.web.server.ServerWebExchange)
2019-03-27 17:33:45,274 [main] INFO  [o.s.b.a.e.w.reactive.WebFluxEndpointHandlerMapping] AbstractHandlerMethodMapping.java:468 - Mapped "{[/actuator/env],methods=[POST],consumes=[application/vnd.spring-boot.actuator.v2+json || application/json],produces=[application/vnd.spring-boot.actuator.v2+json || application/json]}" onto public org.reactivestreams.Publisher<org.springframework.http.ResponseEntity<java.lang.Object>> org.springframework.boot.actuate.endpoint.web.reactive.AbstractWebFluxEndpointHandlerMapping$WriteOperationHandler.handle(org.springframework.web.server.ServerWebExchange,java.util.Map<java.lang.String, java.lang.String>)
2019-03-27 17:33:45,275 [main] INFO  [o.s.b.a.e.w.reactive.WebFluxEndpointHandlerMapping] AbstractHandlerMethodMapping.java:468 - Mapped "{[/actuator/env],methods=[DELETE],produces=[application/vnd.spring-boot.actuator.v2+json || application/json]}" onto public org.reactivestreams.Publisher<org.springframework.http.ResponseEntity<java.lang.Object>> org.springframework.boot.actuate.endpoint.web.reactive.AbstractWebFluxEndpointHandlerMapping$ReadOperationHandler.handle(org.springframework.web.server.ServerWebExchange)
2019-03-27 17:33:45,275 [main] INFO  [o.s.b.a.e.w.reactive.WebFluxEndpointHandlerMapping] AbstractHandlerMethodMapping.java:468 - Mapped "{[/actuator/info],methods=[GET],produces=[application/vnd.spring-boot.actuator.v2+json || application/json]}" onto public org.reactivestreams.Publisher<org.springframework.http.ResponseEntity<java.lang.Object>> org.springframework.boot.actuate.endpoint.web.reactive.AbstractWebFluxEndpointHandlerMapping$ReadOperationHandler.handle(org.springframework.web.server.ServerWebExchange)
2019-03-27 17:33:45,276 [main] INFO  [o.s.b.a.e.w.reactive.WebFluxEndpointHandlerMapping] AbstractHandlerMethodMapping.java:468 - Mapped "{[/actuator/loggers],methods=[GET],produces=[application/vnd.spring-boot.actuator.v2+json || application/json]}" onto public org.reactivestreams.Publisher<org.springframework.http.ResponseEntity<java.lang.Object>> org.springframework.boot.actuate.endpoint.web.reactive.AbstractWebFluxEndpointHandlerMapping$ReadOperationHandler.handle(org.springframework.web.server.ServerWebExchange)
2019-03-27 17:33:45,277 [main] INFO  [o.s.b.a.e.w.reactive.WebFluxEndpointHandlerMapping] AbstractHandlerMethodMapping.java:468 - Mapped "{[/actuator/loggers/{name}],methods=[GET],produces=[application/vnd.spring-boot.actuator.v2+json || application/json]}" onto public org.reactivestreams.Publisher<org.springframework.http.ResponseEntity<java.lang.Object>> org.springframework.boot.actuate.endpoint.web.reactive.AbstractWebFluxEndpointHandlerMapping$ReadOperationHandler.handle(org.springframework.web.server.ServerWebExchange)
2019-03-27 17:33:45,278 [main] INFO  [o.s.b.a.e.w.reactive.WebFluxEndpointHandlerMapping] AbstractHandlerMethodMapping.java:468 - Mapped "{[/actuator/loggers/{name}],methods=[POST],consumes=[application/vnd.spring-boot.actuator.v2+json || application/json]}" onto public org.reactivestreams.Publisher<org.springframework.http.ResponseEntity<java.lang.Object>> org.springframework.boot.actuate.endpoint.web.reactive.AbstractWebFluxEndpointHandlerMapping$WriteOperationHandler.handle(org.springframework.web.server.ServerWebExchange,java.util.Map<java.lang.String, java.lang.String>)
2019-03-27 17:33:45,278 [main] INFO  [o.s.b.a.e.w.reactive.WebFluxEndpointHandlerMapping] AbstractHandlerMethodMapping.java:468 - Mapped "{[/actuator/heapdump],methods=[GET],produces=[application/octet-stream]}" onto public org.reactivestreams.Publisher<org.springframework.http.ResponseEntity<java.lang.Object>> org.springframework.boot.actuate.endpoint.web.reactive.AbstractWebFluxEndpointHandlerMapping$ReadOperationHandler.handle(org.springframework.web.server.ServerWebExchange)
2019-03-27 17:33:45,279 [main] INFO  [o.s.b.a.e.w.reactive.WebFluxEndpointHandlerMapping] AbstractHandlerMethodMapping.java:468 - Mapped "{[/actuator/threaddump],methods=[GET],produces=[application/vnd.spring-boot.actuator.v2+json || application/json]}" onto public org.reactivestreams.Publisher<org.springframework.http.ResponseEntity<java.lang.Object>> org.springframework.boot.actuate.endpoint.web.reactive.AbstractWebFluxEndpointHandlerMapping$ReadOperationHandler.handle(org.springframework.web.server.ServerWebExchange)
2019-03-27 17:33:45,279 [main] INFO  [o.s.b.a.e.w.reactive.WebFluxEndpointHandlerMapping] AbstractHandlerMethodMapping.java:468 - Mapped "{[/actuator/metrics/{requiredMetricName}],methods=[GET],produces=[application/vnd.spring-boot.actuator.v2+json || application/json]}" onto public org.reactivestreams.Publisher<org.springframework.http.ResponseEntity<java.lang.Object>> org.springframework.boot.actuate.endpoint.web.reactive.AbstractWebFluxEndpointHandlerMapping$ReadOperationHandler.handle(org.springframework.web.server.ServerWebExchange)
2019-03-27 17:33:45,280 [main] INFO  [o.s.b.a.e.w.reactive.WebFluxEndpointHandlerMapping] AbstractHandlerMethodMapping.java:468 - Mapped "{[/actuator/metrics],methods=[GET],produces=[application/vnd.spring-boot.actuator.v2+json || application/json]}" onto public org.reactivestreams.Publisher<org.springframework.http.ResponseEntity<java.lang.Object>> org.springframework.boot.actuate.endpoint.web.reactive.AbstractWebFluxEndpointHandlerMapping$ReadOperationHandler.handle(org.springframework.web.server.ServerWebExchange)
2019-03-27 17:33:45,281 [main] INFO  [o.s.b.a.e.w.reactive.WebFluxEndpointHandlerMapping] AbstractHandlerMethodMapping.java:468 - Mapped "{[/actuator/scheduledtasks],methods=[GET],produces=[application/vnd.spring-boot.actuator.v2+json || application/json]}" onto public org.reactivestreams.Publisher<org.springframework.http.ResponseEntity<java.lang.Object>> org.springframework.boot.actuate.endpoint.web.reactive.AbstractWebFluxEndpointHandlerMapping$ReadOperationHandler.handle(org.springframework.web.server.ServerWebExchange)
2019-03-27 17:33:45,281 [main] INFO  [o.s.b.a.e.w.reactive.WebFluxEndpointHandlerMapping] AbstractHandlerMethodMapping.java:468 - Mapped "{[/actuator/httptrace],methods=[GET],produces=[application/vnd.spring-boot.actuator.v2+json || application/json]}" onto public org.reactivestreams.Publisher<org.springframework.http.ResponseEntity<java.lang.Object>> org.springframework.boot.actuate.endpoint.web.reactive.AbstractWebFluxEndpointHandlerMapping$ReadOperationHandler.handle(org.springframework.web.server.ServerWebExchange)
2019-03-27 17:33:45,282 [main] INFO  [o.s.b.a.e.w.reactive.WebFluxEndpointHandlerMapping] AbstractHandlerMethodMapping.java:468 - Mapped "{[/actuator/mappings],methods=[GET],produces=[application/vnd.spring-boot.actuator.v2+json || application/json]}" onto public org.reactivestreams.Publisher<org.springframework.http.ResponseEntity<java.lang.Object>> org.springframework.boot.actuate.endpoint.web.reactive.AbstractWebFluxEndpointHandlerMapping$ReadOperationHandler.handle(org.springframework.web.server.ServerWebExchange)
2019-03-27 17:33:45,283 [main] INFO  [o.s.b.a.e.w.reactive.WebFluxEndpointHandlerMapping] AbstractHandlerMethodMapping.java:468 - Mapped "{[/actuator/refresh],methods=[POST],produces=[application/vnd.spring-boot.actuator.v2+json || application/json]}" onto public org.reactivestreams.Publisher<org.springframework.http.ResponseEntity<java.lang.Object>> org.springframework.boot.actuate.endpoint.web.reactive.AbstractWebFluxEndpointHandlerMapping$WriteOperationHandler.handle(org.springframework.web.server.ServerWebExchange,java.util.Map<java.lang.String, java.lang.String>)
2019-03-27 17:33:45,283 [main] INFO  [o.s.b.a.e.w.reactive.WebFluxEndpointHandlerMapping] AbstractHandlerMethodMapping.java:468 - Mapped "{[/actuator/features],methods=[GET],produces=[application/vnd.spring-boot.actuator.v2+json || application/json]}" onto public org.reactivestreams.Publisher<org.springframework.http.ResponseEntity<java.lang.Object>> org.springframework.boot.actuate.endpoint.web.reactive.AbstractWebFluxEndpointHandlerMapping$ReadOperationHandler.handle(org.springframework.web.server.ServerWebExchange)
2019-03-27 17:33:45,284 [main] INFO  [o.s.b.a.e.w.reactive.WebFluxEndpointHandlerMapping] AbstractHandlerMethodMapping.java:468 - Mapped "{[/actuator/service-registry],methods=[GET],produces=[application/vnd.spring-boot.actuator.v2+json || application/json]}" onto public org.reactivestreams.Publisher<org.springframework.http.ResponseEntity<java.lang.Object>> org.springframework.boot.actuate.endpoint.web.reactive.AbstractWebFluxEndpointHandlerMapping$ReadOperationHandler.handle(org.springframework.web.server.ServerWebExchange)
2019-03-27 17:33:45,284 [main] INFO  [o.s.b.a.e.w.reactive.WebFluxEndpointHandlerMapping] AbstractHandlerMethodMapping.java:468 - Mapped "{[/actuator/service-registry],methods=[POST],consumes=[application/vnd.spring-boot.actuator.v2+json || application/json],produces=[application/vnd.spring-boot.actuator.v2+json || application/json]}" onto public org.reactivestreams.Publisher<org.springframework.http.ResponseEntity<java.lang.Object>> org.springframework.boot.actuate.endpoint.web.reactive.AbstractWebFluxEndpointHandlerMapping$WriteOperationHandler.handle(org.springframework.web.server.ServerWebExchange,java.util.Map<java.lang.String, java.lang.String>)
2019-03-27 17:33:45,285 [main] INFO  [o.s.b.a.e.w.reactive.WebFluxEndpointHandlerMapping] AbstractHandlerMethodMapping.java:468 - Mapped "{[/actuator],methods=[GET],produces=[application/vnd.spring-boot.actuator.v2+json || application/json]}" onto protected java.util.Map<java.lang.String, java.util.Map<java.lang.String, org.springframework.boot.actuate.endpoint.web.Link>> org.springframework.boot.actuate.endpoint.web.reactive.WebFluxEndpointHandlerMapping.links(org.springframework.web.server.ServerWebExchange)
2019-03-27 17:33:45,300 [main] INFO  [o.s.b.a.e.w.r.ControllerEndpointHandlerMapping] AbstractHandlerMethodMapping.java:468 - Mapped "{[/actuator/gateway/routes/{id}],methods=[DELETE]}" onto public reactor.core.publisher.Mono<org.springframework.http.ResponseEntity<java.lang.Object>> org.springframework.cloud.gateway.actuate.GatewayControllerEndpoint.delete(java.lang.String)
2019-03-27 17:33:45,300 [main] INFO  [o.s.b.a.e.w.r.ControllerEndpointHandlerMapping] AbstractHandlerMethodMapping.java:468 - Mapped "{[/actuator/gateway/routes/{id}],methods=[POST]}" onto public reactor.core.publisher.Mono<org.springframework.http.ResponseEntity<java.lang.Void>> org.springframework.cloud.gateway.actuate.GatewayControllerEndpoint.save(java.lang.String,reactor.core.publisher.Mono<org.springframework.cloud.gateway.route.RouteDefinition>)
2019-03-27 17:33:45,300 [main] INFO  [o.s.b.a.e.w.r.ControllerEndpointHandlerMapping] AbstractHandlerMethodMapping.java:468 - Mapped "{[/actuator/gateway/refresh],methods=[POST]}" onto public reactor.core.publisher.Mono<java.lang.Void> org.springframework.cloud.gateway.actuate.GatewayControllerEndpoint.refresh()
2019-03-27 17:33:45,301 [main] INFO  [o.s.b.a.e.w.r.ControllerEndpointHandlerMapping] AbstractHandlerMethodMapping.java:468 - Mapped "{[/actuator/gateway/routes],methods=[GET]}" onto public reactor.core.publisher.Mono<java.util.List<java.util.Map<java.lang.String, java.lang.Object>>> org.springframework.cloud.gateway.actuate.GatewayControllerEndpoint.routes()
2019-03-27 17:33:45,301 [main] INFO  [o.s.b.a.e.w.r.ControllerEndpointHandlerMapping] AbstractHandlerMethodMapping.java:468 - Mapped "{[/actuator/gateway/routes/{id}],methods=[GET]}" onto public reactor.core.publisher.Mono<org.springframework.http.ResponseEntity<org.springframework.cloud.gateway.route.RouteDefinition>> org.springframework.cloud.gateway.actuate.GatewayControllerEndpoint.route(java.lang.String)
2019-03-27 17:33:45,301 [main] INFO  [o.s.b.a.e.w.r.ControllerEndpointHandlerMapping] AbstractHandlerMethodMapping.java:468 - Mapped "{[/actuator/gateway/routefilters],methods=[GET]}" onto public reactor.core.publisher.Mono<java.util.HashMap<java.lang.String, java.lang.Object>> org.springframework.cloud.gateway.actuate.GatewayControllerEndpoint.routefilers()
2019-03-27 17:33:45,302 [main] INFO  [o.s.b.a.e.w.r.ControllerEndpointHandlerMapping] AbstractHandlerMethodMapping.java:468 - Mapped "{[/actuator/gateway/globalfilters],methods=[GET]}" onto public reactor.core.publisher.Mono<java.util.HashMap<java.lang.String, java.lang.Object>> org.springframework.cloud.gateway.actuate.GatewayControllerEndpoint.globalfilters()
2019-03-27 17:33:45,302 [main] INFO  [o.s.b.a.e.w.r.ControllerEndpointHandlerMapping] AbstractHandlerMethodMapping.java:468 - Mapped "{[/actuator/gateway/routes/{id}/combinedfilters],methods=[GET]}" onto public reactor.core.publisher.Mono<java.util.HashMap<java.lang.String, java.lang.Object>> org.springframework.cloud.gateway.actuate.GatewayControllerEndpoint.combinedfilters(java.lang.String)
2019-03-27 17:33:45,303 [main] INFO  [o.s.b.a.e.w.r.ControllerEndpointHandlerMapping] AbstractHandlerMethodMapping.java:468 - Mapped "{[/actuator/hystrix.stream],methods=[GET],produces=[text/event-stream]}" onto public reactor.core.publisher.Flux<java.lang.String> org.springframework.cloud.netflix.hystrix.HystrixWebfluxEndpoint.hystrixStream()
2019-03-27 17:33:45,331 [main] INFO  [o.s.w.r.r.m.annotation.ControllerMethodResolver] ControllerMethodResolver.java:221 - Looking for @ControllerAdvice: org.springframework.boot.web.reactive.context.AnnotationConfigReactiveWebServerApplicationContext@6ac0b715: startup date [Wed Mar 27 17:33:41 CST 2019]; parent: org.springframework.context.annotation.AnnotationConfigApplicationContext@67f639d3
2019-03-27 17:33:45,342 [main] INFO  [o.s.w.r.r.m.annotation.ControllerMethodResolver] ControllerMethodResolver.java:248 - Detected @ExceptionHandler methods in com.pig4cloud.pig.common.core.exception.GlobalExceptionHandler
2019-03-27 17:33:46,097 [main] INFO  [com.netflix.discovery.DiscoveryClient] DiscoveryClient.java:888 - Shutting down DiscoveryClient ...
2019-03-27 17:33:46,111 [main] INFO  [com.netflix.discovery.DiscoveryClient] DiscoveryClient.java:911 - Completed shut down of DiscoveryClient
2019-03-27 17:33:46,262 [main] INFO  [o.s.jmx.export.annotation.AnnotationMBeanExporter] MBeanExporter.java:433 - Registering beans for JMX exposure on startup
2019-03-27 17:33:46,273 [main] INFO  [o.s.jmx.export.annotation.AnnotationMBeanExporter] MBeanExporter.java:895 - Bean with name 'refreshScope' has been autodetected for JMX exposure
2019-03-27 17:33:46,276 [main] INFO  [o.s.jmx.export.annotation.AnnotationMBeanExporter] MBeanExporter.java:895 - Bean with name 'environmentManager' has been autodetected for JMX exposure
2019-03-27 17:33:46,278 [main] INFO  [o.s.jmx.export.annotation.AnnotationMBeanExporter] MBeanExporter.java:895 - Bean with name 'configurationPropertiesRebinder' has been autodetected for JMX exposure
2019-03-27 17:33:46,281 [main] INFO  [o.s.jmx.export.annotation.AnnotationMBeanExporter] MBeanExporter.java:675 - Located managed bean 'environmentManager': registering with JMX server as MBean [org.springframework.cloud.context.environment:name=environmentManager,type=EnvironmentManager]
2019-03-27 17:33:46,292 [main] INFO  [o.s.jmx.export.annotation.AnnotationMBeanExporter] MBeanExporter.java:675 - Located managed bean 'refreshScope': registering with JMX server as MBean [org.springframework.cloud.context.scope.refresh:name=refreshScope,type=RefreshScope]
2019-03-27 17:33:46,312 [main] INFO  [o.s.jmx.export.annotation.AnnotationMBeanExporter] MBeanExporter.java:675 - Located managed bean 'configurationPropertiesRebinder': registering with JMX server as MBean [org.springframework.cloud.context.properties:name=configurationPropertiesRebinder,context=6ac0b715,type=ConfigurationPropertiesRebinder]
2019-03-27 17:33:46,354 [main] INFO  [o.s.context.support.DefaultLifecycleProcessor] DefaultLifecycleProcessor.java:356 - Starting beans in phase 0
2019-03-27 17:33:46,367 [main] INFO  [o.s.cloud.netflix.eureka.InstanceInfoFactory] InstanceInfoFactory.java:71 - Setting initial instance status as: STARTING
2019-03-27 17:33:46,374 [main] INFO  [com.netflix.discovery.DiscoveryClient] DiscoveryClient.java:349 - Initializing Eureka in region us-east-1
2019-03-27 17:33:46,378 [main] INFO  [c.n.discovery.provider.DiscoveryJerseyProvider] DiscoveryJerseyProvider.java:70 - Using JSON encoding codec LegacyJacksonJson
2019-03-27 17:33:46,378 [main] INFO  [c.n.discovery.provider.DiscoveryJerseyProvider] DiscoveryJerseyProvider.java:71 - Using JSON decoding codec LegacyJacksonJson
2019-03-27 17:33:46,379 [main] INFO  [c.n.discovery.provider.DiscoveryJerseyProvider] DiscoveryJerseyProvider.java:80 - Using XML encoding codec XStreamXml
2019-03-27 17:33:46,379 [main] INFO  [c.n.discovery.provider.DiscoveryJerseyProvider] DiscoveryJerseyProvider.java:81 - Using XML decoding codec XStreamXml
2019-03-27 17:33:46,472 [main] INFO  [c.n.d.shared.resolver.aws.ConfigClusterResolver] ConfigClusterResolver.java:43 - Resolving eureka endpoints via configuration
2019-03-27 17:33:46,474 [main] INFO  [com.netflix.discovery.DiscoveryClient] DiscoveryClient.java:958 - Disable delta property : false
2019-03-27 17:33:46,474 [main] INFO  [com.netflix.discovery.DiscoveryClient] DiscoveryClient.java:959 - Single vip registry refresh property : null
2019-03-27 17:33:46,474 [main] INFO  [com.netflix.discovery.DiscoveryClient] DiscoveryClient.java:960 - Force full registry fetch : false
2019-03-27 17:33:46,474 [main] INFO  [com.netflix.discovery.DiscoveryClient] DiscoveryClient.java:961 - Application is null : false
2019-03-27 17:33:46,474 [main] INFO  [com.netflix.discovery.DiscoveryClient] DiscoveryClient.java:962 - Registered Applications size is zero : true
2019-03-27 17:33:46,475 [main] INFO  [com.netflix.discovery.DiscoveryClient] DiscoveryClient.java:964 - Application version is -1: true
2019-03-27 17:33:46,476 [main] INFO  [com.netflix.discovery.DiscoveryClient] DiscoveryClient.java:1047 - Getting all instance registry info from the eureka server
2019-03-27 17:33:46,494 [main] INFO  [com.netflix.discovery.DiscoveryClient] DiscoveryClient.java:1056 - The response status is 200
2019-03-27 17:33:46,496 [main] INFO  [com.netflix.discovery.DiscoveryClient] DiscoveryClient.java:1264 - Starting heartbeat executor: renew interval is: 30
2019-03-27 17:33:46,499 [main] INFO  [com.netflix.discovery.InstanceInfoReplicator] InstanceInfoReplicator.java:60 - InstanceInfoReplicator onDemand update allowed rate per min is 4
2019-03-27 17:33:46,501 [main] INFO  [com.netflix.discovery.DiscoveryClient] DiscoveryClient.java:449 - Discovery Client initialized at timestamp 1553679226501 with initial instances count: 10
2019-03-27 17:33:46,509 [main] INFO  [o.s.c.n.e.serviceregistry.EurekaServiceRegistry] EurekaServiceRegistry.java:42 - Registering application PIG-GATEWAY with eureka with status UP
2019-03-27 17:33:46,511 [main] INFO  [com.netflix.discovery.DiscoveryClient] DiscoveryClient.java:1299 - Saw local status change event StatusChangeEvent [timestamp=1553679226511, current=UP, previous=STARTING]
2019-03-27 17:33:46,514 [DiscoveryClient-InstanceInfoReplicator-0] INFO  [com.netflix.discovery.DiscoveryClient] DiscoveryClient.java:826 - DiscoveryClient_PIG-GATEWAY/192.168.1.105:pig-gateway:9999: registering service...
2019-03-27 17:33:46,568 [DiscoveryClient-InstanceInfoReplicator-0] INFO  [com.netflix.discovery.DiscoveryClient] DiscoveryClient.java:835 - DiscoveryClient_PIG-GATEWAY/192.168.1.105:pig-gateway:9999 - registration status: 204
2019-03-27 17:33:46,720 [reactor-http-nio-1] INFO  [reactor.ipc.netty.tcp.BlockingNettyContext] Loggers.java:238 - Started HttpServer on /0:0:0:0:0:0:0:0:9999
2019-03-27 17:33:46,721 [main] INFO  [o.s.boot.web.embedded.netty.NettyWebServer] NettyWebServer.java:83 - Netty started on port(s): 9999
2019-03-27 17:33:46,725 [main] INFO  [o.s.c.n.e.s.EurekaAutoServiceRegistration] EurekaAutoServiceRegistration.java:124 - Updating port to 9999
2019-03-27 17:33:46,730 [main] INFO  [com.pig4cloud.pig.gateway.PigGatewayApplication] StartupInfoLogger.java:59 - Started PigGatewayApplication in 8.854 seconds (JVM running for 10.5)
2019-03-27 17:33:47,216 [RMI TCP Connection(5)-192.168.1.105] INFO  [o.s.c.c.client.ConfigServicePropertySourceLocator] ConfigServicePropertySourceLocator.java:205 - Fetching config from server at : http://192.168.1.118:8888/
2019-03-27 17:33:47,753 [RMI TCP Connection(5)-192.168.1.105] INFO  [o.s.c.c.client.ConfigServicePropertySourceLocator] ConfigServicePropertySourceLocator.java:149 - Located environment: name=pig-gateway, profiles=[dev], label=null, version=null, state=null
2019-03-27 17:33:47,873 [RMI TCP Connection(5)-192.168.1.105] INFO  [io.lettuce.core.EpollProvider] EpollProvider.java:68 - Starting without optional epoll library
2019-03-27 17:33:47,878 [RMI TCP Connection(5)-192.168.1.105] INFO  [io.lettuce.core.KqueueProvider] KqueueProvider.java:70 - Starting without optional kqueue library
