2019-03-27 15:24:00,570 [main] INFO  [o.s.c.a.AnnotationConfigApplicationContext] AbstractApplicationContext.java:588 - Refreshing org.springframework.context.annotation.AnnotationConfigApplicationContext@791f145a: startup date [Wed Mar 27 15:24:00 CST 2019]; root of context hierarchy
2019-03-27 15:24:00,897 [main] INFO  [c.u.j.c.EnableEncryptablePropertiesBeanFactoryPostProcessor] EnableEncryptablePropertiesBeanFactoryPostProcessor.java:50 - Post-processing PropertySource instances
2019-03-27 15:24:00,983 [main] INFO  [c.u.j.EncryptablePropertySourceConverter] EncryptablePropertySourceConverter.java:38 - Converting PropertySource configurationProperties [org.springframework.boot.context.properties.source.ConfigurationPropertySourcesPropertySource] to AOP Proxy
2019-03-27 15:24:00,985 [main] INFO  [c.u.j.EncryptablePropertySourceConverter] EncryptablePropertySourceConverter.java:38 - Converting PropertySource bootstrap [org.springframework.core.env.MapPropertySource] to EncryptableMapPropertySourceWrapper
2019-03-27 15:24:00,985 [main] INFO  [c.u.j.EncryptablePropertySourceConverter] EncryptablePropertySourceConverter.java:38 - Converting PropertySource systemProperties [org.springframework.core.env.MapPropertySource] to EncryptableMapPropertySourceWrapper
2019-03-27 15:24:00,985 [main] INFO  [c.u.j.EncryptablePropertySourceConverter] EncryptablePropertySourceConverter.java:38 - Converting PropertySource systemEnvironment [org.springframework.boot.env.SystemEnvironmentPropertySourceEnvironmentPostProcessor$OriginAwareSystemEnvironmentPropertySource] to EncryptableMapPropertySourceWrapper
2019-03-27 15:24:00,986 [main] INFO  [c.u.j.EncryptablePropertySourceConverter] EncryptablePropertySourceConverter.java:38 - Converting PropertySource random [org.springframework.boot.env.RandomValuePropertySource] to EncryptablePropertySourceWrapper
2019-03-27 15:24:00,986 [main] INFO  [c.u.j.EncryptablePropertySourceConverter] EncryptablePropertySourceConverter.java:38 - Converting PropertySource springCloudClientHostInfo [org.springframework.core.env.MapPropertySource] to EncryptableMapPropertySourceWrapper
2019-03-27 15:24:00,986 [main] INFO  [c.u.j.EncryptablePropertySourceConverter] EncryptablePropertySourceConverter.java:38 - Converting PropertySource applicationConfig: [classpath:/bootstrap.yml] [org.springframework.boot.env.OriginTrackedMapPropertySource] to EncryptableMapPropertySourceWrapper
2019-03-27 15:24:01,003 [main] INFO  [o.s.b.f.a.AutowiredAnnotationBeanPostProcessor] AutowiredAnnotationBeanPostProcessor.java:153 - JSR-330 'javax.inject.Inject' annotation found and supported for autowiring
2019-03-27 15:24:01,034 [main] INFO  [o.s.c.s.PostProcessorRegistrationDelegate$BeanPostProcessorChecker] PostProcessorRegistrationDelegate.java:326 - Bean 'configurationPropertiesRebinderAutoConfiguration' of type [org.springframework.cloud.autoconfigure.ConfigurationPropertiesRebinderAutoConfiguration$$EnhancerBySpringCGLIB$$ddaf1f82] is not eligible for getting processed by all BeanPostProcessors (for example: not eligible for auto-proxying)
2019-03-27 15:24:01,069 [main] INFO  [c.u.j.filter.DefaultLazyPropertyFilter] DefaultLazyPropertyFilter.java:31 - Property Filter custom Bean not found with name 'encryptablePropertyFilter'. Initializing Default Property Filter
2019-03-27 15:24:01,071 [main] INFO  [c.u.j.resolver.DefaultLazyPropertyResolver] DefaultLazyPropertyResolver.java:31 - Property Resolver custom Bean not found with name 'encryptablePropertyResolver'. Initializing Default Property Resolver
2019-03-27 15:24:01,073 [main] INFO  [c.u.j.detector.DefaultLazyPropertyDetector] DefaultLazyPropertyDetector.java:30 - Property Detector custom Bean not found with name 'encryptablePropertyDetector'. Initializing Default Property Detector
2019-03-27 15:24:01,479 [main] INFO  [o.s.cloud.netflix.eureka.InstanceInfoFactory] InstanceInfoFactory.java:71 - Setting initial instance status as: STARTING
2019-03-27 15:24:01,537 [main] INFO  [com.netflix.discovery.DiscoveryClient] DiscoveryClient.java:349 - Initializing Eureka in region us-east-1
2019-03-27 15:24:01,890 [main] INFO  [c.n.discovery.provider.DiscoveryJerseyProvider] DiscoveryJerseyProvider.java:70 - Using JSON encoding codec LegacyJacksonJson
2019-03-27 15:24:01,891 [main] INFO  [c.n.discovery.provider.DiscoveryJerseyProvider] DiscoveryJerseyProvider.java:71 - Using JSON decoding codec LegacyJacksonJson
2019-03-27 15:24:02,014 [main] INFO  [c.n.discovery.provider.DiscoveryJerseyProvider] DiscoveryJerseyProvider.java:80 - Using XML encoding codec XStreamXml
2019-03-27 15:24:02,014 [main] INFO  [c.n.discovery.provider.DiscoveryJerseyProvider] DiscoveryJerseyProvider.java:81 - Using XML decoding codec XStreamXml
2019-03-27 15:24:02,182 [main] INFO  [c.n.d.shared.resolver.aws.ConfigClusterResolver] ConfigClusterResolver.java:43 - Resolving eureka endpoints via configuration
2019-03-27 15:24:02,392 [main] INFO  [com.netflix.discovery.DiscoveryClient] DiscoveryClient.java:958 - Disable delta property : false
2019-03-27 15:24:02,393 [main] INFO  [com.netflix.discovery.DiscoveryClient] DiscoveryClient.java:959 - Single vip registry refresh property : null
2019-03-27 15:24:02,393 [main] INFO  [com.netflix.discovery.DiscoveryClient] DiscoveryClient.java:960 - Force full registry fetch : false
2019-03-27 15:24:02,393 [main] INFO  [com.netflix.discovery.DiscoveryClient] DiscoveryClient.java:961 - Application is null : false
2019-03-27 15:24:02,393 [main] INFO  [com.netflix.discovery.DiscoveryClient] DiscoveryClient.java:962 - Registered Applications size is zero : true
2019-03-27 15:24:02,394 [main] INFO  [com.netflix.discovery.DiscoveryClient] DiscoveryClient.java:964 - Application version is -1: true
2019-03-27 15:24:02,394 [main] INFO  [com.netflix.discovery.DiscoveryClient] DiscoveryClient.java:1047 - Getting all instance registry info from the eureka server
2019-03-27 15:24:02,676 [main] INFO  [com.netflix.discovery.DiscoveryClient] DiscoveryClient.java:1056 - The response status is 200
2019-03-27 15:24:02,682 [main] INFO  [com.netflix.discovery.DiscoveryClient] DiscoveryClient.java:1311 - Not registering with Eureka server per configuration
2019-03-27 15:24:02,687 [main] INFO  [com.netflix.discovery.DiscoveryClient] DiscoveryClient.java:449 - Discovery Client initialized at timestamp 1553671442685 with initial instances count: 9
2019-03-27 15:24:03,263 [main] INFO  [o.s.c.c.client.ConfigServicePropertySourceLocator] ConfigServicePropertySourceLocator.java:205 - Fetching config from server at : http://192.168.1.118:8888/
2019-03-27 15:24:03,780 [main] INFO  [o.s.c.c.client.ConfigServicePropertySourceLocator] ConfigServicePropertySourceLocator.java:149 - Located environment: name=pig-upms, profiles=[dev], label=null, version=null, state=null
2019-03-27 15:24:03,781 [main] INFO  [o.s.c.b.c.PropertySourceBootstrapConfiguration] PropertySourceBootstrapConfiguration.java:98 - Located property source: CompositePropertySource {name='configService', propertySources=[MapPropertySource {name='classpath:/config/pig-upms-dev.yml'}, MapPropertySource {name='classpath:/config/application-dev.yml'}]}
2019-03-27 15:24:03,789 [main] INFO  [c.u.j.c.EnableEncryptablePropertiesConfiguration] EnableEncryptablePropertiesConfiguration.java:69 - Bootstraping jasypt-string-boot auto configuration in context: pig-upms-1
2019-03-27 15:24:03,790 [main] INFO  [com.pig4cloud.pig.admin.PigAdminApplication] SpringApplication.java:658 - The following profiles are active: dev
2019-03-27 15:24:03,820 [main] INFO  [o.s.b.w.s.c.AnnotationConfigServletWebServerApplicationContext] AbstractApplicationContext.java:588 - Refreshing org.springframework.boot.web.servlet.context.AnnotationConfigServletWebServerApplicationContext@64b7225f: startup date [Wed Mar 27 15:24:03 CST 2019]; parent: org.springframework.context.annotation.AnnotationConfigApplicationContext@791f145a
2019-03-27 15:24:04,513 [main] WARN  [o.s.context.annotation.AutoProxyRegistrar] AutoProxyRegistrar.java:82 - AutoProxyRegistrar was imported but no annotations were found having both 'mode' and 'proxyTargetClass' attributes of type AdviceMode and boolean respectively. This means that auto proxy creator registration and configuration may not have occurred as intended, and components may not be proxied as expected. Check to ensure that AutoProxyRegistrar has been @Import'ed on the same class where these annotations are declared; otherwise remove the import of AutoProxyRegistrar altogether.
2019-03-27 15:24:04,539 [main] INFO  [o.s.b.factory.support.DefaultListableBeanFactory] SimpleAliasRegistry.java:73 - Overriding alias 'pig-upmsFeignClient' definition for registered name 'com.pig4cloud.pig.admin.api.feign.RemoteLogService' with new target name 'com.pig4cloud.pig.admin.api.feign.RemoteUserService'
2019-03-27 15:24:04,655 [main] INFO  [o.s.b.factory.support.DefaultListableBeanFactory] SimpleAliasRegistry.java:73 - Overriding alias 'pig-upmsFeignClient' definition for registered name 'com.pig4cloud.pig.admin.api.feign.RemoteUserService' with new target name 'com.pig4cloud.pig.admin.api.feign.RemoteLogService'
2019-03-27 15:24:04,656 [main] INFO  [o.s.b.factory.support.DefaultListableBeanFactory] SimpleAliasRegistry.java:73 - Overriding alias 'pig-upmsFeignClient' definition for registered name 'com.pig4cloud.pig.admin.api.feign.RemoteLogService' with new target name 'com.pig4cloud.pig.admin.api.feign.RemoteUserService'
2019-03-27 15:24:04,894 [main] INFO  [o.s.d.r.config.RepositoryConfigurationDelegate] RepositoryConfigurationDelegate.java:172 - Multiple Spring Data modules found, entering strict repository configuration mode!
2019-03-27 15:24:05,095 [main] INFO  [o.s.b.factory.support.DefaultListableBeanFactory] DefaultListableBeanFactory.java:821 - Overriding bean definition for bean 'dataSource' with a different definition: replacing [Root bean: class [null]; scope=refresh; abstract=false; lazyInit=false; autowireMode=3; dependencyCheck=0; autowireCandidate=false; primary=false; factoryBeanName=org.springframework.boot.autoconfigure.jdbc.DataSourceConfiguration$Hikari; factoryMethodName=dataSource; initMethodName=null; destroyMethodName=(inferred); defined in class path resource [org/springframework/boot/autoconfigure/jdbc/DataSourceConfiguration$Hikari.class]] with [Root bean: class [org.springframework.aop.scope.ScopedProxyFactoryBean]; scope=; abstract=false; lazyInit=false; autowireMode=0; dependencyCheck=0; autowireCandidate=true; primary=false; factoryBeanName=null; factoryMethodName=null; initMethodName=null; destroyMethodName=null; defined in BeanDefinition defined in class path resource [org/springframework/boot/autoconfigure/jdbc/DataSourceConfiguration$Hikari.class]]
2019-03-27 15:24:05,253 [main] INFO  [o.springframework.cloud.context.scope.GenericScope] GenericScope.java:294 - BeanFactory id=8650fafd-84d2-39fb-89ba-e1e7b8609a3c
2019-03-27 15:24:05,266 [main] INFO  [c.u.j.c.EnableEncryptablePropertiesBeanFactoryPostProcessor] EnableEncryptablePropertiesBeanFactoryPostProcessor.java:50 - Post-processing PropertySource instances
2019-03-27 15:24:05,290 [main] INFO  [c.u.j.EncryptablePropertySourceConverter] EncryptablePropertySourceConverter.java:38 - Converting PropertySource bootstrapProperties [org.springframework.core.env.CompositePropertySource] to EncryptableEnumerablePropertySourceWrapper
2019-03-27 15:24:05,290 [main] INFO  [c.u.j.EncryptablePropertySourceConverter] EncryptablePropertySourceConverter.java:38 - Converting PropertySource configurationProperties [org.springframework.boot.context.properties.source.ConfigurationPropertySourcesPropertySource] to AOP Proxy
2019-03-27 15:24:05,290 [main] INFO  [c.u.j.EncryptablePropertySourceConverter] EncryptablePropertySourceConverter.java:38 - Converting PropertySource servletConfigInitParams [org.springframework.core.env.PropertySource$StubPropertySource] to EncryptablePropertySourceWrapper
2019-03-27 15:24:05,290 [main] INFO  [c.u.j.EncryptablePropertySourceConverter] EncryptablePropertySourceConverter.java:38 - Converting PropertySource servletContextInitParams [org.springframework.core.env.PropertySource$StubPropertySource] to EncryptablePropertySourceWrapper
2019-03-27 15:24:05,291 [main] INFO  [c.u.j.EncryptablePropertySourceConverter] EncryptablePropertySourceConverter.java:38 - Converting PropertySource systemProperties [org.springframework.core.env.MapPropertySource] to EncryptableMapPropertySourceWrapper
2019-03-27 15:24:05,291 [main] INFO  [c.u.j.EncryptablePropertySourceConverter] EncryptablePropertySourceConverter.java:38 - Converting PropertySource systemEnvironment [org.springframework.boot.env.SystemEnvironmentPropertySourceEnvironmentPostProcessor$OriginAwareSystemEnvironmentPropertySource] to EncryptableMapPropertySourceWrapper
2019-03-27 15:24:05,291 [main] INFO  [c.u.j.EncryptablePropertySourceConverter] EncryptablePropertySourceConverter.java:38 - Converting PropertySource random [org.springframework.boot.env.RandomValuePropertySource] to EncryptablePropertySourceWrapper
2019-03-27 15:24:05,291 [main] INFO  [c.u.j.EncryptablePropertySourceConverter] EncryptablePropertySourceConverter.java:38 - Converting PropertySource springCloudClientHostInfo [org.springframework.core.env.MapPropertySource] to EncryptableMapPropertySourceWrapper
2019-03-27 15:24:05,291 [main] INFO  [c.u.j.EncryptablePropertySourceConverter] EncryptablePropertySourceConverter.java:38 - Converting PropertySource defaultProperties [org.springframework.core.env.MapPropertySource] to EncryptableMapPropertySourceWrapper
2019-03-27 15:24:05,304 [main] INFO  [o.s.b.f.a.AutowiredAnnotationBeanPostProcessor] AutowiredAnnotationBeanPostProcessor.java:153 - JSR-330 'javax.inject.Inject' annotation found and supported for autowiring
2019-03-27 15:24:05,331 [main] INFO  [c.u.j.filter.DefaultLazyPropertyFilter] DefaultLazyPropertyFilter.java:31 - Property Filter custom Bean not found with name 'encryptablePropertyFilter'. Initializing Default Property Filter
2019-03-27 15:24:05,474 [main] INFO  [o.s.c.s.PostProcessorRegistrationDelegate$BeanPostProcessorChecker] PostProcessorRegistrationDelegate.java:326 - Bean 'org.springframework.transaction.annotation.ProxyTransactionManagementConfiguration' of type [org.springframework.transaction.annotation.ProxyTransactionManagementConfiguration$$EnhancerBySpringCGLIB$$c1951c85] is not eligible for getting processed by all BeanPostProcessors (for example: not eligible for auto-proxying)
2019-03-27 15:24:05,666 [main] INFO  [o.s.c.s.PostProcessorRegistrationDelegate$BeanPostProcessorChecker] PostProcessorRegistrationDelegate.java:326 - Bean 'org.springframework.security.config.annotation.configuration.ObjectPostProcessorConfiguration' of type [org.springframework.security.config.annotation.configuration.ObjectPostProcessorConfiguration$$EnhancerBySpringCGLIB$$5a42e4bf] is not eligible for getting processed by all BeanPostProcessors (for example: not eligible for auto-proxying)
2019-03-27 15:24:05,675 [main] INFO  [o.s.c.s.PostProcessorRegistrationDelegate$BeanPostProcessorChecker] PostProcessorRegistrationDelegate.java:326 - Bean 'objectPostProcessor' of type [org.springframework.security.config.annotation.configuration.AutowireBeanFactoryObjectPostProcessor] is not eligible for getting processed by all BeanPostProcessors (for example: not eligible for auto-proxying)
2019-03-27 15:24:05,682 [main] INFO  [o.s.c.s.PostProcessorRegistrationDelegate$BeanPostProcessorChecker] PostProcessorRegistrationDelegate.java:326 - Bean 'org.springframework.security.access.expression.method.DefaultMethodSecurityExpressionHandler@aca2fc3' of type [org.springframework.security.oauth2.provider.expression.OAuth2MethodSecurityExpressionHandler] is not eligible for getting processed by all BeanPostProcessors (for example: not eligible for auto-proxying)
2019-03-27 15:24:05,686 [main] INFO  [o.s.c.s.PostProcessorRegistrationDelegate$BeanPostProcessorChecker] PostProcessorRegistrationDelegate.java:326 - Bean 'org.springframework.security.config.annotation.method.configuration.GlobalMethodSecurityConfiguration' of type [org.springframework.security.config.annotation.method.configuration.GlobalMethodSecurityConfiguration$$EnhancerBySpringCGLIB$$7f178771] is not eligible for getting processed by all BeanPostProcessors (for example: not eligible for auto-proxying)
2019-03-27 15:24:05,696 [main] INFO  [o.s.c.s.PostProcessorRegistrationDelegate$BeanPostProcessorChecker] PostProcessorRegistrationDelegate.java:326 - Bean 'methodSecurityMetadataSource' of type [org.springframework.security.access.method.DelegatingMethodSecurityMetadataSource] is not eligible for getting processed by all BeanPostProcessors (for example: not eligible for auto-proxying)
2019-03-27 15:24:05,717 [main] INFO  [o.s.c.s.PostProcessorRegistrationDelegate$BeanPostProcessorChecker] PostProcessorRegistrationDelegate.java:326 - Bean 'org.springframework.cloud.autoconfigure.ConfigurationPropertiesRebinderAutoConfiguration' of type [org.springframework.cloud.autoconfigure.ConfigurationPropertiesRebinderAutoConfiguration$$EnhancerBySpringCGLIB$$ddaf1f82] is not eligible for getting processed by all BeanPostProcessors (for example: not eligible for auto-proxying)
2019-03-27 15:24:06,105 [main] INFO  [org.xnio] Xnio.java:104 - XNIO version 3.3.8.Final
2019-03-27 15:24:06,119 [main] INFO  [org.xnio.nio] NioXnio.java:55 - XNIO NIO Implementation Version 3.3.8.Final
2019-03-27 15:24:06,147 [main] WARN  [io.undertow.websockets.jsr] Bootstrap.java:67 - UT026009: XNIO worker was not set on WebSocketDeploymentInfo, the default worker will be used
2019-03-27 15:24:06,147 [main] WARN  [io.undertow.websockets.jsr] Bootstrap.java:76 - UT026010: Buffer pool was not set on WebSocketDeploymentInfo, the default pool will be used
2019-03-27 15:24:06,171 [main] INFO  [io.undertow.servlet] ServletContextImpl.java:360 - Initializing Spring embedded WebApplicationContext
2019-03-27 15:24:06,172 [main] INFO  [org.springframework.web.context.ContextLoader] ServletWebServerApplicationContext.java:296 - Root WebApplicationContext: initialization completed in 2352 ms
2019-03-27 15:24:06,336 [main] WARN  [com.netflix.config.sources.URLConfigurationSource] URLConfigurationSource.java:121 - No URLs will be polled as dynamic configuration sources.
2019-03-27 15:24:06,336 [main] INFO  [com.netflix.config.sources.URLConfigurationSource] URLConfigurationSource.java:122 - To enable URLs as dynamic configuration sources, define System property archaius.configurationSource.additionalUrls or make config.properties available on classpath.
2019-03-27 15:24:06,349 [main] INFO  [com.netflix.config.DynamicPropertyFactory] DynamicPropertyFactory.java:281 - DynamicPropertyFactory is initialized with configuration sources: com.netflix.config.ConcurrentCompositeConfiguration@353b0719
2019-03-27 15:24:06,407 [main] INFO  [c.u.j.resolver.DefaultLazyPropertyResolver] DefaultLazyPropertyResolver.java:31 - Property Resolver custom Bean not found with name 'encryptablePropertyResolver'. Initializing Default Property Resolver
2019-03-27 15:24:06,408 [main] INFO  [c.u.j.detector.DefaultLazyPropertyDetector] DefaultLazyPropertyDetector.java:30 - Property Detector custom Bean not found with name 'encryptablePropertyDetector'. Initializing Default Property Detector
2019-03-27 15:24:07,984 [main] INFO  [o.s.boot.web.servlet.FilterRegistrationBean] AbstractFilterRegistrationBean.java:245 - Mapping filter: 'characterEncodingFilter' to: [/*]
2019-03-27 15:24:07,985 [main] INFO  [o.s.boot.web.servlet.FilterRegistrationBean] AbstractFilterRegistrationBean.java:245 - Mapping filter: 'webMvcMetricsFilter' to: [/*]
2019-03-27 15:24:07,985 [main] INFO  [o.s.boot.web.servlet.FilterRegistrationBean] AbstractFilterRegistrationBean.java:245 - Mapping filter: 'hiddenHttpMethodFilter' to: [/*]
2019-03-27 15:24:07,985 [main] INFO  [o.s.boot.web.servlet.FilterRegistrationBean] AbstractFilterRegistrationBean.java:245 - Mapping filter: 'httpPutFormContentFilter' to: [/*]
2019-03-27 15:24:07,986 [main] INFO  [o.s.boot.web.servlet.FilterRegistrationBean] AbstractFilterRegistrationBean.java:245 - Mapping filter: 'requestContextFilter' to: [/*]
2019-03-27 15:24:07,987 [main] INFO  [o.s.b.w.s.DelegatingFilterProxyRegistrationBean] AbstractFilterRegistrationBean.java:245 - Mapping filter: 'springSecurityFilterChain' to: [/*]
2019-03-27 15:24:07,987 [main] INFO  [o.s.boot.web.servlet.FilterRegistrationBean] AbstractFilterRegistrationBean.java:245 - Mapping filter: 'httpTraceFilter' to: [/*]
2019-03-27 15:24:07,987 [main] INFO  [o.s.boot.web.servlet.ServletRegistrationBean] ServletRegistrationBean.java:187 - Servlet dispatcherServlet mapped to [/]
2019-03-27 15:24:07,991 [main] INFO  [o.s.b.a.endpoint.web.ServletEndpointRegistrar] ServletEndpointRegistrar.java:78 - Registered '/actuator/jolokia' to jolokia-actuator-endpoint
2019-03-27 15:24:07,991 [main] INFO  [o.s.b.a.endpoint.web.ServletEndpointRegistrar] ServletEndpointRegistrar.java:78 - Registered '/actuator/hystrix.stream' to hystrix.stream-actuator-endpoint
2019-03-27 15:24:08,211 [main] INFO  [com.zaxxer.hikari.HikariDataSource] HikariDataSource.java:110 - HikariPool-1 - Starting...
2019-03-27 15:24:08,467 [main] INFO  [com.zaxxer.hikari.HikariDataSource] HikariDataSource.java:123 - HikariPool-1 - Start completed.
2019-03-27 15:24:08,642 [main] WARN  [c.b.mybatisplus.core.toolkit.TableInfoHelper] TableInfoHelper.java:250 - Warn: Could not find @TableId in Class: com.pig4cloud.pig.admin.api.entity.SysDeptRelation.
2019-03-27 15:24:08,855 [main] WARN  [c.b.mybatisplus.core.toolkit.TableInfoHelper] TableInfoHelper.java:250 - Warn: Could not find @TableId in Class: com.pig4cloud.pig.admin.api.entity.SysUserRole.
2019-03-27 15:24:09,040 [main] WARN  [c.b.mybatisplus.core.toolkit.TableInfoHelper] TableInfoHelper.java:250 - Warn: Could not find @TableId in Class: com.pig4cloud.pig.admin.api.entity.SysRoleMenu.
2019-03-27 15:24:09,457 [main] INFO  [o.s.c.a.AnnotationConfigApplicationContext] AbstractApplicationContext.java:588 - Refreshing FeignContext-pig-auth: startup date [Wed Mar 27 15:24:09 CST 2019]; parent: org.springframework.boot.web.servlet.context.AnnotationConfigServletWebServerApplicationContext@64b7225f
2019-03-27 15:24:09,473 [main] INFO  [o.s.b.f.a.AutowiredAnnotationBeanPostProcessor] AutowiredAnnotationBeanPostProcessor.java:153 - JSR-330 'javax.inject.Inject' annotation found and supported for autowiring
2019-03-27 15:24:09,694 [main] INFO  [c.u.j.encryptor.DefaultLazyEncryptor] DefaultLazyEncryptor.java:32 - String Encryptor custom Bean not found with name 'jasyptStringEncryptor'. Initializing Default String Encryptor
2019-03-27 15:24:09,704 [main] INFO  [c.u.j.encryptor.DefaultLazyEncryptor] DefaultLazyEncryptor.java:58 - Encryptor config not found for property jasypt.encryptor.algorithm, using default value: PBEWithMD5AndDES
2019-03-27 15:24:09,704 [main] INFO  [c.u.j.encryptor.DefaultLazyEncryptor] DefaultLazyEncryptor.java:58 - Encryptor config not found for property jasypt.encryptor.keyObtentionIterations, using default value: 1000
2019-03-27 15:24:09,704 [main] INFO  [c.u.j.encryptor.DefaultLazyEncryptor] DefaultLazyEncryptor.java:58 - Encryptor config not found for property jasypt.encryptor.poolSize, using default value: 1
2019-03-27 15:24:09,705 [main] INFO  [c.u.j.encryptor.DefaultLazyEncryptor] DefaultLazyEncryptor.java:58 - Encryptor config not found for property jasypt.encryptor.providerName, using default value: null
2019-03-27 15:24:09,705 [main] INFO  [c.u.j.encryptor.DefaultLazyEncryptor] DefaultLazyEncryptor.java:58 - Encryptor config not found for property jasypt.encryptor.providerClassName, using default value: null
2019-03-27 15:24:09,705 [main] INFO  [c.u.j.encryptor.DefaultLazyEncryptor] DefaultLazyEncryptor.java:58 - Encryptor config not found for property jasypt.encryptor.saltGeneratorClassname, using default value: org.jasypt.salt.RandomSaltGenerator
2019-03-27 15:24:09,707 [main] INFO  [c.u.j.encryptor.DefaultLazyEncryptor] DefaultLazyEncryptor.java:58 - Encryptor config not found for property jasypt.encryptor.stringOutputType, using default value: base64
2019-03-27 15:24:10,198 [main] INFO  [o.s.c.a.AnnotationConfigApplicationContext] AbstractApplicationContext.java:588 - Refreshing FeignContext-pig-upms: startup date [Wed Mar 27 15:24:10 CST 2019]; parent: org.springframework.boot.web.servlet.context.AnnotationConfigServletWebServerApplicationContext@64b7225f
2019-03-27 15:24:10,210 [main] INFO  [o.s.b.f.a.AutowiredAnnotationBeanPostProcessor] AutowiredAnnotationBeanPostProcessor.java:153 - JSR-330 'javax.inject.Inject' annotation found and supported for autowiring
2019-03-27 15:24:10,471 [main] WARN  [com.netflix.config.sources.URLConfigurationSource] URLConfigurationSource.java:121 - No URLs will be polled as dynamic configuration sources.
2019-03-27 15:24:10,471 [main] INFO  [com.netflix.config.sources.URLConfigurationSource] URLConfigurationSource.java:122 - To enable URLs as dynamic configuration sources, define System property archaius.configurationSource.additionalUrls or make config.properties available on classpath.
2019-03-27 15:24:10,653 [main] INFO  [o.s.web.servlet.handler.SimpleUrlHandlerMapping] AbstractUrlHandlerMapping.java:373 - Mapped URL path [/**/favicon.ico] onto handler of type [class org.springframework.web.servlet.resource.ResourceHttpRequestHandler]
2019-03-27 15:24:10,802 [main] INFO  [o.s.w.s.m.m.a.RequestMappingHandlerAdapter] RequestMappingHandlerAdapter.java:588 - Looking for @ControllerAdvice: org.springframework.boot.web.servlet.context.AnnotationConfigServletWebServerApplicationContext@64b7225f: startup date [Wed Mar 27 15:24:03 CST 2019]; parent: org.springframework.context.annotation.AnnotationConfigApplicationContext@791f145a
2019-03-27 15:24:10,891 [main] INFO  [o.s.w.s.m.m.a.RequestMappingHandlerMapping] AbstractHandlerMethodMapping.java:550 - Mapped "{[/dept],methods=[PUT]}" onto public com.pig4cloud.pig.common.core.util.R com.pig4cloud.pig.admin.controller.DeptController.update(com.pig4cloud.pig.admin.api.entity.SysDept)
2019-03-27 15:24:10,892 [main] INFO  [o.s.w.s.m.m.a.RequestMappingHandlerMapping] AbstractHandlerMethodMapping.java:550 - Mapped "{[/dept],methods=[POST]}" onto public com.pig4cloud.pig.common.core.util.R com.pig4cloud.pig.admin.controller.DeptController.save(com.pig4cloud.pig.admin.api.entity.SysDept)
2019-03-27 15:24:10,893 [main] INFO  [o.s.w.s.m.m.a.RequestMappingHandlerMapping] AbstractHandlerMethodMapping.java:550 - Mapped "{[/dept/user-tree],methods=[GET]}" onto public com.pig4cloud.pig.common.core.util.R com.pig4cloud.pig.admin.controller.DeptController.listCurrentUserDeptTrees()
2019-03-27 15:24:10,893 [main] INFO  [o.s.w.s.m.m.a.RequestMappingHandlerMapping] AbstractHandlerMethodMapping.java:550 - Mapped "{[/dept/{id}],methods=[DELETE]}" onto public com.pig4cloud.pig.common.core.util.R com.pig4cloud.pig.admin.controller.DeptController.removeById(java.lang.Integer)
2019-03-27 15:24:10,893 [main] INFO  [o.s.w.s.m.m.a.RequestMappingHandlerMapping] AbstractHandlerMethodMapping.java:550 - Mapped "{[/dept/tree],methods=[GET]}" onto public com.pig4cloud.pig.common.core.util.R com.pig4cloud.pig.admin.controller.DeptController.listDeptTrees()
2019-03-27 15:24:10,894 [main] INFO  [o.s.w.s.m.m.a.RequestMappingHandlerMapping] AbstractHandlerMethodMapping.java:550 - Mapped "{[/dept/{id}],methods=[GET]}" onto public com.pig4cloud.pig.common.core.util.R com.pig4cloud.pig.admin.controller.DeptController.getById(java.lang.Integer)
2019-03-27 15:24:10,895 [main] INFO  [o.s.w.s.m.m.a.RequestMappingHandlerMapping] AbstractHandlerMethodMapping.java:550 - Mapped "{[/dict],methods=[POST]}" onto public com.pig4cloud.pig.common.core.util.R com.pig4cloud.pig.admin.controller.DictController.save(com.pig4cloud.pig.admin.api.entity.SysDict)
2019-03-27 15:24:10,895 [main] INFO  [o.s.w.s.m.m.a.RequestMappingHandlerMapping] AbstractHandlerMethodMapping.java:550 - Mapped "{[/dict/page],methods=[GET]}" onto public com.pig4cloud.pig.common.core.util.R<com.baomidou.mybatisplus.core.metadata.IPage> com.pig4cloud.pig.admin.controller.DictController.getDictPage(com.baomidou.mybatisplus.extension.plugins.pagination.Page,com.pig4cloud.pig.admin.api.entity.SysDict)
2019-03-27 15:24:10,896 [main] INFO  [o.s.w.s.m.m.a.RequestMappingHandlerMapping] AbstractHandlerMethodMapping.java:550 - Mapped "{[/dict],methods=[PUT]}" onto public com.pig4cloud.pig.common.core.util.R com.pig4cloud.pig.admin.controller.DictController.updateById(com.pig4cloud.pig.admin.api.entity.SysDict)
2019-03-27 15:24:10,896 [main] INFO  [o.s.w.s.m.m.a.RequestMappingHandlerMapping] AbstractHandlerMethodMapping.java:550 - Mapped "{[/dict/{id}/{type}],methods=[DELETE]}" onto public com.pig4cloud.pig.common.core.util.R com.pig4cloud.pig.admin.controller.DictController.removeById(java.lang.Integer,java.lang.String)
2019-03-27 15:24:10,897 [main] INFO  [o.s.w.s.m.m.a.RequestMappingHandlerMapping] AbstractHandlerMethodMapping.java:550 - Mapped "{[/dict/{id}],methods=[GET]}" onto public com.pig4cloud.pig.common.core.util.R com.pig4cloud.pig.admin.controller.DictController.getById(java.lang.Integer)
2019-03-27 15:24:10,897 [main] INFO  [o.s.w.s.m.m.a.RequestMappingHandlerMapping] AbstractHandlerMethodMapping.java:550 - Mapped "{[/dict/type/{type}],methods=[GET]}" onto public com.pig4cloud.pig.common.core.util.R com.pig4cloud.pig.admin.controller.DictController.getDictByType(java.lang.String)
2019-03-27 15:24:10,898 [main] INFO  [o.s.w.s.m.m.a.RequestMappingHandlerMapping] AbstractHandlerMethodMapping.java:550 - Mapped "{[/log],methods=[POST]}" onto public com.pig4cloud.pig.common.core.util.R com.pig4cloud.pig.admin.controller.LogController.save(com.pig4cloud.pig.admin.api.entity.SysLog)
2019-03-27 15:24:10,899 [main] INFO  [o.s.w.s.m.m.a.RequestMappingHandlerMapping] AbstractHandlerMethodMapping.java:550 - Mapped "{[/log/{id}],methods=[DELETE]}" onto public com.pig4cloud.pig.common.core.util.R com.pig4cloud.pig.admin.controller.LogController.removeById(java.lang.Long)
2019-03-27 15:24:10,899 [main] INFO  [o.s.w.s.m.m.a.RequestMappingHandlerMapping] AbstractHandlerMethodMapping.java:550 - Mapped "{[/log/page],methods=[GET]}" onto public com.pig4cloud.pig.common.core.util.R com.pig4cloud.pig.admin.controller.LogController.getLogPage(com.baomidou.mybatisplus.extension.plugins.pagination.Page,com.pig4cloud.pig.admin.api.entity.SysLog)
2019-03-27 15:24:10,902 [main] INFO  [o.s.w.s.m.m.a.RequestMappingHandlerMapping] AbstractHandlerMethodMapping.java:550 - Mapped "{[/menu],methods=[PUT]}" onto public com.pig4cloud.pig.common.core.util.R com.pig4cloud.pig.admin.controller.MenuController.update(com.pig4cloud.pig.admin.api.entity.SysMenu)
2019-03-27 15:24:10,903 [main] INFO  [o.s.w.s.m.m.a.RequestMappingHandlerMapping] AbstractHandlerMethodMapping.java:550 - Mapped "{[/menu],methods=[POST]}" onto public com.pig4cloud.pig.common.core.util.R com.pig4cloud.pig.admin.controller.MenuController.save(com.pig4cloud.pig.admin.api.entity.SysMenu)
2019-03-27 15:24:10,903 [main] INFO  [o.s.w.s.m.m.a.RequestMappingHandlerMapping] AbstractHandlerMethodMapping.java:550 - Mapped "{[/menu/tree],methods=[GET]}" onto public com.pig4cloud.pig.common.core.util.R com.pig4cloud.pig.admin.controller.MenuController.getTree()
2019-03-27 15:24:10,903 [main] INFO  [o.s.w.s.m.m.a.RequestMappingHandlerMapping] AbstractHandlerMethodMapping.java:550 - Mapped "{[/menu/{id}],methods=[DELETE]}" onto public com.pig4cloud.pig.common.core.util.R com.pig4cloud.pig.admin.controller.MenuController.removeById(java.lang.Integer)
2019-03-27 15:24:10,903 [main] INFO  [o.s.w.s.m.m.a.RequestMappingHandlerMapping] AbstractHandlerMethodMapping.java:550 - Mapped "{[/menu],methods=[GET]}" onto public com.pig4cloud.pig.common.core.util.R com.pig4cloud.pig.admin.controller.MenuController.getUserMenu()
2019-03-27 15:24:10,904 [main] INFO  [o.s.w.s.m.m.a.RequestMappingHandlerMapping] AbstractHandlerMethodMapping.java:550 - Mapped "{[/menu/{id}],methods=[GET]}" onto public com.pig4cloud.pig.common.core.util.R com.pig4cloud.pig.admin.controller.MenuController.getById(java.lang.Integer)
2019-03-27 15:24:10,904 [main] INFO  [o.s.w.s.m.m.a.RequestMappingHandlerMapping] AbstractHandlerMethodMapping.java:550 - Mapped "{[/menu/tree/{roleId}],methods=[GET]}" onto public java.util.List com.pig4cloud.pig.admin.controller.MenuController.getRoleTree(java.lang.Integer)
2019-03-27 15:24:10,905 [main] INFO  [o.s.w.s.m.m.a.RequestMappingHandlerMapping] AbstractHandlerMethodMapping.java:550 - Mapped "{[/client],methods=[POST]}" onto public com.pig4cloud.pig.common.core.util.R com.pig4cloud.pig.admin.controller.OauthClientDetailsController.add(com.pig4cloud.pig.admin.api.entity.SysOauthClientDetails)
2019-03-27 15:24:10,906 [main] INFO  [o.s.w.s.m.m.a.RequestMappingHandlerMapping] AbstractHandlerMethodMapping.java:550 - Mapped "{[/client],methods=[PUT]}" onto public com.pig4cloud.pig.common.core.util.R com.pig4cloud.pig.admin.controller.OauthClientDetailsController.update(com.pig4cloud.pig.admin.api.entity.SysOauthClientDetails)
2019-03-27 15:24:10,906 [main] INFO  [o.s.w.s.m.m.a.RequestMappingHandlerMapping] AbstractHandlerMethodMapping.java:550 - Mapped "{[/client/page],methods=[GET]}" onto public com.pig4cloud.pig.common.core.util.R com.pig4cloud.pig.admin.controller.OauthClientDetailsController.getOauthClientDetailsPage(com.baomidou.mybatisplus.extension.plugins.pagination.Page,com.pig4cloud.pig.admin.api.entity.SysOauthClientDetails)
2019-03-27 15:24:10,907 [main] INFO  [o.s.w.s.m.m.a.RequestMappingHandlerMapping] AbstractHandlerMethodMapping.java:550 - Mapped "{[/client/{id}],methods=[DELETE]}" onto public com.pig4cloud.pig.common.core.util.R com.pig4cloud.pig.admin.controller.OauthClientDetailsController.removeById(java.lang.String)
2019-03-27 15:24:10,907 [main] INFO  [o.s.w.s.m.m.a.RequestMappingHandlerMapping] AbstractHandlerMethodMapping.java:550 - Mapped "{[/client/{id}],methods=[GET]}" onto public com.pig4cloud.pig.common.core.util.R com.pig4cloud.pig.admin.controller.OauthClientDetailsController.getById(java.lang.Integer)
2019-03-27 15:24:10,911 [main] INFO  [o.s.w.s.m.m.a.RequestMappingHandlerMapping] AbstractHandlerMethodMapping.java:550 - Mapped "{[/role],methods=[PUT]}" onto public com.pig4cloud.pig.common.core.util.R com.pig4cloud.pig.admin.controller.RoleController.update(com.pig4cloud.pig.admin.api.entity.SysRole)
2019-03-27 15:24:10,911 [main] INFO  [o.s.w.s.m.m.a.RequestMappingHandlerMapping] AbstractHandlerMethodMapping.java:550 - Mapped "{[/role],methods=[POST]}" onto public com.pig4cloud.pig.common.core.util.R com.pig4cloud.pig.admin.controller.RoleController.save(com.pig4cloud.pig.admin.api.entity.SysRole)
2019-03-27 15:24:10,912 [main] INFO  [o.s.w.s.m.m.a.RequestMappingHandlerMapping] AbstractHandlerMethodMapping.java:550 - Mapped "{[/role/{id}],methods=[DELETE]}" onto public com.pig4cloud.pig.common.core.util.R com.pig4cloud.pig.admin.controller.RoleController.removeById(java.lang.Integer)
2019-03-27 15:24:10,912 [main] INFO  [o.s.w.s.m.m.a.RequestMappingHandlerMapping] AbstractHandlerMethodMapping.java:550 - Mapped "{[/role/{id}],methods=[GET]}" onto public com.pig4cloud.pig.common.core.util.R com.pig4cloud.pig.admin.controller.RoleController.getById(java.lang.Integer)
2019-03-27 15:24:10,912 [main] INFO  [o.s.w.s.m.m.a.RequestMappingHandlerMapping] AbstractHandlerMethodMapping.java:550 - Mapped "{[/role/menu],methods=[PUT]}" onto public com.pig4cloud.pig.common.core.util.R com.pig4cloud.pig.admin.controller.RoleController.saveRoleMenus(java.lang.Integer,java.lang.String)
2019-03-27 15:24:10,913 [main] INFO  [o.s.w.s.m.m.a.RequestMappingHandlerMapping] AbstractHandlerMethodMapping.java:550 - Mapped "{[/role/page],methods=[GET]}" onto public com.pig4cloud.pig.common.core.util.R com.pig4cloud.pig.admin.controller.RoleController.getRolePage(com.baomidou.mybatisplus.extension.plugins.pagination.Page)
2019-03-27 15:24:10,913 [main] INFO  [o.s.w.s.m.m.a.RequestMappingHandlerMapping] AbstractHandlerMethodMapping.java:550 - Mapped "{[/role/list],methods=[GET]}" onto public com.pig4cloud.pig.common.core.util.R com.pig4cloud.pig.admin.controller.RoleController.listRoles()
2019-03-27 15:24:10,914 [main] INFO  [o.s.w.s.m.m.a.RequestMappingHandlerMapping] AbstractHandlerMethodMapping.java:550 - Mapped "{[/shop],methods=[PUT]}" onto public com.pig4cloud.pig.common.core.util.R com.pig4cloud.pig.admin.controller.ShopController.update(com.pig4cloud.pig.admin.api.entity.SysShop)
2019-03-27 15:24:10,914 [main] INFO  [o.s.w.s.m.m.a.RequestMappingHandlerMapping] AbstractHandlerMethodMapping.java:550 - Mapped "{[/shop],methods=[POST]}" onto public com.pig4cloud.pig.common.core.util.R com.pig4cloud.pig.admin.controller.ShopController.save(com.pig4cloud.pig.admin.api.entity.SysShop)
2019-03-27 15:24:10,915 [main] INFO  [o.s.w.s.m.m.a.RequestMappingHandlerMapping] AbstractHandlerMethodMapping.java:550 - Mapped "{[/shop/{id}],methods=[DELETE]}" onto public com.pig4cloud.pig.common.core.util.R com.pig4cloud.pig.admin.controller.ShopController.removeById(java.lang.Integer)
2019-03-27 15:24:10,915 [main] INFO  [o.s.w.s.m.m.a.RequestMappingHandlerMapping] AbstractHandlerMethodMapping.java:550 - Mapped "{[/shop/{id}],methods=[GET]}" onto public com.pig4cloud.pig.common.core.util.R<com.pig4cloud.pig.admin.api.entity.SysShop> com.pig4cloud.pig.admin.controller.ShopController.getById(java.lang.Integer)
2019-03-27 15:24:10,915 [main] INFO  [o.s.w.s.m.m.a.RequestMappingHandlerMapping] AbstractHandlerMethodMapping.java:550 - Mapped "{[/shop/page],methods=[GET]}" onto public com.pig4cloud.pig.common.core.util.R<com.baomidou.mybatisplus.core.metadata.IPage<com.pig4cloud.pig.admin.api.entity.SysShop>> com.pig4cloud.pig.admin.controller.ShopController.getSysShopPage(com.baomidou.mybatisplus.extension.plugins.pagination.Page<com.pig4cloud.pig.admin.api.entity.SysShop>,com.pig4cloud.pig.admin.api.entity.SysShop)
2019-03-27 15:24:10,916 [main] INFO  [o.s.w.s.m.m.a.RequestMappingHandlerMapping] AbstractHandlerMethodMapping.java:550 - Mapped "{[/token/{id}],methods=[DELETE]}" onto public com.pig4cloud.pig.common.core.util.R<java.lang.Boolean> com.pig4cloud.pig.admin.controller.TokenController.delete(java.lang.String)
2019-03-27 15:24:10,917 [main] INFO  [o.s.w.s.m.m.a.RequestMappingHandlerMapping] AbstractHandlerMethodMapping.java:550 - Mapped "{[/token/page],methods=[GET]}" onto public com.pig4cloud.pig.common.core.util.R com.pig4cloud.pig.admin.controller.TokenController.token(java.util.Map<java.lang.String, java.lang.Object>)
2019-03-27 15:24:10,918 [main] INFO  [o.s.w.s.m.m.a.RequestMappingHandlerMapping] AbstractHandlerMethodMapping.java:550 - Mapped "{[/user/info],methods=[GET]}" onto public com.pig4cloud.pig.common.core.util.R com.pig4cloud.pig.admin.controller.UserController.info()
2019-03-27 15:24:10,919 [main] INFO  [o.s.w.s.m.m.a.RequestMappingHandlerMapping] AbstractHandlerMethodMapping.java:550 - Mapped "{[/user/info/{username}],methods=[GET]}" onto public com.pig4cloud.pig.common.core.util.R com.pig4cloud.pig.admin.controller.UserController.info(java.lang.String)
2019-03-27 15:24:10,919 [main] INFO  [o.s.w.s.m.m.a.RequestMappingHandlerMapping] AbstractHandlerMethodMapping.java:550 - Mapped "{[/user/{id}],methods=[GET]}" onto public com.pig4cloud.pig.common.core.util.R com.pig4cloud.pig.admin.controller.UserController.user(java.lang.Integer)
2019-03-27 15:24:10,919 [main] INFO  [o.s.w.s.m.m.a.RequestMappingHandlerMapping] AbstractHandlerMethodMapping.java:550 - Mapped "{[/user],methods=[POST]}" onto public com.pig4cloud.pig.common.core.util.R com.pig4cloud.pig.admin.controller.UserController.user(com.pig4cloud.pig.admin.api.dto.UserDTO)
2019-03-27 15:24:10,920 [main] INFO  [o.s.w.s.m.m.a.RequestMappingHandlerMapping] AbstractHandlerMethodMapping.java:550 - Mapped "{[/user/details/{username}],methods=[GET]}" onto public com.pig4cloud.pig.common.core.util.R com.pig4cloud.pig.admin.controller.UserController.user(java.lang.String)
2019-03-27 15:24:10,920 [main] INFO  [o.s.w.s.m.m.a.RequestMappingHandlerMapping] AbstractHandlerMethodMapping.java:550 - Mapped "{[/user/ancestor/{username}],methods=[GET]}" onto public com.pig4cloud.pig.common.core.util.R com.pig4cloud.pig.admin.controller.UserController.listAncestorUsers(java.lang.String)
2019-03-27 15:24:10,920 [main] INFO  [o.s.w.s.m.m.a.RequestMappingHandlerMapping] AbstractHandlerMethodMapping.java:550 - Mapped "{[/user/page],methods=[GET]}" onto public com.pig4cloud.pig.common.core.util.R com.pig4cloud.pig.admin.controller.UserController.getUserPage(com.baomidou.mybatisplus.extension.plugins.pagination.Page,com.pig4cloud.pig.admin.api.dto.UserDTO)
2019-03-27 15:24:10,921 [main] INFO  [o.s.w.s.m.m.a.RequestMappingHandlerMapping] AbstractHandlerMethodMapping.java:550 - Mapped "{[/user/{id}],methods=[DELETE]}" onto public com.pig4cloud.pig.common.core.util.R com.pig4cloud.pig.admin.controller.UserController.userDel(java.lang.Integer)
2019-03-27 15:24:10,921 [main] INFO  [o.s.w.s.m.m.a.RequestMappingHandlerMapping] AbstractHandlerMethodMapping.java:550 - Mapped "{[/user],methods=[PUT]}" onto public com.pig4cloud.pig.common.core.util.R com.pig4cloud.pig.admin.controller.UserController.updateUser(com.pig4cloud.pig.admin.api.dto.UserDTO)
2019-03-27 15:24:10,921 [main] INFO  [o.s.w.s.m.m.a.RequestMappingHandlerMapping] AbstractHandlerMethodMapping.java:550 - Mapped "{[/user/edit],methods=[PUT]}" onto public com.pig4cloud.pig.common.core.util.R com.pig4cloud.pig.admin.controller.UserController.updateUserInfo(com.pig4cloud.pig.admin.api.dto.UserDTO)
2019-03-27 15:24:10,924 [main] INFO  [o.s.w.s.m.m.a.RequestMappingHandlerMapping] AbstractHandlerMethodMapping.java:550 - Mapped "{[/error]}" onto public org.springframework.http.ResponseEntity<java.util.Map<java.lang.String, java.lang.Object>> org.springframework.boot.autoconfigure.web.servlet.error.BasicErrorController.error(javax.servlet.http.HttpServletRequest)
2019-03-27 15:24:10,924 [main] INFO  [o.s.w.s.m.m.a.RequestMappingHandlerMapping] AbstractHandlerMethodMapping.java:550 - Mapped "{[/error],produces=[text/html]}" onto public org.springframework.web.servlet.ModelAndView org.springframework.boot.autoconfigure.web.servlet.error.BasicErrorController.errorHtml(javax.servlet.http.HttpServletRequest,javax.servlet.http.HttpServletResponse)
2019-03-27 15:24:10,991 [main] INFO  [o.s.web.servlet.handler.SimpleUrlHandlerMapping] AbstractUrlHandlerMapping.java:373 - Mapped URL path [/webjars/**] onto handler of type [class org.springframework.web.servlet.resource.ResourceHttpRequestHandler]
2019-03-27 15:24:10,991 [main] INFO  [o.s.web.servlet.handler.SimpleUrlHandlerMapping] AbstractUrlHandlerMapping.java:373 - Mapped URL path [/**] onto handler of type [class org.springframework.web.servlet.resource.ResourceHttpRequestHandler]
2019-03-27 15:24:11,021 [main] INFO  [o.s.w.s.m.m.a.ExceptionHandlerExceptionResolver] ExceptionHandlerExceptionResolver.java:288 - Detected @ExceptionHandler methods in com.pig4cloud.pig.common.core.exception.GlobalExceptionHandler
2019-03-27 15:24:12,310 [main] INFO  [o.s.security.web.DefaultSecurityFilterChain] DefaultSecurityFilterChain.java:43 - Creating filter chain: org.springframework.security.web.util.matcher.AnyRequestMatcher@1, [org.springframework.security.web.context.request.async.WebAsyncManagerIntegrationFilter@77ad2767, org.springframework.security.web.context.SecurityContextPersistenceFilter@6f7c4e0, org.springframework.security.web.header.HeaderWriterFilter@11cdf948, org.springframework.security.web.authentication.logout.LogoutFilter@2d114d27, org.springframework.security.oauth2.provider.authentication.OAuth2AuthenticationProcessingFilter@7a14ab66, org.springframework.security.web.savedrequest.RequestCacheAwareFilter@8b1bfdf, org.springframework.security.web.servletapi.SecurityContextHolderAwareRequestFilter@d17d554, org.springframework.security.web.authentication.AnonymousAuthenticationFilter@e460ca1, org.springframework.security.web.session.SessionManagementFilter@7efba9b9, org.springframework.security.web.access.ExceptionTranslationFilter@4700963e, org.springframework.security.web.access.intercept.FilterSecurityInterceptor@446981a4]
2019-03-27 15:24:12,356 [main] INFO  [o.s.b.actuate.endpoint.web.EndpointLinksResolver] EndpointLinksResolver.java:59 - Exposing 20 endpoint(s) beneath base path '/actuator'
2019-03-27 15:24:12,370 [main] INFO  [o.s.b.a.e.web.servlet.WebMvcEndpointHandlerMapping] AbstractHandlerMethodMapping.java:550 - Mapped "{[/actuator/archaius],methods=[GET],produces=[application/vnd.spring-boot.actuator.v2+json || application/json]}" onto public java.lang.Object org.springframework.boot.actuate.endpoint.web.servlet.AbstractWebMvcEndpointHandlerMapping$OperationHandler.handle(javax.servlet.http.HttpServletRequest,java.util.Map<java.lang.String, java.lang.String>)
2019-03-27 15:24:12,371 [main] INFO  [o.s.b.a.e.web.servlet.WebMvcEndpointHandlerMapping] AbstractHandlerMethodMapping.java:550 - Mapped "{[/actuator/auditevents],methods=[GET],produces=[application/vnd.spring-boot.actuator.v2+json || application/json]}" onto public java.lang.Object org.springframework.boot.actuate.endpoint.web.servlet.AbstractWebMvcEndpointHandlerMapping$OperationHandler.handle(javax.servlet.http.HttpServletRequest,java.util.Map<java.lang.String, java.lang.String>)
2019-03-27 15:24:12,371 [main] INFO  [o.s.b.a.e.web.servlet.WebMvcEndpointHandlerMapping] AbstractHandlerMethodMapping.java:550 - Mapped "{[/actuator/beans],methods=[GET],produces=[application/vnd.spring-boot.actuator.v2+json || application/json]}" onto public java.lang.Object org.springframework.boot.actuate.endpoint.web.servlet.AbstractWebMvcEndpointHandlerMapping$OperationHandler.handle(javax.servlet.http.HttpServletRequest,java.util.Map<java.lang.String, java.lang.String>)
2019-03-27 15:24:12,372 [main] INFO  [o.s.b.a.e.web.servlet.WebMvcEndpointHandlerMapping] AbstractHandlerMethodMapping.java:550 - Mapped "{[/actuator/health],methods=[GET],produces=[application/vnd.spring-boot.actuator.v2+json || application/json]}" onto public java.lang.Object org.springframework.boot.actuate.endpoint.web.servlet.AbstractWebMvcEndpointHandlerMapping$OperationHandler.handle(javax.servlet.http.HttpServletRequest,java.util.Map<java.lang.String, java.lang.String>)
2019-03-27 15:24:12,372 [main] INFO  [o.s.b.a.e.web.servlet.WebMvcEndpointHandlerMapping] AbstractHandlerMethodMapping.java:550 - Mapped "{[/actuator/conditions],methods=[GET],produces=[application/vnd.spring-boot.actuator.v2+json || application/json]}" onto public java.lang.Object org.springframework.boot.actuate.endpoint.web.servlet.AbstractWebMvcEndpointHandlerMapping$OperationHandler.handle(javax.servlet.http.HttpServletRequest,java.util.Map<java.lang.String, java.lang.String>)
2019-03-27 15:24:12,372 [main] INFO  [o.s.b.a.e.web.servlet.WebMvcEndpointHandlerMapping] AbstractHandlerMethodMapping.java:550 - Mapped "{[/actuator/configprops],methods=[GET],produces=[application/vnd.spring-boot.actuator.v2+json || application/json]}" onto public java.lang.Object org.springframework.boot.actuate.endpoint.web.servlet.AbstractWebMvcEndpointHandlerMapping$OperationHandler.handle(javax.servlet.http.HttpServletRequest,java.util.Map<java.lang.String, java.lang.String>)
2019-03-27 15:24:12,373 [main] INFO  [o.s.b.a.e.web.servlet.WebMvcEndpointHandlerMapping] AbstractHandlerMethodMapping.java:550 - Mapped "{[/actuator/env],methods=[GET],produces=[application/vnd.spring-boot.actuator.v2+json || application/json]}" onto public java.lang.Object org.springframework.boot.actuate.endpoint.web.servlet.AbstractWebMvcEndpointHandlerMapping$OperationHandler.handle(javax.servlet.http.HttpServletRequest,java.util.Map<java.lang.String, java.lang.String>)
2019-03-27 15:24:12,373 [main] INFO  [o.s.b.a.e.web.servlet.WebMvcEndpointHandlerMapping] AbstractHandlerMethodMapping.java:550 - Mapped "{[/actuator/env/{toMatch}],methods=[GET],produces=[application/vnd.spring-boot.actuator.v2+json || application/json]}" onto public java.lang.Object org.springframework.boot.actuate.endpoint.web.servlet.AbstractWebMvcEndpointHandlerMapping$OperationHandler.handle(javax.servlet.http.HttpServletRequest,java.util.Map<java.lang.String, java.lang.String>)
2019-03-27 15:24:12,376 [main] INFO  [o.s.b.a.e.web.servlet.WebMvcEndpointHandlerMapping] AbstractHandlerMethodMapping.java:550 - Mapped "{[/actuator/env],methods=[POST],consumes=[application/vnd.spring-boot.actuator.v2+json || application/json],produces=[application/vnd.spring-boot.actuator.v2+json || application/json]}" onto public java.lang.Object org.springframework.boot.actuate.endpoint.web.servlet.AbstractWebMvcEndpointHandlerMapping$OperationHandler.handle(javax.servlet.http.HttpServletRequest,java.util.Map<java.lang.String, java.lang.String>)
2019-03-27 15:24:12,376 [main] INFO  [o.s.b.a.e.web.servlet.WebMvcEndpointHandlerMapping] AbstractHandlerMethodMapping.java:550 - Mapped "{[/actuator/env],methods=[DELETE],produces=[application/vnd.spring-boot.actuator.v2+json || application/json]}" onto public java.lang.Object org.springframework.boot.actuate.endpoint.web.servlet.AbstractWebMvcEndpointHandlerMapping$OperationHandler.handle(javax.servlet.http.HttpServletRequest,java.util.Map<java.lang.String, java.lang.String>)
2019-03-27 15:24:12,376 [main] INFO  [o.s.b.a.e.web.servlet.WebMvcEndpointHandlerMapping] AbstractHandlerMethodMapping.java:550 - Mapped "{[/actuator/info],methods=[GET],produces=[application/vnd.spring-boot.actuator.v2+json || application/json]}" onto public java.lang.Object org.springframework.boot.actuate.endpoint.web.servlet.AbstractWebMvcEndpointHandlerMapping$OperationHandler.handle(javax.servlet.http.HttpServletRequest,java.util.Map<java.lang.String, java.lang.String>)
2019-03-27 15:24:12,377 [main] INFO  [o.s.b.a.e.web.servlet.WebMvcEndpointHandlerMapping] AbstractHandlerMethodMapping.java:550 - Mapped "{[/actuator/loggers],methods=[GET],produces=[application/vnd.spring-boot.actuator.v2+json || application/json]}" onto public java.lang.Object org.springframework.boot.actuate.endpoint.web.servlet.AbstractWebMvcEndpointHandlerMapping$OperationHandler.handle(javax.servlet.http.HttpServletRequest,java.util.Map<java.lang.String, java.lang.String>)
2019-03-27 15:24:12,377 [main] INFO  [o.s.b.a.e.web.servlet.WebMvcEndpointHandlerMapping] AbstractHandlerMethodMapping.java:550 - Mapped "{[/actuator/loggers/{name}],methods=[GET],produces=[application/vnd.spring-boot.actuator.v2+json || application/json]}" onto public java.lang.Object org.springframework.boot.actuate.endpoint.web.servlet.AbstractWebMvcEndpointHandlerMapping$OperationHandler.handle(javax.servlet.http.HttpServletRequest,java.util.Map<java.lang.String, java.lang.String>)
2019-03-27 15:24:12,377 [main] INFO  [o.s.b.a.e.web.servlet.WebMvcEndpointHandlerMapping] AbstractHandlerMethodMapping.java:550 - Mapped "{[/actuator/loggers/{name}],methods=[POST],consumes=[application/vnd.spring-boot.actuator.v2+json || application/json]}" onto public java.lang.Object org.springframework.boot.actuate.endpoint.web.servlet.AbstractWebMvcEndpointHandlerMapping$OperationHandler.handle(javax.servlet.http.HttpServletRequest,java.util.Map<java.lang.String, java.lang.String>)
2019-03-27 15:24:12,378 [main] INFO  [o.s.b.a.e.web.servlet.WebMvcEndpointHandlerMapping] AbstractHandlerMethodMapping.java:550 - Mapped "{[/actuator/heapdump],methods=[GET],produces=[application/octet-stream]}" onto public java.lang.Object org.springframework.boot.actuate.endpoint.web.servlet.AbstractWebMvcEndpointHandlerMapping$OperationHandler.handle(javax.servlet.http.HttpServletRequest,java.util.Map<java.lang.String, java.lang.String>)
2019-03-27 15:24:12,378 [main] INFO  [o.s.b.a.e.web.servlet.WebMvcEndpointHandlerMapping] AbstractHandlerMethodMapping.java:550 - Mapped "{[/actuator/threaddump],methods=[GET],produces=[application/vnd.spring-boot.actuator.v2+json || application/json]}" onto public java.lang.Object org.springframework.boot.actuate.endpoint.web.servlet.AbstractWebMvcEndpointHandlerMapping$OperationHandler.handle(javax.servlet.http.HttpServletRequest,java.util.Map<java.lang.String, java.lang.String>)
2019-03-27 15:24:12,378 [main] INFO  [o.s.b.a.e.web.servlet.WebMvcEndpointHandlerMapping] AbstractHandlerMethodMapping.java:550 - Mapped "{[/actuator/metrics],methods=[GET],produces=[application/vnd.spring-boot.actuator.v2+json || application/json]}" onto public java.lang.Object org.springframework.boot.actuate.endpoint.web.servlet.AbstractWebMvcEndpointHandlerMapping$OperationHandler.handle(javax.servlet.http.HttpServletRequest,java.util.Map<java.lang.String, java.lang.String>)
2019-03-27 15:24:12,378 [main] INFO  [o.s.b.a.e.web.servlet.WebMvcEndpointHandlerMapping] AbstractHandlerMethodMapping.java:550 - Mapped "{[/actuator/metrics/{requiredMetricName}],methods=[GET],produces=[application/vnd.spring-boot.actuator.v2+json || application/json]}" onto public java.lang.Object org.springframework.boot.actuate.endpoint.web.servlet.AbstractWebMvcEndpointHandlerMapping$OperationHandler.handle(javax.servlet.http.HttpServletRequest,java.util.Map<java.lang.String, java.lang.String>)
2019-03-27 15:24:12,378 [main] INFO  [o.s.b.a.e.web.servlet.WebMvcEndpointHandlerMapping] AbstractHandlerMethodMapping.java:550 - Mapped "{[/actuator/scheduledtasks],methods=[GET],produces=[application/vnd.spring-boot.actuator.v2+json || application/json]}" onto public java.lang.Object org.springframework.boot.actuate.endpoint.web.servlet.AbstractWebMvcEndpointHandlerMapping$OperationHandler.handle(javax.servlet.http.HttpServletRequest,java.util.Map<java.lang.String, java.lang.String>)
2019-03-27 15:24:12,379 [main] INFO  [o.s.b.a.e.web.servlet.WebMvcEndpointHandlerMapping] AbstractHandlerMethodMapping.java:550 - Mapped "{[/actuator/httptrace],methods=[GET],produces=[application/vnd.spring-boot.actuator.v2+json || application/json]}" onto public java.lang.Object org.springframework.boot.actuate.endpoint.web.servlet.AbstractWebMvcEndpointHandlerMapping$OperationHandler.handle(javax.servlet.http.HttpServletRequest,java.util.Map<java.lang.String, java.lang.String>)
2019-03-27 15:24:12,379 [main] INFO  [o.s.b.a.e.web.servlet.WebMvcEndpointHandlerMapping] AbstractHandlerMethodMapping.java:550 - Mapped "{[/actuator/mappings],methods=[GET],produces=[application/vnd.spring-boot.actuator.v2+json || application/json]}" onto public java.lang.Object org.springframework.boot.actuate.endpoint.web.servlet.AbstractWebMvcEndpointHandlerMapping$OperationHandler.handle(javax.servlet.http.HttpServletRequest,java.util.Map<java.lang.String, java.lang.String>)
2019-03-27 15:24:12,379 [main] INFO  [o.s.b.a.e.web.servlet.WebMvcEndpointHandlerMapping] AbstractHandlerMethodMapping.java:550 - Mapped "{[/actuator/refresh],methods=[POST],produces=[application/vnd.spring-boot.actuator.v2+json || application/json]}" onto public java.lang.Object org.springframework.boot.actuate.endpoint.web.servlet.AbstractWebMvcEndpointHandlerMapping$OperationHandler.handle(javax.servlet.http.HttpServletRequest,java.util.Map<java.lang.String, java.lang.String>)
2019-03-27 15:24:12,380 [main] INFO  [o.s.b.a.e.web.servlet.WebMvcEndpointHandlerMapping] AbstractHandlerMethodMapping.java:550 - Mapped "{[/actuator/features],methods=[GET],produces=[application/vnd.spring-boot.actuator.v2+json || application/json]}" onto public java.lang.Object org.springframework.boot.actuate.endpoint.web.servlet.AbstractWebMvcEndpointHandlerMapping$OperationHandler.handle(javax.servlet.http.HttpServletRequest,java.util.Map<java.lang.String, java.lang.String>)
2019-03-27 15:24:12,380 [main] INFO  [o.s.b.a.e.web.servlet.WebMvcEndpointHandlerMapping] AbstractHandlerMethodMapping.java:550 - Mapped "{[/actuator/service-registry],methods=[GET],produces=[application/vnd.spring-boot.actuator.v2+json || application/json]}" onto public java.lang.Object org.springframework.boot.actuate.endpoint.web.servlet.AbstractWebMvcEndpointHandlerMapping$OperationHandler.handle(javax.servlet.http.HttpServletRequest,java.util.Map<java.lang.String, java.lang.String>)
2019-03-27 15:24:12,380 [main] INFO  [o.s.b.a.e.web.servlet.WebMvcEndpointHandlerMapping] AbstractHandlerMethodMapping.java:550 - Mapped "{[/actuator/service-registry],methods=[POST],consumes=[application/vnd.spring-boot.actuator.v2+json || application/json],produces=[application/vnd.spring-boot.actuator.v2+json || application/json]}" onto public java.lang.Object org.springframework.boot.actuate.endpoint.web.servlet.AbstractWebMvcEndpointHandlerMapping$OperationHandler.handle(javax.servlet.http.HttpServletRequest,java.util.Map<java.lang.String, java.lang.String>)
2019-03-27 15:24:12,381 [main] INFO  [o.s.b.a.e.web.servlet.WebMvcEndpointHandlerMapping] AbstractHandlerMethodMapping.java:550 - Mapped "{[/actuator],methods=[GET],produces=[application/vnd.spring-boot.actuator.v2+json || application/json]}" onto protected java.util.Map<java.lang.String, java.util.Map<java.lang.String, org.springframework.boot.actuate.endpoint.web.Link>> org.springframework.boot.actuate.endpoint.web.servlet.WebMvcEndpointHandlerMapping.links(javax.servlet.http.HttpServletRequest,javax.servlet.http.HttpServletResponse)
2019-03-27 15:24:12,656 [main] INFO  [com.netflix.discovery.DiscoveryClient] DiscoveryClient.java:888 - Shutting down DiscoveryClient ...
2019-03-27 15:24:12,662 [main] INFO  [com.netflix.discovery.DiscoveryClient] DiscoveryClient.java:911 - Completed shut down of DiscoveryClient
2019-03-27 15:24:12,746 [main] INFO  [o.s.jmx.export.annotation.AnnotationMBeanExporter] MBeanExporter.java:433 - Registering beans for JMX exposure on startup
2019-03-27 15:24:12,748 [main] INFO  [o.s.jmx.export.annotation.AnnotationMBeanExporter] MBeanExporter.java:895 - Bean with name 'dataSource' has been autodetected for JMX exposure
2019-03-27 15:24:12,759 [main] INFO  [o.s.jmx.export.annotation.AnnotationMBeanExporter] MBeanExporter.java:895 - Bean with name 'environmentManager' has been autodetected for JMX exposure
2019-03-27 15:24:12,760 [main] INFO  [o.s.jmx.export.annotation.AnnotationMBeanExporter] MBeanExporter.java:895 - Bean with name 'refreshScope' has been autodetected for JMX exposure
2019-03-27 15:24:12,762 [main] INFO  [o.s.jmx.export.annotation.AnnotationMBeanExporter] MBeanExporter.java:895 - Bean with name 'configurationPropertiesRebinder' has been autodetected for JMX exposure
2019-03-27 15:24:12,765 [main] INFO  [o.s.jmx.export.annotation.AnnotationMBeanExporter] MBeanExporter.java:675 - Located managed bean 'environmentManager': registering with JMX server as MBean [org.springframework.cloud.context.environment:name=environmentManager,type=EnvironmentManager]
2019-03-27 15:24:12,777 [main] INFO  [o.s.jmx.export.annotation.AnnotationMBeanExporter] MBeanExporter.java:675 - Located managed bean 'refreshScope': registering with JMX server as MBean [org.springframework.cloud.context.scope.refresh:name=refreshScope,type=RefreshScope]
2019-03-27 15:24:12,791 [main] INFO  [o.s.jmx.export.annotation.AnnotationMBeanExporter] MBeanExporter.java:675 - Located managed bean 'configurationPropertiesRebinder': registering with JMX server as MBean [org.springframework.cloud.context.properties:name=configurationPropertiesRebinder,context=64b7225f,type=ConfigurationPropertiesRebinder]
2019-03-27 15:24:12,800 [main] INFO  [o.s.jmx.export.annotation.AnnotationMBeanExporter] MBeanExporter.java:668 - Located MBean 'dataSource': registering with JMX server as MBean [com.zaxxer.hikari:name=dataSource,type=HikariDataSource]
2019-03-27 15:24:12,827 [main] INFO  [o.s.context.support.DefaultLifecycleProcessor] DefaultLifecycleProcessor.java:356 - Starting beans in phase 0
2019-03-27 15:24:12,838 [main] INFO  [o.s.cloud.netflix.eureka.InstanceInfoFactory] InstanceInfoFactory.java:71 - Setting initial instance status as: STARTING
2019-03-27 15:24:12,844 [main] INFO  [com.netflix.discovery.DiscoveryClient] DiscoveryClient.java:349 - Initializing Eureka in region us-east-1
2019-03-27 15:24:12,847 [main] INFO  [c.n.discovery.provider.DiscoveryJerseyProvider] DiscoveryJerseyProvider.java:70 - Using JSON encoding codec LegacyJacksonJson
2019-03-27 15:24:12,847 [main] INFO  [c.n.discovery.provider.DiscoveryJerseyProvider] DiscoveryJerseyProvider.java:71 - Using JSON decoding codec LegacyJacksonJson
2019-03-27 15:24:12,847 [main] INFO  [c.n.discovery.provider.DiscoveryJerseyProvider] DiscoveryJerseyProvider.java:80 - Using XML encoding codec XStreamXml
2019-03-27 15:24:12,847 [main] INFO  [c.n.discovery.provider.DiscoveryJerseyProvider] DiscoveryJerseyProvider.java:81 - Using XML decoding codec XStreamXml
2019-03-27 15:24:12,941 [main] INFO  [c.n.d.shared.resolver.aws.ConfigClusterResolver] ConfigClusterResolver.java:43 - Resolving eureka endpoints via configuration
2019-03-27 15:24:12,943 [main] INFO  [com.netflix.discovery.DiscoveryClient] DiscoveryClient.java:958 - Disable delta property : false
2019-03-27 15:24:12,943 [main] INFO  [com.netflix.discovery.DiscoveryClient] DiscoveryClient.java:959 - Single vip registry refresh property : null
2019-03-27 15:24:12,943 [main] INFO  [com.netflix.discovery.DiscoveryClient] DiscoveryClient.java:960 - Force full registry fetch : false
2019-03-27 15:24:12,944 [main] INFO  [com.netflix.discovery.DiscoveryClient] DiscoveryClient.java:961 - Application is null : false
2019-03-27 15:24:12,944 [main] INFO  [com.netflix.discovery.DiscoveryClient] DiscoveryClient.java:962 - Registered Applications size is zero : true
2019-03-27 15:24:12,944 [main] INFO  [com.netflix.discovery.DiscoveryClient] DiscoveryClient.java:964 - Application version is -1: true
2019-03-27 15:24:12,944 [main] INFO  [com.netflix.discovery.DiscoveryClient] DiscoveryClient.java:1047 - Getting all instance registry info from the eureka server
2019-03-27 15:24:12,959 [main] INFO  [com.netflix.discovery.DiscoveryClient] DiscoveryClient.java:1056 - The response status is 200
2019-03-27 15:24:12,960 [main] INFO  [com.netflix.discovery.DiscoveryClient] DiscoveryClient.java:1264 - Starting heartbeat executor: renew interval is: 30
2019-03-27 15:24:12,962 [main] INFO  [com.netflix.discovery.InstanceInfoReplicator] InstanceInfoReplicator.java:60 - InstanceInfoReplicator onDemand update allowed rate per min is 4
2019-03-27 15:24:12,964 [main] INFO  [com.netflix.discovery.DiscoveryClient] DiscoveryClient.java:449 - Discovery Client initialized at timestamp 1553671452964 with initial instances count: 9
2019-03-27 15:24:12,977 [main] INFO  [o.s.c.n.e.serviceregistry.EurekaServiceRegistry] EurekaServiceRegistry.java:42 - Registering application PIG-UPMS with eureka with status UP
2019-03-27 15:24:12,978 [main] INFO  [com.netflix.discovery.DiscoveryClient] DiscoveryClient.java:1299 - Saw local status change event StatusChangeEvent [timestamp=1553671452978, current=UP, previous=STARTING]
2019-03-27 15:24:12,980 [DiscoveryClient-InstanceInfoReplicator-0] INFO  [com.netflix.discovery.DiscoveryClient] DiscoveryClient.java:826 - DiscoveryClient_PIG-UPMS/192.168.1.111:pig-upms:4000: registering service...
2019-03-27 15:24:13,023 [DiscoveryClient-InstanceInfoReplicator-0] INFO  [com.netflix.discovery.DiscoveryClient] DiscoveryClient.java:835 - DiscoveryClient_PIG-UPMS/192.168.1.111:pig-upms:4000 - registration status: 204
2019-03-27 15:24:13,054 [main] INFO  [o.s.b.w.embedded.undertow.UndertowServletWebServer] UndertowServletWebServer.java:148 - Undertow started on port(s) 4000 (http) with context path ''
2019-03-27 15:24:13,055 [main] INFO  [o.s.c.n.e.s.EurekaAutoServiceRegistration] EurekaAutoServiceRegistration.java:124 - Updating port to 4000
2019-03-27 15:24:13,057 [main] INFO  [com.pig4cloud.pig.admin.PigAdminApplication] StartupInfoLogger.java:59 - Started PigAdminApplication in 13.916 seconds (JVM running for 14.856)
2019-03-27 15:24:13,987 [RMI TCP Connection(5)-127.0.0.1] INFO  [io.undertow.servlet] ServletContextImpl.java:360 - Initializing Spring FrameworkServlet 'dispatcherServlet'
2019-03-27 15:24:13,987 [RMI TCP Connection(5)-127.0.0.1] INFO  [org.springframework.web.servlet.DispatcherServlet] FrameworkServlet.java:497 - FrameworkServlet 'dispatcherServlet': initialization started
2019-03-27 15:24:14,018 [RMI TCP Connection(5)-127.0.0.1] INFO  [org.springframework.web.servlet.DispatcherServlet] FrameworkServlet.java:512 - FrameworkServlet 'dispatcherServlet': initialization completed in 30 ms
2019-03-27 15:24:14,034 [RMI TCP Connection(6)-127.0.0.1] INFO  [o.s.c.c.client.ConfigServicePropertySourceLocator] ConfigServicePropertySourceLocator.java:205 - Fetching config from server at : http://192.168.1.118:8888/
2019-03-27 15:24:14,514 [RMI TCP Connection(6)-127.0.0.1] INFO  [o.s.c.c.client.ConfigServicePropertySourceLocator] ConfigServicePropertySourceLocator.java:149 - Located environment: name=pig-upms, profiles=[dev], label=null, version=null, state=null
2019-03-27 15:24:14,635 [RMI TCP Connection(6)-127.0.0.1] INFO  [io.lettuce.core.EpollProvider] EpollProvider.java:68 - Starting without optional epoll library
2019-03-27 15:24:14,637 [RMI TCP Connection(6)-127.0.0.1] INFO  [io.lettuce.core.KqueueProvider] KqueueProvider.java:70 - Starting without optional kqueue library
2019-03-27 15:29:12,948 [AsyncResolver-bootstrap-executor-0] INFO  [c.n.d.shared.resolver.aws.ConfigClusterResolver] ConfigClusterResolver.java:43 - Resolving eureka endpoints via configuration
2019-03-27 15:29:14,078 [XNIO-2 task-17] INFO  [o.s.c.c.client.ConfigServicePropertySourceLocator] ConfigServicePropertySourceLocator.java:205 - Fetching config from server at : http://192.168.1.118:8888/
2019-03-27 15:29:14,558 [XNIO-2 task-17] INFO  [o.s.c.c.client.ConfigServicePropertySourceLocator] ConfigServicePropertySourceLocator.java:149 - Located environment: name=pig-upms, profiles=[dev], label=null, version=null, state=null
2019-03-27 15:34:12,950 [AsyncResolver-bootstrap-executor-0] INFO  [c.n.d.shared.resolver.aws.ConfigClusterResolver] ConfigClusterResolver.java:43 - Resolving eureka endpoints via configuration
2019-03-27 15:34:34,038 [XNIO-2 task-33] INFO  [o.s.c.c.client.ConfigServicePropertySourceLocator] ConfigServicePropertySourceLocator.java:205 - Fetching config from server at : http://192.168.1.118:8888/
2019-03-27 15:34:34,567 [XNIO-2 task-33] INFO  [o.s.c.c.client.ConfigServicePropertySourceLocator] ConfigServicePropertySourceLocator.java:149 - Located environment: name=pig-upms, profiles=[dev], label=null, version=null, state=null
2019-03-27 15:39:12,952 [AsyncResolver-bootstrap-executor-0] INFO  [c.n.d.shared.resolver.aws.ConfigClusterResolver] ConfigClusterResolver.java:43 - Resolving eureka endpoints via configuration
2019-03-27 15:39:34,044 [XNIO-2 task-48] INFO  [o.s.c.c.client.ConfigServicePropertySourceLocator] ConfigServicePropertySourceLocator.java:205 - Fetching config from server at : http://192.168.1.118:8888/
2019-03-27 15:39:34,573 [XNIO-2 task-48] INFO  [o.s.c.c.client.ConfigServicePropertySourceLocator] ConfigServicePropertySourceLocator.java:149 - Located environment: name=pig-upms, profiles=[dev], label=null, version=null, state=null
2019-03-27 15:44:12,955 [AsyncResolver-bootstrap-executor-0] INFO  [c.n.d.shared.resolver.aws.ConfigClusterResolver] ConfigClusterResolver.java:43 - Resolving eureka endpoints via configuration
2019-03-27 15:44:34,058 [XNIO-2 task-63] INFO  [o.s.c.c.client.ConfigServicePropertySourceLocator] ConfigServicePropertySourceLocator.java:205 - Fetching config from server at : http://192.168.1.118:8888/
2019-03-27 15:44:34,567 [XNIO-2 task-63] INFO  [o.s.c.c.client.ConfigServicePropertySourceLocator] ConfigServicePropertySourceLocator.java:149 - Located environment: name=pig-upms, profiles=[dev], label=null, version=null, state=null
2019-03-27 15:49:12,963 [AsyncResolver-bootstrap-executor-0] INFO  [c.n.d.shared.resolver.aws.ConfigClusterResolver] ConfigClusterResolver.java:43 - Resolving eureka endpoints via configuration
2019-03-27 15:49:54,033 [XNIO-2 task-15] INFO  [o.s.c.c.client.ConfigServicePropertySourceLocator] ConfigServicePropertySourceLocator.java:205 - Fetching config from server at : http://192.168.1.118:8888/
2019-03-27 15:49:54,513 [XNIO-2 task-15] INFO  [o.s.c.c.client.ConfigServicePropertySourceLocator] ConfigServicePropertySourceLocator.java:149 - Located environment: name=pig-upms, profiles=[dev], label=null, version=null, state=null
2019-03-27 15:54:12,969 [AsyncResolver-bootstrap-executor-0] INFO  [c.n.d.shared.resolver.aws.ConfigClusterResolver] ConfigClusterResolver.java:43 - Resolving eureka endpoints via configuration
2019-03-27 15:54:54,045 [XNIO-2 task-30] INFO  [o.s.c.c.client.ConfigServicePropertySourceLocator] ConfigServicePropertySourceLocator.java:205 - Fetching config from server at : http://192.168.1.118:8888/
2019-03-27 15:54:54,537 [XNIO-2 task-30] INFO  [o.s.c.c.client.ConfigServicePropertySourceLocator] ConfigServicePropertySourceLocator.java:149 - Located environment: name=pig-upms, profiles=[dev], label=null, version=null, state=null
2019-03-27 15:59:12,980 [AsyncResolver-bootstrap-executor-0] INFO  [c.n.d.shared.resolver.aws.ConfigClusterResolver] ConfigClusterResolver.java:43 - Resolving eureka endpoints via configuration
2019-03-27 16:00:14,048 [XNIO-2 task-46] INFO  [o.s.c.c.client.ConfigServicePropertySourceLocator] ConfigServicePropertySourceLocator.java:205 - Fetching config from server at : http://192.168.1.118:8888/
2019-03-27 16:00:14,539 [XNIO-2 task-46] INFO  [o.s.c.c.client.ConfigServicePropertySourceLocator] ConfigServicePropertySourceLocator.java:149 - Located environment: name=pig-upms, profiles=[dev], label=null, version=null, state=null
2019-03-27 16:04:12,985 [AsyncResolver-bootstrap-executor-0] INFO  [c.n.d.shared.resolver.aws.ConfigClusterResolver] ConfigClusterResolver.java:43 - Resolving eureka endpoints via configuration
2019-03-27 16:05:14,040 [XNIO-2 task-61] INFO  [o.s.c.c.client.ConfigServicePropertySourceLocator] ConfigServicePropertySourceLocator.java:205 - Fetching config from server at : http://192.168.1.118:8888/
2019-03-27 16:05:14,544 [XNIO-2 task-61] INFO  [o.s.c.c.client.ConfigServicePropertySourceLocator] ConfigServicePropertySourceLocator.java:149 - Located environment: name=pig-upms, profiles=[dev], label=null, version=null, state=null
2019-03-27 16:09:12,987 [AsyncResolver-bootstrap-executor-0] INFO  [c.n.d.shared.resolver.aws.ConfigClusterResolver] ConfigClusterResolver.java:43 - Resolving eureka endpoints via configuration
2019-03-27 16:10:34,031 [XNIO-2 task-13] INFO  [o.s.c.c.client.ConfigServicePropertySourceLocator] ConfigServicePropertySourceLocator.java:205 - Fetching config from server at : http://192.168.1.118:8888/
2019-03-27 16:10:34,509 [XNIO-2 task-13] INFO  [o.s.c.c.client.ConfigServicePropertySourceLocator] ConfigServicePropertySourceLocator.java:149 - Located environment: name=pig-upms, profiles=[dev], label=null, version=null, state=null
2019-03-27 16:14:12,994 [AsyncResolver-bootstrap-executor-0] INFO  [c.n.d.shared.resolver.aws.ConfigClusterResolver] ConfigClusterResolver.java:43 - Resolving eureka endpoints via configuration
2019-03-27 16:15:34,043 [XNIO-2 task-28] INFO  [o.s.c.c.client.ConfigServicePropertySourceLocator] ConfigServicePropertySourceLocator.java:205 - Fetching config from server at : http://192.168.1.118:8888/
2019-03-27 16:15:34,530 [XNIO-2 task-28] INFO  [o.s.c.c.client.ConfigServicePropertySourceLocator] ConfigServicePropertySourceLocator.java:149 - Located environment: name=pig-upms, profiles=[dev], label=null, version=null, state=null
2019-03-27 16:19:12,997 [AsyncResolver-bootstrap-executor-0] INFO  [c.n.d.shared.resolver.aws.ConfigClusterResolver] ConfigClusterResolver.java:43 - Resolving eureka endpoints via configuration
2019-03-27 16:20:54,034 [XNIO-2 task-44] INFO  [o.s.c.c.client.ConfigServicePropertySourceLocator] ConfigServicePropertySourceLocator.java:205 - Fetching config from server at : http://192.168.1.118:8888/
2019-03-27 16:20:54,523 [XNIO-2 task-44] INFO  [o.s.c.c.client.ConfigServicePropertySourceLocator] ConfigServicePropertySourceLocator.java:149 - Located environment: name=pig-upms, profiles=[dev], label=null, version=null, state=null
2019-03-27 16:24:12,997 [AsyncResolver-bootstrap-executor-0] INFO  [c.n.d.shared.resolver.aws.ConfigClusterResolver] ConfigClusterResolver.java:43 - Resolving eureka endpoints via configuration
2019-03-27 16:25:54,045 [XNIO-2 task-59] INFO  [o.s.c.c.client.ConfigServicePropertySourceLocator] ConfigServicePropertySourceLocator.java:205 - Fetching config from server at : http://192.168.1.118:8888/
2019-03-27 16:25:54,523 [XNIO-2 task-59] INFO  [o.s.c.c.client.ConfigServicePropertySourceLocator] ConfigServicePropertySourceLocator.java:149 - Located environment: name=pig-upms, profiles=[dev], label=null, version=null, state=null
2019-03-27 16:29:13,001 [AsyncResolver-bootstrap-executor-0] INFO  [c.n.d.shared.resolver.aws.ConfigClusterResolver] ConfigClusterResolver.java:43 - Resolving eureka endpoints via configuration
2019-03-27 16:30:54,049 [XNIO-2 task-10] INFO  [o.s.c.c.client.ConfigServicePropertySourceLocator] ConfigServicePropertySourceLocator.java:205 - Fetching config from server at : http://192.168.1.118:8888/
2019-03-27 16:30:54,539 [XNIO-2 task-10] INFO  [o.s.c.c.client.ConfigServicePropertySourceLocator] ConfigServicePropertySourceLocator.java:149 - Located environment: name=pig-upms, profiles=[dev], label=null, version=null, state=null
2019-03-27 16:34:13,002 [AsyncResolver-bootstrap-executor-0] INFO  [c.n.d.shared.resolver.aws.ConfigClusterResolver] ConfigClusterResolver.java:43 - Resolving eureka endpoints via configuration
2019-03-27 16:36:14,022 [XNIO-2 task-26] INFO  [o.s.c.c.client.ConfigServicePropertySourceLocator] ConfigServicePropertySourceLocator.java:205 - Fetching config from server at : http://192.168.1.118:8888/
2019-03-27 16:36:14,507 [XNIO-2 task-26] INFO  [o.s.c.c.client.ConfigServicePropertySourceLocator] ConfigServicePropertySourceLocator.java:149 - Located environment: name=pig-upms, profiles=[dev], label=null, version=null, state=null
2019-03-27 16:39:13,004 [AsyncResolver-bootstrap-executor-0] INFO  [c.n.d.shared.resolver.aws.ConfigClusterResolver] ConfigClusterResolver.java:43 - Resolving eureka endpoints via configuration
2019-03-27 16:41:14,033 [XNIO-2 task-41] INFO  [o.s.c.c.client.ConfigServicePropertySourceLocator] ConfigServicePropertySourceLocator.java:205 - Fetching config from server at : http://192.168.1.118:8888/
2019-03-27 16:41:14,514 [XNIO-2 task-41] INFO  [o.s.c.c.client.ConfigServicePropertySourceLocator] ConfigServicePropertySourceLocator.java:149 - Located environment: name=pig-upms, profiles=[dev], label=null, version=null, state=null
2019-03-27 16:44:13,014 [AsyncResolver-bootstrap-executor-0] INFO  [c.n.d.shared.resolver.aws.ConfigClusterResolver] ConfigClusterResolver.java:43 - Resolving eureka endpoints via configuration
2019-03-27 16:46:14,037 [XNIO-2 task-56] INFO  [o.s.c.c.client.ConfigServicePropertySourceLocator] ConfigServicePropertySourceLocator.java:205 - Fetching config from server at : http://192.168.1.118:8888/
2019-03-27 16:46:14,516 [XNIO-2 task-56] INFO  [o.s.c.c.client.ConfigServicePropertySourceLocator] ConfigServicePropertySourceLocator.java:149 - Located environment: name=pig-upms, profiles=[dev], label=null, version=null, state=null
2019-03-27 16:49:13,024 [AsyncResolver-bootstrap-executor-0] INFO  [c.n.d.shared.resolver.aws.ConfigClusterResolver] ConfigClusterResolver.java:43 - Resolving eureka endpoints via configuration
2019-03-27 16:51:34,012 [XNIO-2 task-8] INFO  [o.s.c.c.client.ConfigServicePropertySourceLocator] ConfigServicePropertySourceLocator.java:205 - Fetching config from server at : http://192.168.1.118:8888/
2019-03-27 16:51:34,532 [XNIO-2 task-8] INFO  [o.s.c.c.client.ConfigServicePropertySourceLocator] ConfigServicePropertySourceLocator.java:149 - Located environment: name=pig-upms, profiles=[dev], label=null, version=null, state=null
2019-03-27 16:54:13,026 [AsyncResolver-bootstrap-executor-0] INFO  [c.n.d.shared.resolver.aws.ConfigClusterResolver] ConfigClusterResolver.java:43 - Resolving eureka endpoints via configuration
2019-03-27 16:56:34,028 [XNIO-2 task-23] INFO  [o.s.c.c.client.ConfigServicePropertySourceLocator] ConfigServicePropertySourceLocator.java:205 - Fetching config from server at : http://192.168.1.118:8888/
2019-03-27 16:56:34,525 [XNIO-2 task-23] INFO  [o.s.c.c.client.ConfigServicePropertySourceLocator] ConfigServicePropertySourceLocator.java:149 - Located environment: name=pig-upms, profiles=[dev], label=null, version=null, state=null
2019-03-27 16:58:33,090 [XNIO-2 task-29] INFO  [o.s.c.a.AnnotationConfigApplicationContext] AbstractApplicationContext.java:588 - Refreshing SpringClientFactory-pig-auth: startup date [Wed Mar 27 16:58:33 CST 2019]; parent: org.springframework.boot.web.servlet.context.AnnotationConfigServletWebServerApplicationContext@64b7225f
2019-03-27 16:58:33,541 [XNIO-2 task-29] INFO  [o.s.b.f.a.AutowiredAnnotationBeanPostProcessor] AutowiredAnnotationBeanPostProcessor.java:153 - JSR-330 'javax.inject.Inject' annotation found and supported for autowiring
2019-03-27 16:58:34,690 [XNIO-2 task-29] INFO  [com.netflix.config.ChainedDynamicProperty] ChainedDynamicProperty.java:115 - Flipping property: pig-auth.ribbon.ActiveConnectionsLimit to use NEXT property: niws.loadbalancer.availabilityFilteringRule.activeConnectionsLimit = 2147483647
2019-03-27 16:58:34,740 [XNIO-2 task-29] INFO  [com.netflix.util.concurrent.ShutdownEnabledTimer] ShutdownEnabledTimer.java:58 - Shutdown hook installed for: NFLoadBalancer-PingTimer-pig-auth
2019-03-27 16:58:34,860 [XNIO-2 task-29] INFO  [com.netflix.loadbalancer.BaseLoadBalancer] BaseLoadBalancer.java:192 - Client: pig-auth instantiated a LoadBalancer: DynamicServerListLoadBalancer:{NFLoadBalancer:name=pig-auth,current list of Servers=[],Load balancer stats=Zone stats: {},Server stats: []}ServerList:null
2019-03-27 16:58:34,880 [XNIO-2 task-29] INFO  [c.n.loadbalancer.DynamicServerListLoadBalancer] DynamicServerListLoadBalancer.java:222 - Using serverListUpdater PollingServerListUpdater
2019-03-27 16:58:35,019 [XNIO-2 task-29] INFO  [com.netflix.config.ChainedDynamicProperty] ChainedDynamicProperty.java:115 - Flipping property: pig-auth.ribbon.ActiveConnectionsLimit to use NEXT property: niws.loadbalancer.availabilityFilteringRule.activeConnectionsLimit = 2147483647
2019-03-27 16:58:35,033 [XNIO-2 task-29] INFO  [c.n.loadbalancer.DynamicServerListLoadBalancer] DynamicServerListLoadBalancer.java:150 - DynamicServerListLoadBalancer for client pig-auth initialized: DynamicServerListLoadBalancer:{NFLoadBalancer:name=pig-auth,current list of Servers=[192.168.1.118:3000],Load balancer stats=Zone stats: {defaultzone=[Zone:defaultzone;	Instance count:1;	Active connections count: 0;	Circuit breaker tripped count: 0;	Active connections per server: 0.0;]
},Server stats: [[Server:192.168.1.118:3000;	Zone:defaultZone;	Total Requests:0;	Successive connection failure:0;	Total blackout seconds:0;	Last connection made:Thu Jan 01 08:00:00 CST 1970;	First connection made: Thu Jan 01 08:00:00 CST 1970;	Active Connections:0;	total failure count in last (1000) msecs:0;	average resp time:0.0;	90 percentile resp time:0.0;	95 percentile resp time:0.0;	min resp time:0.0;	max resp time:0.0;	stddev resp time:0.0]
]}ServerList:org.springframework.cloud.netflix.ribbon.eureka.DomainExtractingServerList@cc1a72a
2019-03-27 16:58:35,911 [PollingServerListUpdater-0] INFO  [com.netflix.config.ChainedDynamicProperty] ChainedDynamicProperty.java:115 - Flipping property: pig-auth.ribbon.ActiveConnectionsLimit to use NEXT property: niws.loadbalancer.availabilityFilteringRule.activeConnectionsLimit = 2147483647
2019-03-27 16:59:13,032 [AsyncResolver-bootstrap-executor-0] INFO  [c.n.d.shared.resolver.aws.ConfigClusterResolver] ConfigClusterResolver.java:43 - Resolving eureka endpoints via configuration
2019-03-27 17:01:34,044 [XNIO-2 task-39] INFO  [o.s.c.c.client.ConfigServicePropertySourceLocator] ConfigServicePropertySourceLocator.java:205 - Fetching config from server at : http://192.168.1.118:8888/
2019-03-27 17:01:34,558 [XNIO-2 task-39] INFO  [o.s.c.c.client.ConfigServicePropertySourceLocator] ConfigServicePropertySourceLocator.java:149 - Located environment: name=pig-upms, profiles=[dev], label=null, version=null, state=null
