2019-02-28 10:37:00,007 [main] INFO  [o.s.c.a.AnnotationConfigApplicationContext] AbstractApplicationContext.java:588 - Refreshing org.springframework.context.annotation.AnnotationConfigApplicationContext@3cebbb30: startup date [Thu Feb 28 10:37:00 CST 2019]; root of context hierarchy
2019-02-28 10:37:00,200 [main] INFO  [c.u.j.c.EnableEncryptablePropertiesBeanFactoryPostProcessor] EnableEncryptablePropertiesBeanFactoryPostProcessor.java:50 - Post-processing PropertySource instances
2019-02-28 10:37:00,266 [main] INFO  [c.u.j.EncryptablePropertySourceConverter] EncryptablePropertySourceConverter.java:38 - Converting PropertySource configurationProperties [org.springframework.boot.context.properties.source.ConfigurationPropertySourcesPropertySource] to AOP Proxy
2019-02-28 10:37:00,268 [main] INFO  [c.u.j.EncryptablePropertySourceConverter] EncryptablePropertySourceConverter.java:38 - Converting PropertySource bootstrap [org.springframework.core.env.MapPropertySource] to EncryptableMapPropertySourceWrapper
2019-02-28 10:37:00,268 [main] INFO  [c.u.j.EncryptablePropertySourceConverter] EncryptablePropertySourceConverter.java:38 - Converting PropertySource systemProperties [org.springframework.core.env.MapPropertySource] to EncryptableMapPropertySourceWrapper
2019-02-28 10:37:00,268 [main] INFO  [c.u.j.EncryptablePropertySourceConverter] EncryptablePropertySourceConverter.java:38 - Converting PropertySource systemEnvironment [org.springframework.boot.env.SystemEnvironmentPropertySourceEnvironmentPostProcessor$OriginAwareSystemEnvironmentPropertySource] to EncryptableMapPropertySourceWrapper
2019-02-28 10:37:00,269 [main] INFO  [c.u.j.EncryptablePropertySourceConverter] EncryptablePropertySourceConverter.java:38 - Converting PropertySource random [org.springframework.boot.env.RandomValuePropertySource] to EncryptablePropertySourceWrapper
2019-02-28 10:37:00,269 [main] INFO  [c.u.j.EncryptablePropertySourceConverter] EncryptablePropertySourceConverter.java:38 - Converting PropertySource configServerClient [org.springframework.core.env.MapPropertySource] to EncryptableMapPropertySourceWrapper
2019-02-28 10:37:00,269 [main] INFO  [c.u.j.EncryptablePropertySourceConverter] EncryptablePropertySourceConverter.java:38 - Converting PropertySource springCloudClientHostInfo [org.springframework.core.env.MapPropertySource] to EncryptableMapPropertySourceWrapper
2019-02-28 10:37:00,270 [main] INFO  [c.u.j.EncryptablePropertySourceConverter] EncryptablePropertySourceConverter.java:38 - Converting PropertySource applicationConfig: [classpath:/bootstrap.yml] [org.springframework.boot.env.OriginTrackedMapPropertySource] to EncryptableMapPropertySourceWrapper
2019-02-28 10:37:00,284 [main] INFO  [o.s.b.f.a.AutowiredAnnotationBeanPostProcessor] AutowiredAnnotationBeanPostProcessor.java:153 - JSR-330 'javax.inject.Inject' annotation found and supported for autowiring
2019-02-28 10:37:00,312 [main] INFO  [o.s.c.s.PostProcessorRegistrationDelegate$BeanPostProcessorChecker] PostProcessorRegistrationDelegate.java:326 - Bean 'configurationPropertiesRebinderAutoConfiguration' of type [org.springframework.cloud.autoconfigure.ConfigurationPropertiesRebinderAutoConfiguration$$EnhancerBySpringCGLIB$$44bef5c5] is not eligible for getting processed by all BeanPostProcessors (for example: not eligible for auto-proxying)
2019-02-28 10:37:00,342 [main] INFO  [c.u.j.filter.DefaultLazyPropertyFilter] DefaultLazyPropertyFilter.java:31 - Property Filter custom Bean not found with name 'encryptablePropertyFilter'. Initializing Default Property Filter
2019-02-28 10:37:00,362 [main] INFO  [c.u.j.resolver.DefaultLazyPropertyResolver] DefaultLazyPropertyResolver.java:31 - Property Resolver custom Bean not found with name 'encryptablePropertyResolver'. Initializing Default Property Resolver
2019-02-28 10:37:00,363 [main] INFO  [c.u.j.detector.DefaultLazyPropertyDetector] DefaultLazyPropertyDetector.java:30 - Property Detector custom Bean not found with name 'encryptablePropertyDetector'. Initializing Default Property Detector
2019-02-28 10:37:00,732 [main] INFO  [c.u.j.c.EnableEncryptablePropertiesConfiguration] EnableEncryptablePropertiesConfiguration.java:69 - Bootstraping jasypt-string-boot auto configuration in context: pig-config-1
2019-02-28 10:37:00,732 [main] INFO  [com.pig4cloud.pig.config.PigConfigApplication] SpringApplication.java:658 - The following profiles are active: native
2019-02-28 10:37:00,741 [main] INFO  [o.s.b.w.s.c.AnnotationConfigServletWebServerApplicationContext] AbstractApplicationContext.java:588 - Refreshing org.springframework.boot.web.servlet.context.AnnotationConfigServletWebServerApplicationContext@7e276594: startup date [Thu Feb 28 10:37:00 CST 2019]; parent: org.springframework.context.annotation.AnnotationConfigApplicationContext@3cebbb30
2019-02-28 10:37:01,478 [main] INFO  [o.springframework.cloud.context.scope.GenericScope] GenericScope.java:294 - BeanFactory id=e0a007e6-d505-305a-9d11-071f2cb28b59
2019-02-28 10:37:01,487 [main] INFO  [c.u.j.c.EnableEncryptablePropertiesBeanFactoryPostProcessor] EnableEncryptablePropertiesBeanFactoryPostProcessor.java:50 - Post-processing PropertySource instances
2019-02-28 10:37:01,507 [main] INFO  [c.u.j.EncryptablePropertySourceConverter] EncryptablePropertySourceConverter.java:38 - Converting PropertySource configurationProperties [org.springframework.boot.context.properties.source.ConfigurationPropertySourcesPropertySource] to AOP Proxy
2019-02-28 10:37:01,507 [main] INFO  [c.u.j.EncryptablePropertySourceConverter] EncryptablePropertySourceConverter.java:38 - Converting PropertySource servletConfigInitParams [org.springframework.core.env.PropertySource$StubPropertySource] to EncryptablePropertySourceWrapper
2019-02-28 10:37:01,507 [main] INFO  [c.u.j.EncryptablePropertySourceConverter] EncryptablePropertySourceConverter.java:38 - Converting PropertySource servletContextInitParams [org.springframework.core.env.PropertySource$StubPropertySource] to EncryptablePropertySourceWrapper
2019-02-28 10:37:01,508 [main] INFO  [c.u.j.EncryptablePropertySourceConverter] EncryptablePropertySourceConverter.java:38 - Converting PropertySource systemProperties [org.springframework.core.env.MapPropertySource] to EncryptableMapPropertySourceWrapper
2019-02-28 10:37:01,508 [main] INFO  [c.u.j.EncryptablePropertySourceConverter] EncryptablePropertySourceConverter.java:38 - Converting PropertySource systemEnvironment [org.springframework.boot.env.SystemEnvironmentPropertySourceEnvironmentPostProcessor$OriginAwareSystemEnvironmentPropertySource] to EncryptableMapPropertySourceWrapper
2019-02-28 10:37:01,508 [main] INFO  [c.u.j.EncryptablePropertySourceConverter] EncryptablePropertySourceConverter.java:38 - Converting PropertySource random [org.springframework.boot.env.RandomValuePropertySource] to EncryptablePropertySourceWrapper
2019-02-28 10:37:01,508 [main] INFO  [c.u.j.EncryptablePropertySourceConverter] EncryptablePropertySourceConverter.java:38 - Converting PropertySource configServerClient [org.springframework.core.env.MapPropertySource] to EncryptableMapPropertySourceWrapper
2019-02-28 10:37:01,508 [main] INFO  [c.u.j.EncryptablePropertySourceConverter] EncryptablePropertySourceConverter.java:38 - Converting PropertySource springCloudClientHostInfo [org.springframework.core.env.MapPropertySource] to EncryptableMapPropertySourceWrapper
2019-02-28 10:37:01,508 [main] INFO  [c.u.j.EncryptablePropertySourceConverter] EncryptablePropertySourceConverter.java:38 - Converting PropertySource defaultProperties [org.springframework.core.env.MapPropertySource] to EncryptableMapPropertySourceWrapper
2019-02-28 10:37:01,515 [main] INFO  [o.s.b.f.a.AutowiredAnnotationBeanPostProcessor] AutowiredAnnotationBeanPostProcessor.java:153 - JSR-330 'javax.inject.Inject' annotation found and supported for autowiring
2019-02-28 10:37:01,534 [main] INFO  [c.u.j.filter.DefaultLazyPropertyFilter] DefaultLazyPropertyFilter.java:31 - Property Filter custom Bean not found with name 'encryptablePropertyFilter'. Initializing Default Property Filter
2019-02-28 10:37:01,711 [main] INFO  [o.s.c.s.PostProcessorRegistrationDelegate$BeanPostProcessorChecker] PostProcessorRegistrationDelegate.java:326 - Bean 'org.springframework.cloud.autoconfigure.ConfigurationPropertiesRebinderAutoConfiguration' of type [org.springframework.cloud.autoconfigure.ConfigurationPropertiesRebinderAutoConfiguration$$EnhancerBySpringCGLIB$$44bef5c5] is not eligible for getting processed by all BeanPostProcessors (for example: not eligible for auto-proxying)
2019-02-28 10:37:01,928 [main] INFO  [org.xnio] Xnio.java:104 - XNIO version 3.3.8.Final
2019-02-28 10:37:01,937 [main] INFO  [org.xnio.nio] NioXnio.java:55 - XNIO NIO Implementation Version 3.3.8.Final
2019-02-28 10:37:01,962 [main] WARN  [io.undertow.websockets.jsr] Bootstrap.java:67 - UT026009: XNIO worker was not set on WebSocketDeploymentInfo, the default worker will be used
2019-02-28 10:37:01,962 [main] WARN  [io.undertow.websockets.jsr] Bootstrap.java:76 - UT026010: Buffer pool was not set on WebSocketDeploymentInfo, the default pool will be used
2019-02-28 10:37:01,981 [main] INFO  [io.undertow.servlet] ServletContextImpl.java:360 - Initializing Spring embedded WebApplicationContext
2019-02-28 10:37:01,981 [main] INFO  [org.springframework.web.context.ContextLoader] ServletWebServerApplicationContext.java:296 - Root WebApplicationContext: initialization completed in 1240 ms
2019-02-28 10:37:02,179 [main] WARN  [com.netflix.config.sources.URLConfigurationSource] URLConfigurationSource.java:121 - No URLs will be polled as dynamic configuration sources.
2019-02-28 10:37:02,180 [main] INFO  [com.netflix.config.sources.URLConfigurationSource] URLConfigurationSource.java:122 - To enable URLs as dynamic configuration sources, define System property archaius.configurationSource.additionalUrls or make config.properties available on classpath.
2019-02-28 10:37:02,187 [main] INFO  [com.netflix.config.DynamicPropertyFactory] DynamicPropertyFactory.java:281 - DynamicPropertyFactory is initialized with configuration sources: com.netflix.config.ConcurrentCompositeConfiguration@6dab01d9
2019-02-28 10:37:02,346 [main] INFO  [c.u.j.resolver.DefaultLazyPropertyResolver] DefaultLazyPropertyResolver.java:31 - Property Resolver custom Bean not found with name 'encryptablePropertyResolver'. Initializing Default Property Resolver
2019-02-28 10:37:02,346 [main] INFO  [c.u.j.detector.DefaultLazyPropertyDetector] DefaultLazyPropertyDetector.java:30 - Property Detector custom Bean not found with name 'encryptablePropertyDetector'. Initializing Default Property Detector
2019-02-28 10:37:03,447 [main] INFO  [o.s.boot.web.servlet.FilterRegistrationBean] AbstractFilterRegistrationBean.java:245 - Mapping filter: 'characterEncodingFilter' to: [/*]
2019-02-28 10:37:03,448 [main] INFO  [o.s.boot.web.servlet.FilterRegistrationBean] AbstractFilterRegistrationBean.java:245 - Mapping filter: 'webMvcMetricsFilter' to: [/*]
2019-02-28 10:37:03,449 [main] INFO  [o.s.boot.web.servlet.FilterRegistrationBean] AbstractFilterRegistrationBean.java:245 - Mapping filter: 'hiddenHttpMethodFilter' to: [/*]
2019-02-28 10:37:03,449 [main] INFO  [o.s.boot.web.servlet.FilterRegistrationBean] AbstractFilterRegistrationBean.java:245 - Mapping filter: 'httpPutFormContentFilter' to: [/*]
2019-02-28 10:37:03,449 [main] INFO  [o.s.boot.web.servlet.FilterRegistrationBean] AbstractFilterRegistrationBean.java:245 - Mapping filter: 'requestContextFilter' to: [/*]
2019-02-28 10:37:03,449 [main] INFO  [o.s.boot.web.servlet.FilterRegistrationBean] AbstractFilterRegistrationBean.java:245 - Mapping filter: 'httpTraceFilter' to: [/*]
2019-02-28 10:37:03,449 [main] INFO  [o.s.boot.web.servlet.ServletRegistrationBean] ServletRegistrationBean.java:187 - Servlet dispatcherServlet mapped to [/]
2019-02-28 10:37:03,452 [main] INFO  [o.s.b.a.endpoint.web.ServletEndpointRegistrar] ServletEndpointRegistrar.java:78 - Registered '/actuator/jolokia' to jolokia-actuator-endpoint
2019-02-28 10:37:03,452 [main] INFO  [o.s.b.a.endpoint.web.ServletEndpointRegistrar] ServletEndpointRegistrar.java:78 - Registered '/actuator/hystrix.stream' to hystrix.stream-actuator-endpoint
2019-02-28 10:37:03,524 [main] WARN  [com.netflix.config.sources.URLConfigurationSource] URLConfigurationSource.java:121 - No URLs will be polled as dynamic configuration sources.
2019-02-28 10:37:03,524 [main] INFO  [com.netflix.config.sources.URLConfigurationSource] URLConfigurationSource.java:122 - To enable URLs as dynamic configuration sources, define System property archaius.configurationSource.additionalUrls or make config.properties available on classpath.
2019-02-28 10:37:03,612 [main] INFO  [o.s.web.servlet.handler.SimpleUrlHandlerMapping] AbstractUrlHandlerMapping.java:373 - Mapped URL path [/**/favicon.ico] onto handler of type [class org.springframework.web.servlet.resource.ResourceHttpRequestHandler]
2019-02-28 10:37:03,806 [main] INFO  [o.s.w.s.m.m.a.RequestMappingHandlerAdapter] RequestMappingHandlerAdapter.java:588 - Looking for @ControllerAdvice: org.springframework.boot.web.servlet.context.AnnotationConfigServletWebServerApplicationContext@7e276594: startup date [Thu Feb 28 10:37:00 CST 2019]; parent: org.springframework.context.annotation.AnnotationConfigApplicationContext@3cebbb30
2019-02-28 10:37:03,858 [main] INFO  [o.s.w.s.m.m.a.RequestMappingHandlerMapping] AbstractHandlerMethodMapping.java:550 - Mapped "{[/error]}" onto public org.springframework.http.ResponseEntity<java.util.Map<java.lang.String, java.lang.Object>> org.springframework.boot.autoconfigure.web.servlet.error.BasicErrorController.error(javax.servlet.http.HttpServletRequest)
2019-02-28 10:37:03,859 [main] INFO  [o.s.w.s.m.m.a.RequestMappingHandlerMapping] AbstractHandlerMethodMapping.java:550 - Mapped "{[/error],produces=[text/html]}" onto public org.springframework.web.servlet.ModelAndView org.springframework.boot.autoconfigure.web.servlet.error.BasicErrorController.errorHtml(javax.servlet.http.HttpServletRequest,javax.servlet.http.HttpServletResponse)
2019-02-28 10:37:03,869 [main] INFO  [o.s.w.s.m.m.a.RequestMappingHandlerMapping] AbstractHandlerMethodMapping.java:550 - Mapped "{[/encrypt],methods=[POST]}" onto public java.lang.String org.springframework.cloud.config.server.encryption.EncryptionController.encrypt(java.lang.String,org.springframework.http.MediaType)
2019-02-28 10:37:03,869 [main] INFO  [o.s.w.s.m.m.a.RequestMappingHandlerMapping] AbstractHandlerMethodMapping.java:550 - Mapped "{[/encrypt/{name}/{profiles}],methods=[POST]}" onto public java.lang.String org.springframework.cloud.config.server.encryption.EncryptionController.encrypt(java.lang.String,java.lang.String,java.lang.String,org.springframework.http.MediaType)
2019-02-28 10:37:03,870 [main] INFO  [o.s.w.s.m.m.a.RequestMappingHandlerMapping] AbstractHandlerMethodMapping.java:550 - Mapped "{[/decrypt/{name}/{profiles}],methods=[POST]}" onto public java.lang.String org.springframework.cloud.config.server.encryption.EncryptionController.decrypt(java.lang.String,java.lang.String,java.lang.String,org.springframework.http.MediaType)
2019-02-28 10:37:03,870 [main] INFO  [o.s.w.s.m.m.a.RequestMappingHandlerMapping] AbstractHandlerMethodMapping.java:550 - Mapped "{[/decrypt],methods=[POST]}" onto public java.lang.String org.springframework.cloud.config.server.encryption.EncryptionController.decrypt(java.lang.String,org.springframework.http.MediaType)
2019-02-28 10:37:03,870 [main] INFO  [o.s.w.s.m.m.a.RequestMappingHandlerMapping] AbstractHandlerMethodMapping.java:550 - Mapped "{[/encrypt/status],methods=[GET]}" onto public java.util.Map<java.lang.String, java.lang.Object> org.springframework.cloud.config.server.encryption.EncryptionController.status()
2019-02-28 10:37:03,871 [main] INFO  [o.s.w.s.m.m.a.RequestMappingHandlerMapping] AbstractHandlerMethodMapping.java:550 - Mapped "{[/key/{name}/{profiles}],methods=[GET]}" onto public java.lang.String org.springframework.cloud.config.server.encryption.EncryptionController.getPublicKey(java.lang.String,java.lang.String)
2019-02-28 10:37:03,871 [main] INFO  [o.s.w.s.m.m.a.RequestMappingHandlerMapping] AbstractHandlerMethodMapping.java:550 - Mapped "{[/key],methods=[GET]}" onto public java.lang.String org.springframework.cloud.config.server.encryption.EncryptionController.getPublicKey()
2019-02-28 10:37:03,874 [main] INFO  [o.s.w.s.m.m.a.RequestMappingHandlerMapping] AbstractHandlerMethodMapping.java:550 - Mapped "{[/{name}-{profiles}.properties],methods=[GET]}" onto public org.springframework.http.ResponseEntity<java.lang.String> org.springframework.cloud.config.server.environment.EnvironmentController.properties(java.lang.String,java.lang.String,boolean) throws java.io.IOException
2019-02-28 10:37:03,875 [main] INFO  [o.s.w.s.m.m.a.RequestMappingHandlerMapping] AbstractHandlerMethodMapping.java:550 - Mapped "{[/{name}-{profiles}.yml || /{name}-{profiles}.yaml],methods=[GET]}" onto public org.springframework.http.ResponseEntity<java.lang.String> org.springframework.cloud.config.server.environment.EnvironmentController.yaml(java.lang.String,java.lang.String,boolean) throws java.lang.Exception
2019-02-28 10:37:03,875 [main] INFO  [o.s.w.s.m.m.a.RequestMappingHandlerMapping] AbstractHandlerMethodMapping.java:550 - Mapped "{[/{name}/{profiles:.*[^-].*}],methods=[GET]}" onto public org.springframework.cloud.config.environment.Environment org.springframework.cloud.config.server.environment.EnvironmentController.defaultLabel(java.lang.String,java.lang.String)
2019-02-28 10:37:03,876 [main] INFO  [o.s.w.s.m.m.a.RequestMappingHandlerMapping] AbstractHandlerMethodMapping.java:550 - Mapped "{[/{name}/{profiles}/{label:.*}],methods=[GET]}" onto public org.springframework.cloud.config.environment.Environment org.springframework.cloud.config.server.environment.EnvironmentController.labelled(java.lang.String,java.lang.String,java.lang.String)
2019-02-28 10:37:03,876 [main] INFO  [o.s.w.s.m.m.a.RequestMappingHandlerMapping] AbstractHandlerMethodMapping.java:550 - Mapped "{[/{name}-{profiles}.json],methods=[GET]}" onto public org.springframework.http.ResponseEntity<java.lang.String> org.springframework.cloud.config.server.environment.EnvironmentController.jsonProperties(java.lang.String,java.lang.String,boolean) throws java.lang.Exception
2019-02-28 10:37:03,876 [main] INFO  [o.s.w.s.m.m.a.RequestMappingHandlerMapping] AbstractHandlerMethodMapping.java:550 - Mapped "{[/{label}/{name}-{profiles}.yml || /{label}/{name}-{profiles}.yaml],methods=[GET]}" onto public org.springframework.http.ResponseEntity<java.lang.String> org.springframework.cloud.config.server.environment.EnvironmentController.labelledYaml(java.lang.String,java.lang.String,java.lang.String,boolean) throws java.lang.Exception
2019-02-28 10:37:03,877 [main] INFO  [o.s.w.s.m.m.a.RequestMappingHandlerMapping] AbstractHandlerMethodMapping.java:550 - Mapped "{[/{label}/{name}-{profiles}.properties],methods=[GET]}" onto public org.springframework.http.ResponseEntity<java.lang.String> org.springframework.cloud.config.server.environment.EnvironmentController.labelledProperties(java.lang.String,java.lang.String,java.lang.String,boolean) throws java.io.IOException
2019-02-28 10:37:03,877 [main] INFO  [o.s.w.s.m.m.a.RequestMappingHandlerMapping] AbstractHandlerMethodMapping.java:550 - Mapped "{[/{label}/{name}-{profiles}.json],methods=[GET]}" onto public org.springframework.http.ResponseEntity<java.lang.String> org.springframework.cloud.config.server.environment.EnvironmentController.labelledJsonProperties(java.lang.String,java.lang.String,java.lang.String,boolean) throws java.lang.Exception
2019-02-28 10:37:03,880 [main] INFO  [o.s.w.s.m.m.a.RequestMappingHandlerMapping] AbstractHandlerMethodMapping.java:550 - Mapped "{[/{name}/{profile}/{label}/**],methods=[GET],produces=[application/octet-stream]}" onto public synchronized byte[] org.springframework.cloud.config.server.resource.ResourceController.binary(java.lang.String,java.lang.String,java.lang.String,javax.servlet.http.HttpServletRequest) throws java.io.IOException
2019-02-28 10:37:03,880 [main] INFO  [o.s.w.s.m.m.a.RequestMappingHandlerMapping] AbstractHandlerMethodMapping.java:550 - Mapped "{[/{name}/{profile}/{label}/**],methods=[GET]}" onto public java.lang.String org.springframework.cloud.config.server.resource.ResourceController.retrieve(java.lang.String,java.lang.String,java.lang.String,javax.servlet.http.HttpServletRequest,boolean) throws java.io.IOException
2019-02-28 10:37:03,881 [main] INFO  [o.s.w.s.m.m.a.RequestMappingHandlerMapping] AbstractHandlerMethodMapping.java:550 - Mapped "{[/{name}/{profile}/**],methods=[GET],params=[useDefaultLabel]}" onto public java.lang.String org.springframework.cloud.config.server.resource.ResourceController.retrieve(java.lang.String,java.lang.String,javax.servlet.http.HttpServletRequest,boolean) throws java.io.IOException
2019-02-28 10:37:03,905 [main] INFO  [o.s.web.servlet.handler.SimpleUrlHandlerMapping] AbstractUrlHandlerMapping.java:373 - Mapped URL path [/webjars/**] onto handler of type [class org.springframework.web.servlet.resource.ResourceHttpRequestHandler]
2019-02-28 10:37:03,905 [main] INFO  [o.s.web.servlet.handler.SimpleUrlHandlerMapping] AbstractUrlHandlerMapping.java:373 - Mapped URL path [/**] onto handler of type [class org.springframework.web.servlet.resource.ResourceHttpRequestHandler]
2019-02-28 10:37:04,573 [main] INFO  [o.s.b.actuate.endpoint.web.EndpointLinksResolver] EndpointLinksResolver.java:59 - Exposing 20 endpoint(s) beneath base path '/actuator'
2019-02-28 10:37:04,585 [main] INFO  [o.s.b.a.e.web.servlet.WebMvcEndpointHandlerMapping] AbstractHandlerMethodMapping.java:550 - Mapped "{[/actuator/archaius],methods=[GET],produces=[application/vnd.spring-boot.actuator.v2+json || application/json]}" onto public java.lang.Object org.springframework.boot.actuate.endpoint.web.servlet.AbstractWebMvcEndpointHandlerMapping$OperationHandler.handle(javax.servlet.http.HttpServletRequest,java.util.Map<java.lang.String, java.lang.String>)
2019-02-28 10:37:04,587 [main] INFO  [o.s.b.a.e.web.servlet.WebMvcEndpointHandlerMapping] AbstractHandlerMethodMapping.java:550 - Mapped "{[/actuator/auditevents],methods=[GET],produces=[application/vnd.spring-boot.actuator.v2+json || application/json]}" onto public java.lang.Object org.springframework.boot.actuate.endpoint.web.servlet.AbstractWebMvcEndpointHandlerMapping$OperationHandler.handle(javax.servlet.http.HttpServletRequest,java.util.Map<java.lang.String, java.lang.String>)
2019-02-28 10:37:04,587 [main] INFO  [o.s.b.a.e.web.servlet.WebMvcEndpointHandlerMapping] AbstractHandlerMethodMapping.java:550 - Mapped "{[/actuator/beans],methods=[GET],produces=[application/vnd.spring-boot.actuator.v2+json || application/json]}" onto public java.lang.Object org.springframework.boot.actuate.endpoint.web.servlet.AbstractWebMvcEndpointHandlerMapping$OperationHandler.handle(javax.servlet.http.HttpServletRequest,java.util.Map<java.lang.String, java.lang.String>)
2019-02-28 10:37:04,587 [main] INFO  [o.s.b.a.e.web.servlet.WebMvcEndpointHandlerMapping] AbstractHandlerMethodMapping.java:550 - Mapped "{[/actuator/health],methods=[GET],produces=[application/vnd.spring-boot.actuator.v2+json || application/json]}" onto public java.lang.Object org.springframework.boot.actuate.endpoint.web.servlet.AbstractWebMvcEndpointHandlerMapping$OperationHandler.handle(javax.servlet.http.HttpServletRequest,java.util.Map<java.lang.String, java.lang.String>)
2019-02-28 10:37:04,588 [main] INFO  [o.s.b.a.e.web.servlet.WebMvcEndpointHandlerMapping] AbstractHandlerMethodMapping.java:550 - Mapped "{[/actuator/conditions],methods=[GET],produces=[application/vnd.spring-boot.actuator.v2+json || application/json]}" onto public java.lang.Object org.springframework.boot.actuate.endpoint.web.servlet.AbstractWebMvcEndpointHandlerMapping$OperationHandler.handle(javax.servlet.http.HttpServletRequest,java.util.Map<java.lang.String, java.lang.String>)
2019-02-28 10:37:04,588 [main] INFO  [o.s.b.a.e.web.servlet.WebMvcEndpointHandlerMapping] AbstractHandlerMethodMapping.java:550 - Mapped "{[/actuator/configprops],methods=[GET],produces=[application/vnd.spring-boot.actuator.v2+json || application/json]}" onto public java.lang.Object org.springframework.boot.actuate.endpoint.web.servlet.AbstractWebMvcEndpointHandlerMapping$OperationHandler.handle(javax.servlet.http.HttpServletRequest,java.util.Map<java.lang.String, java.lang.String>)
2019-02-28 10:37:04,588 [main] INFO  [o.s.b.a.e.web.servlet.WebMvcEndpointHandlerMapping] AbstractHandlerMethodMapping.java:550 - Mapped "{[/actuator/env],methods=[GET],produces=[application/vnd.spring-boot.actuator.v2+json || application/json]}" onto public java.lang.Object org.springframework.boot.actuate.endpoint.web.servlet.AbstractWebMvcEndpointHandlerMapping$OperationHandler.handle(javax.servlet.http.HttpServletRequest,java.util.Map<java.lang.String, java.lang.String>)
2019-02-28 10:37:04,589 [main] INFO  [o.s.b.a.e.web.servlet.WebMvcEndpointHandlerMapping] AbstractHandlerMethodMapping.java:550 - Mapped "{[/actuator/env/{toMatch}],methods=[GET],produces=[application/vnd.spring-boot.actuator.v2+json || application/json]}" onto public java.lang.Object org.springframework.boot.actuate.endpoint.web.servlet.AbstractWebMvcEndpointHandlerMapping$OperationHandler.handle(javax.servlet.http.HttpServletRequest,java.util.Map<java.lang.String, java.lang.String>)
2019-02-28 10:37:04,592 [main] INFO  [o.s.b.a.e.web.servlet.WebMvcEndpointHandlerMapping] AbstractHandlerMethodMapping.java:550 - Mapped "{[/actuator/env],methods=[POST],consumes=[application/vnd.spring-boot.actuator.v2+json || application/json],produces=[application/vnd.spring-boot.actuator.v2+json || application/json]}" onto public java.lang.Object org.springframework.boot.actuate.endpoint.web.servlet.AbstractWebMvcEndpointHandlerMapping$OperationHandler.handle(javax.servlet.http.HttpServletRequest,java.util.Map<java.lang.String, java.lang.String>)
2019-02-28 10:37:04,592 [main] INFO  [o.s.b.a.e.web.servlet.WebMvcEndpointHandlerMapping] AbstractHandlerMethodMapping.java:550 - Mapped "{[/actuator/env],methods=[DELETE],produces=[application/vnd.spring-boot.actuator.v2+json || application/json]}" onto public java.lang.Object org.springframework.boot.actuate.endpoint.web.servlet.AbstractWebMvcEndpointHandlerMapping$OperationHandler.handle(javax.servlet.http.HttpServletRequest,java.util.Map<java.lang.String, java.lang.String>)
2019-02-28 10:37:04,592 [main] INFO  [o.s.b.a.e.web.servlet.WebMvcEndpointHandlerMapping] AbstractHandlerMethodMapping.java:550 - Mapped "{[/actuator/info],methods=[GET],produces=[application/vnd.spring-boot.actuator.v2+json || application/json]}" onto public java.lang.Object org.springframework.boot.actuate.endpoint.web.servlet.AbstractWebMvcEndpointHandlerMapping$OperationHandler.handle(javax.servlet.http.HttpServletRequest,java.util.Map<java.lang.String, java.lang.String>)
2019-02-28 10:37:04,593 [main] INFO  [o.s.b.a.e.web.servlet.WebMvcEndpointHandlerMapping] AbstractHandlerMethodMapping.java:550 - Mapped "{[/actuator/loggers],methods=[GET],produces=[application/vnd.spring-boot.actuator.v2+json || application/json]}" onto public java.lang.Object org.springframework.boot.actuate.endpoint.web.servlet.AbstractWebMvcEndpointHandlerMapping$OperationHandler.handle(javax.servlet.http.HttpServletRequest,java.util.Map<java.lang.String, java.lang.String>)
2019-02-28 10:37:04,593 [main] INFO  [o.s.b.a.e.web.servlet.WebMvcEndpointHandlerMapping] AbstractHandlerMethodMapping.java:550 - Mapped "{[/actuator/loggers/{name}],methods=[GET],produces=[application/vnd.spring-boot.actuator.v2+json || application/json]}" onto public java.lang.Object org.springframework.boot.actuate.endpoint.web.servlet.AbstractWebMvcEndpointHandlerMapping$OperationHandler.handle(javax.servlet.http.HttpServletRequest,java.util.Map<java.lang.String, java.lang.String>)
2019-02-28 10:37:04,594 [main] INFO  [o.s.b.a.e.web.servlet.WebMvcEndpointHandlerMapping] AbstractHandlerMethodMapping.java:550 - Mapped "{[/actuator/loggers/{name}],methods=[POST],consumes=[application/vnd.spring-boot.actuator.v2+json || application/json]}" onto public java.lang.Object org.springframework.boot.actuate.endpoint.web.servlet.AbstractWebMvcEndpointHandlerMapping$OperationHandler.handle(javax.servlet.http.HttpServletRequest,java.util.Map<java.lang.String, java.lang.String>)
2019-02-28 10:37:04,594 [main] INFO  [o.s.b.a.e.web.servlet.WebMvcEndpointHandlerMapping] AbstractHandlerMethodMapping.java:550 - Mapped "{[/actuator/heapdump],methods=[GET],produces=[application/octet-stream]}" onto public java.lang.Object org.springframework.boot.actuate.endpoint.web.servlet.AbstractWebMvcEndpointHandlerMapping$OperationHandler.handle(javax.servlet.http.HttpServletRequest,java.util.Map<java.lang.String, java.lang.String>)
2019-02-28 10:37:04,594 [main] INFO  [o.s.b.a.e.web.servlet.WebMvcEndpointHandlerMapping] AbstractHandlerMethodMapping.java:550 - Mapped "{[/actuator/threaddump],methods=[GET],produces=[application/vnd.spring-boot.actuator.v2+json || application/json]}" onto public java.lang.Object org.springframework.boot.actuate.endpoint.web.servlet.AbstractWebMvcEndpointHandlerMapping$OperationHandler.handle(javax.servlet.http.HttpServletRequest,java.util.Map<java.lang.String, java.lang.String>)
2019-02-28 10:37:04,595 [main] INFO  [o.s.b.a.e.web.servlet.WebMvcEndpointHandlerMapping] AbstractHandlerMethodMapping.java:550 - Mapped "{[/actuator/metrics],methods=[GET],produces=[application/vnd.spring-boot.actuator.v2+json || application/json]}" onto public java.lang.Object org.springframework.boot.actuate.endpoint.web.servlet.AbstractWebMvcEndpointHandlerMapping$OperationHandler.handle(javax.servlet.http.HttpServletRequest,java.util.Map<java.lang.String, java.lang.String>)
2019-02-28 10:37:04,595 [main] INFO  [o.s.b.a.e.web.servlet.WebMvcEndpointHandlerMapping] AbstractHandlerMethodMapping.java:550 - Mapped "{[/actuator/metrics/{requiredMetricName}],methods=[GET],produces=[application/vnd.spring-boot.actuator.v2+json || application/json]}" onto public java.lang.Object org.springframework.boot.actuate.endpoint.web.servlet.AbstractWebMvcEndpointHandlerMapping$OperationHandler.handle(javax.servlet.http.HttpServletRequest,java.util.Map<java.lang.String, java.lang.String>)
2019-02-28 10:37:04,595 [main] INFO  [o.s.b.a.e.web.servlet.WebMvcEndpointHandlerMapping] AbstractHandlerMethodMapping.java:550 - Mapped "{[/actuator/scheduledtasks],methods=[GET],produces=[application/vnd.spring-boot.actuator.v2+json || application/json]}" onto public java.lang.Object org.springframework.boot.actuate.endpoint.web.servlet.AbstractWebMvcEndpointHandlerMapping$OperationHandler.handle(javax.servlet.http.HttpServletRequest,java.util.Map<java.lang.String, java.lang.String>)
2019-02-28 10:37:04,596 [main] INFO  [o.s.b.a.e.web.servlet.WebMvcEndpointHandlerMapping] AbstractHandlerMethodMapping.java:550 - Mapped "{[/actuator/httptrace],methods=[GET],produces=[application/vnd.spring-boot.actuator.v2+json || application/json]}" onto public java.lang.Object org.springframework.boot.actuate.endpoint.web.servlet.AbstractWebMvcEndpointHandlerMapping$OperationHandler.handle(javax.servlet.http.HttpServletRequest,java.util.Map<java.lang.String, java.lang.String>)
2019-02-28 10:37:04,596 [main] INFO  [o.s.b.a.e.web.servlet.WebMvcEndpointHandlerMapping] AbstractHandlerMethodMapping.java:550 - Mapped "{[/actuator/mappings],methods=[GET],produces=[application/vnd.spring-boot.actuator.v2+json || application/json]}" onto public java.lang.Object org.springframework.boot.actuate.endpoint.web.servlet.AbstractWebMvcEndpointHandlerMapping$OperationHandler.handle(javax.servlet.http.HttpServletRequest,java.util.Map<java.lang.String, java.lang.String>)
2019-02-28 10:37:04,596 [main] INFO  [o.s.b.a.e.web.servlet.WebMvcEndpointHandlerMapping] AbstractHandlerMethodMapping.java:550 - Mapped "{[/actuator/refresh],methods=[POST],produces=[application/vnd.spring-boot.actuator.v2+json || application/json]}" onto public java.lang.Object org.springframework.boot.actuate.endpoint.web.servlet.AbstractWebMvcEndpointHandlerMapping$OperationHandler.handle(javax.servlet.http.HttpServletRequest,java.util.Map<java.lang.String, java.lang.String>)
2019-02-28 10:37:04,597 [main] INFO  [o.s.b.a.e.web.servlet.WebMvcEndpointHandlerMapping] AbstractHandlerMethodMapping.java:550 - Mapped "{[/actuator/features],methods=[GET],produces=[application/vnd.spring-boot.actuator.v2+json || application/json]}" onto public java.lang.Object org.springframework.boot.actuate.endpoint.web.servlet.AbstractWebMvcEndpointHandlerMapping$OperationHandler.handle(javax.servlet.http.HttpServletRequest,java.util.Map<java.lang.String, java.lang.String>)
2019-02-28 10:37:04,597 [main] INFO  [o.s.b.a.e.web.servlet.WebMvcEndpointHandlerMapping] AbstractHandlerMethodMapping.java:550 - Mapped "{[/actuator/service-registry],methods=[POST],consumes=[application/vnd.spring-boot.actuator.v2+json || application/json],produces=[application/vnd.spring-boot.actuator.v2+json || application/json]}" onto public java.lang.Object org.springframework.boot.actuate.endpoint.web.servlet.AbstractWebMvcEndpointHandlerMapping$OperationHandler.handle(javax.servlet.http.HttpServletRequest,java.util.Map<java.lang.String, java.lang.String>)
2019-02-28 10:37:04,597 [main] INFO  [o.s.b.a.e.web.servlet.WebMvcEndpointHandlerMapping] AbstractHandlerMethodMapping.java:550 - Mapped "{[/actuator/service-registry],methods=[GET],produces=[application/vnd.spring-boot.actuator.v2+json || application/json]}" onto public java.lang.Object org.springframework.boot.actuate.endpoint.web.servlet.AbstractWebMvcEndpointHandlerMapping$OperationHandler.handle(javax.servlet.http.HttpServletRequest,java.util.Map<java.lang.String, java.lang.String>)
2019-02-28 10:37:04,598 [main] INFO  [o.s.b.a.e.web.servlet.WebMvcEndpointHandlerMapping] AbstractHandlerMethodMapping.java:550 - Mapped "{[/actuator],methods=[GET],produces=[application/vnd.spring-boot.actuator.v2+json || application/json]}" onto protected java.util.Map<java.lang.String, java.util.Map<java.lang.String, org.springframework.boot.actuate.endpoint.web.Link>> org.springframework.boot.actuate.endpoint.web.servlet.WebMvcEndpointHandlerMapping.links(javax.servlet.http.HttpServletRequest,javax.servlet.http.HttpServletResponse)
2019-02-28 10:37:04,654 [main] INFO  [o.s.jmx.export.annotation.AnnotationMBeanExporter] MBeanExporter.java:433 - Registering beans for JMX exposure on startup
2019-02-28 10:37:04,665 [main] INFO  [o.s.jmx.export.annotation.AnnotationMBeanExporter] MBeanExporter.java:895 - Bean with name 'environmentManager' has been autodetected for JMX exposure
2019-02-28 10:37:04,666 [main] INFO  [o.s.jmx.export.annotation.AnnotationMBeanExporter] MBeanExporter.java:895 - Bean with name 'refreshScope' has been autodetected for JMX exposure
2019-02-28 10:37:04,667 [main] INFO  [o.s.jmx.export.annotation.AnnotationMBeanExporter] MBeanExporter.java:895 - Bean with name 'configurationPropertiesRebinder' has been autodetected for JMX exposure
2019-02-28 10:37:04,671 [main] INFO  [o.s.jmx.export.annotation.AnnotationMBeanExporter] MBeanExporter.java:675 - Located managed bean 'environmentManager': registering with JMX server as MBean [org.springframework.cloud.context.environment:name=environmentManager,type=EnvironmentManager]
2019-02-28 10:37:04,680 [main] INFO  [o.s.jmx.export.annotation.AnnotationMBeanExporter] MBeanExporter.java:675 - Located managed bean 'refreshScope': registering with JMX server as MBean [org.springframework.cloud.context.scope.refresh:name=refreshScope,type=RefreshScope]
2019-02-28 10:37:04,690 [main] INFO  [o.s.jmx.export.annotation.AnnotationMBeanExporter] MBeanExporter.java:675 - Located managed bean 'configurationPropertiesRebinder': registering with JMX server as MBean [org.springframework.cloud.context.properties:name=configurationPropertiesRebinder,context=7e276594,type=ConfigurationPropertiesRebinder]
2019-02-28 10:37:04,704 [main] INFO  [o.s.context.support.DefaultLifecycleProcessor] DefaultLifecycleProcessor.java:356 - Starting beans in phase 0
2019-02-28 10:37:04,718 [main] INFO  [o.s.cloud.netflix.eureka.InstanceInfoFactory] InstanceInfoFactory.java:71 - Setting initial instance status as: STARTING
2019-02-28 10:37:04,751 [main] INFO  [com.netflix.discovery.DiscoveryClient] DiscoveryClient.java:349 - Initializing Eureka in region us-east-1
2019-02-28 10:37:05,159 [main] INFO  [c.n.discovery.provider.DiscoveryJerseyProvider] DiscoveryJerseyProvider.java:70 - Using JSON encoding codec LegacyJacksonJson
2019-02-28 10:37:05,159 [main] INFO  [c.n.discovery.provider.DiscoveryJerseyProvider] DiscoveryJerseyProvider.java:71 - Using JSON decoding codec LegacyJacksonJson
2019-02-28 10:37:05,282 [main] INFO  [c.n.discovery.provider.DiscoveryJerseyProvider] DiscoveryJerseyProvider.java:80 - Using XML encoding codec XStreamXml
2019-02-28 10:37:05,282 [main] INFO  [c.n.discovery.provider.DiscoveryJerseyProvider] DiscoveryJerseyProvider.java:81 - Using XML decoding codec XStreamXml
2019-02-28 10:37:05,461 [main] INFO  [c.n.d.shared.resolver.aws.ConfigClusterResolver] ConfigClusterResolver.java:43 - Resolving eureka endpoints via configuration
2019-02-28 10:37:05,719 [main] INFO  [com.netflix.discovery.DiscoveryClient] DiscoveryClient.java:958 - Disable delta property : false
2019-02-28 10:37:05,720 [main] INFO  [com.netflix.discovery.DiscoveryClient] DiscoveryClient.java:959 - Single vip registry refresh property : null
2019-02-28 10:37:05,720 [main] INFO  [com.netflix.discovery.DiscoveryClient] DiscoveryClient.java:960 - Force full registry fetch : false
2019-02-28 10:37:05,720 [main] INFO  [com.netflix.discovery.DiscoveryClient] DiscoveryClient.java:961 - Application is null : false
2019-02-28 10:37:05,720 [main] INFO  [com.netflix.discovery.DiscoveryClient] DiscoveryClient.java:962 - Registered Applications size is zero : true
2019-02-28 10:37:05,721 [main] INFO  [com.netflix.discovery.DiscoveryClient] DiscoveryClient.java:964 - Application version is -1: true
2019-02-28 10:37:05,721 [main] INFO  [com.netflix.discovery.DiscoveryClient] DiscoveryClient.java:1047 - Getting all instance registry info from the eureka server
2019-02-28 10:37:06,037 [main] INFO  [com.netflix.discovery.DiscoveryClient] DiscoveryClient.java:1056 - The response status is 200
2019-02-28 10:37:06,039 [main] INFO  [com.netflix.discovery.DiscoveryClient] DiscoveryClient.java:1264 - Starting heartbeat executor: renew interval is: 30
2019-02-28 10:37:06,042 [main] INFO  [com.netflix.discovery.InstanceInfoReplicator] InstanceInfoReplicator.java:60 - InstanceInfoReplicator onDemand update allowed rate per min is 4
2019-02-28 10:37:06,046 [main] INFO  [com.netflix.discovery.DiscoveryClient] DiscoveryClient.java:449 - Discovery Client initialized at timestamp 1551321426045 with initial instances count: 0
2019-02-28 10:37:06,050 [main] INFO  [o.s.c.n.e.serviceregistry.EurekaServiceRegistry] EurekaServiceRegistry.java:42 - Registering application PIG-CONFIG with eureka with status UP
2019-02-28 10:37:06,050 [main] INFO  [com.netflix.discovery.DiscoveryClient] DiscoveryClient.java:1299 - Saw local status change event StatusChangeEvent [timestamp=1551321426050, current=UP, previous=STARTING]
2019-02-28 10:37:06,053 [DiscoveryClient-InstanceInfoReplicator-0] INFO  [com.netflix.discovery.DiscoveryClient] DiscoveryClient.java:826 - DiscoveryClient_PIG-CONFIG/192.168.1.114:pig-config:8888: registering service...
2019-02-28 10:37:06,126 [main] INFO  [o.s.b.w.embedded.undertow.UndertowServletWebServer] UndertowServletWebServer.java:148 - Undertow started on port(s) 8888 (http) with context path ''
2019-02-28 10:37:06,127 [main] INFO  [o.s.c.n.e.s.EurekaAutoServiceRegistration] EurekaAutoServiceRegistration.java:124 - Updating port to 8888
2019-02-28 10:37:06,131 [main] INFO  [com.pig4cloud.pig.config.PigConfigApplication] StartupInfoLogger.java:59 - Started PigConfigApplication in 7.529 seconds (JVM running for 8.51)
2019-02-28 10:37:06,163 [DiscoveryClient-InstanceInfoReplicator-0] INFO  [com.netflix.discovery.DiscoveryClient] DiscoveryClient.java:835 - DiscoveryClient_PIG-CONFIG/192.168.1.114:pig-config:8888 - registration status: 204
2019-02-28 10:37:07,010 [RMI TCP Connection(11)-127.0.0.1] INFO  [io.undertow.servlet] ServletContextImpl.java:360 - Initializing Spring FrameworkServlet 'dispatcherServlet'
2019-02-28 10:37:07,010 [RMI TCP Connection(11)-127.0.0.1] INFO  [org.springframework.web.servlet.DispatcherServlet] FrameworkServlet.java:497 - FrameworkServlet 'dispatcherServlet': initialization started
2019-02-28 10:37:07,032 [RMI TCP Connection(11)-127.0.0.1] INFO  [org.springframework.web.servlet.DispatcherServlet] FrameworkServlet.java:512 - FrameworkServlet 'dispatcherServlet': initialization completed in 21 ms
2019-02-28 10:37:07,505 [RMI TCP Connection(10)-127.0.0.1] INFO  [o.s.c.a.AnnotationConfigApplicationContext] AbstractApplicationContext.java:588 - Refreshing org.springframework.context.annotation.AnnotationConfigApplicationContext@6a6e82c0: startup date [Thu Feb 28 10:37:07 CST 2019]; root of context hierarchy
2019-02-28 10:37:07,520 [RMI TCP Connection(10)-127.0.0.1] INFO  [o.s.b.f.a.AutowiredAnnotationBeanPostProcessor] AutowiredAnnotationBeanPostProcessor.java:153 - JSR-330 'javax.inject.Inject' annotation found and supported for autowiring
2019-02-28 10:37:07,542 [RMI TCP Connection(10)-127.0.0.1] INFO  [o.s.c.a.AnnotationConfigApplicationContext] AbstractApplicationContext.java:991 - Closing org.springframework.context.annotation.AnnotationConfigApplicationContext@6a6e82c0: startup date [Thu Feb 28 10:37:07 CST 2019]; root of context hierarchy
2019-02-28 10:37:36,040 [DiscoveryClient-CacheRefreshExecutor-0] INFO  [com.netflix.discovery.DiscoveryClient] DiscoveryClient.java:958 - Disable delta property : false
2019-02-28 10:37:36,041 [DiscoveryClient-CacheRefreshExecutor-0] INFO  [com.netflix.discovery.DiscoveryClient] DiscoveryClient.java:959 - Single vip registry refresh property : null
2019-02-28 10:37:36,041 [DiscoveryClient-CacheRefreshExecutor-0] INFO  [com.netflix.discovery.DiscoveryClient] DiscoveryClient.java:960 - Force full registry fetch : false
2019-02-28 10:37:36,042 [DiscoveryClient-CacheRefreshExecutor-0] INFO  [com.netflix.discovery.DiscoveryClient] DiscoveryClient.java:961 - Application is null : false
2019-02-28 10:37:36,042 [DiscoveryClient-CacheRefreshExecutor-0] INFO  [com.netflix.discovery.DiscoveryClient] DiscoveryClient.java:962 - Registered Applications size is zero : true
2019-02-28 10:37:36,042 [DiscoveryClient-CacheRefreshExecutor-0] INFO  [com.netflix.discovery.DiscoveryClient] DiscoveryClient.java:964 - Application version is -1: false
2019-02-28 10:37:36,042 [DiscoveryClient-CacheRefreshExecutor-0] INFO  [com.netflix.discovery.DiscoveryClient] DiscoveryClient.java:1047 - Getting all instance registry info from the eureka server
2019-02-28 10:37:36,107 [DiscoveryClient-CacheRefreshExecutor-0] INFO  [com.netflix.discovery.DiscoveryClient] DiscoveryClient.java:1056 - The response status is 200
2019-02-28 10:38:02,080 [XNIO-2 task-1] INFO  [o.s.c.a.AnnotationConfigApplicationContext] AbstractApplicationContext.java:588 - Refreshing org.springframework.context.annotation.AnnotationConfigApplicationContext@7a356a35: startup date [Thu Feb 28 10:38:02 CST 2019]; root of context hierarchy
2019-02-28 10:38:02,091 [XNIO-2 task-1] INFO  [o.s.b.f.a.AutowiredAnnotationBeanPostProcessor] AutowiredAnnotationBeanPostProcessor.java:153 - JSR-330 'javax.inject.Inject' annotation found and supported for autowiring
2019-02-28 10:38:02,107 [XNIO-2 task-1] INFO  [o.s.c.c.s.environment.NativeEnvironmentRepository] NativeEnvironmentRepository.java:264 - Adding property source: classpath:/config/pig-storage-dev.yml
2019-02-28 10:38:02,107 [XNIO-2 task-1] INFO  [o.s.c.c.s.environment.NativeEnvironmentRepository] NativeEnvironmentRepository.java:264 - Adding property source: classpath:/config/application-dev.yml
2019-02-28 10:38:02,107 [XNIO-2 task-1] INFO  [o.s.c.a.AnnotationConfigApplicationContext] AbstractApplicationContext.java:991 - Closing org.springframework.context.annotation.AnnotationConfigApplicationContext@7a356a35: startup date [Thu Feb 28 10:38:02 CST 2019]; root of context hierarchy
2019-02-28 10:38:11,734 [XNIO-2 task-2] INFO  [o.s.c.a.AnnotationConfigApplicationContext] AbstractApplicationContext.java:588 - Refreshing org.springframework.context.annotation.AnnotationConfigApplicationContext@6ef4bec1: startup date [Thu Feb 28 10:38:11 CST 2019]; root of context hierarchy
2019-02-28 10:38:11,748 [XNIO-2 task-2] INFO  [o.s.b.f.a.AutowiredAnnotationBeanPostProcessor] AutowiredAnnotationBeanPostProcessor.java:153 - JSR-330 'javax.inject.Inject' annotation found and supported for autowiring
2019-02-28 10:38:11,778 [XNIO-2 task-2] INFO  [o.s.c.c.s.environment.NativeEnvironmentRepository] NativeEnvironmentRepository.java:264 - Adding property source: classpath:/config/pig-storage-dev.yml
2019-02-28 10:38:11,779 [XNIO-2 task-2] INFO  [o.s.c.c.s.environment.NativeEnvironmentRepository] NativeEnvironmentRepository.java:264 - Adding property source: classpath:/config/application-dev.yml
2019-02-28 10:38:11,779 [XNIO-2 task-2] INFO  [o.s.c.a.AnnotationConfigApplicationContext] AbstractApplicationContext.java:991 - Closing org.springframework.context.annotation.AnnotationConfigApplicationContext@6ef4bec1: startup date [Thu Feb 28 10:38:11 CST 2019]; root of context hierarchy
2019-02-28 10:38:31,253 [XNIO-2 task-3] INFO  [o.s.c.a.AnnotationConfigApplicationContext] AbstractApplicationContext.java:588 - Refreshing org.springframework.context.annotation.AnnotationConfigApplicationContext@59bde995: startup date [Thu Feb 28 10:38:31 CST 2019]; root of context hierarchy
2019-02-28 10:38:31,264 [XNIO-2 task-3] INFO  [o.s.b.f.a.AutowiredAnnotationBeanPostProcessor] AutowiredAnnotationBeanPostProcessor.java:153 - JSR-330 'javax.inject.Inject' annotation found and supported for autowiring
2019-02-28 10:38:31,284 [XNIO-2 task-3] INFO  [o.s.c.c.s.environment.NativeEnvironmentRepository] NativeEnvironmentRepository.java:264 - Adding property source: classpath:/config/pig-auth-dev.yml
2019-02-28 10:38:31,284 [XNIO-2 task-3] INFO  [o.s.c.c.s.environment.NativeEnvironmentRepository] NativeEnvironmentRepository.java:264 - Adding property source: classpath:/config/application-dev.yml
2019-02-28 10:38:31,285 [XNIO-2 task-3] INFO  [o.s.c.a.AnnotationConfigApplicationContext] AbstractApplicationContext.java:991 - Closing org.springframework.context.annotation.AnnotationConfigApplicationContext@59bde995: startup date [Thu Feb 28 10:38:31 CST 2019]; root of context hierarchy
2019-02-28 10:38:40,866 [XNIO-2 task-4] INFO  [o.s.c.a.AnnotationConfigApplicationContext] AbstractApplicationContext.java:588 - Refreshing org.springframework.context.annotation.AnnotationConfigApplicationContext@3754c2bb: startup date [Thu Feb 28 10:38:40 CST 2019]; root of context hierarchy
2019-02-28 10:38:40,875 [XNIO-2 task-4] INFO  [o.s.b.f.a.AutowiredAnnotationBeanPostProcessor] AutowiredAnnotationBeanPostProcessor.java:153 - JSR-330 'javax.inject.Inject' annotation found and supported for autowiring
2019-02-28 10:38:40,897 [XNIO-2 task-4] INFO  [o.s.c.c.s.environment.NativeEnvironmentRepository] NativeEnvironmentRepository.java:264 - Adding property source: classpath:/config/pig-auth-dev.yml
2019-02-28 10:38:40,898 [XNIO-2 task-4] INFO  [o.s.c.c.s.environment.NativeEnvironmentRepository] NativeEnvironmentRepository.java:264 - Adding property source: classpath:/config/application-dev.yml
2019-02-28 10:38:40,898 [XNIO-2 task-4] INFO  [o.s.c.a.AnnotationConfigApplicationContext] AbstractApplicationContext.java:991 - Closing org.springframework.context.annotation.AnnotationConfigApplicationContext@3754c2bb: startup date [Thu Feb 28 10:38:40 CST 2019]; root of context hierarchy
2019-02-28 10:39:15,956 [XNIO-2 task-5] INFO  [o.s.c.a.AnnotationConfigApplicationContext] AbstractApplicationContext.java:588 - Refreshing org.springframework.context.annotation.AnnotationConfigApplicationContext@44537f83: startup date [Thu Feb 28 10:39:15 CST 2019]; root of context hierarchy
2019-02-28 10:39:15,964 [XNIO-2 task-5] INFO  [o.s.b.f.a.AutowiredAnnotationBeanPostProcessor] AutowiredAnnotationBeanPostProcessor.java:153 - JSR-330 'javax.inject.Inject' annotation found and supported for autowiring
2019-02-28 10:39:15,981 [XNIO-2 task-5] INFO  [o.s.c.c.s.environment.NativeEnvironmentRepository] NativeEnvironmentRepository.java:264 - Adding property source: classpath:/config/pig-upms-dev.yml
2019-02-28 10:39:15,982 [XNIO-2 task-5] INFO  [o.s.c.c.s.environment.NativeEnvironmentRepository] NativeEnvironmentRepository.java:264 - Adding property source: classpath:/config/application-dev.yml
2019-02-28 10:39:15,982 [XNIO-2 task-5] INFO  [o.s.c.a.AnnotationConfigApplicationContext] AbstractApplicationContext.java:991 - Closing org.springframework.context.annotation.AnnotationConfigApplicationContext@44537f83: startup date [Thu Feb 28 10:39:15 CST 2019]; root of context hierarchy
2019-02-28 10:39:28,160 [XNIO-2 task-6] INFO  [o.s.c.a.AnnotationConfigApplicationContext] AbstractApplicationContext.java:588 - Refreshing org.springframework.context.annotation.AnnotationConfigApplicationContext@a14e8a4: startup date [Thu Feb 28 10:39:28 CST 2019]; root of context hierarchy
2019-02-28 10:39:28,173 [XNIO-2 task-6] INFO  [o.s.b.f.a.AutowiredAnnotationBeanPostProcessor] AutowiredAnnotationBeanPostProcessor.java:153 - JSR-330 'javax.inject.Inject' annotation found and supported for autowiring
2019-02-28 10:39:28,193 [XNIO-2 task-6] INFO  [o.s.c.c.s.environment.NativeEnvironmentRepository] NativeEnvironmentRepository.java:264 - Adding property source: classpath:/config/pig-upms-dev.yml
2019-02-28 10:39:28,193 [XNIO-2 task-6] INFO  [o.s.c.c.s.environment.NativeEnvironmentRepository] NativeEnvironmentRepository.java:264 - Adding property source: classpath:/config/application-dev.yml
2019-02-28 10:39:28,194 [XNIO-2 task-6] INFO  [o.s.c.a.AnnotationConfigApplicationContext] AbstractApplicationContext.java:991 - Closing org.springframework.context.annotation.AnnotationConfigApplicationContext@a14e8a4: startup date [Thu Feb 28 10:39:28 CST 2019]; root of context hierarchy
2019-02-28 10:42:05,727 [AsyncResolver-bootstrap-executor-0] INFO  [c.n.d.shared.resolver.aws.ConfigClusterResolver] ConfigClusterResolver.java:43 - Resolving eureka endpoints via configuration
2019-02-28 10:43:17,324 [XNIO-2 task-7] INFO  [o.s.c.a.AnnotationConfigApplicationContext] AbstractApplicationContext.java:588 - Refreshing org.springframework.context.annotation.AnnotationConfigApplicationContext@10a68993: startup date [Thu Feb 28 10:43:17 CST 2019]; root of context hierarchy
2019-02-28 10:43:17,335 [XNIO-2 task-7] INFO  [o.s.b.f.a.AutowiredAnnotationBeanPostProcessor] AutowiredAnnotationBeanPostProcessor.java:153 - JSR-330 'javax.inject.Inject' annotation found and supported for autowiring
2019-02-28 10:43:17,357 [XNIO-2 task-7] INFO  [o.s.c.c.s.environment.NativeEnvironmentRepository] NativeEnvironmentRepository.java:264 - Adding property source: classpath:/config/pig-gateway-dev.yml
2019-02-28 10:43:17,358 [XNIO-2 task-7] INFO  [o.s.c.c.s.environment.NativeEnvironmentRepository] NativeEnvironmentRepository.java:264 - Adding property source: classpath:/config/application-dev.yml
2019-02-28 10:43:17,358 [XNIO-2 task-7] INFO  [o.s.c.a.AnnotationConfigApplicationContext] AbstractApplicationContext.java:991 - Closing org.springframework.context.annotation.AnnotationConfigApplicationContext@10a68993: startup date [Thu Feb 28 10:43:17 CST 2019]; root of context hierarchy
2019-02-28 10:43:23,426 [XNIO-2 task-8] INFO  [o.s.c.a.AnnotationConfigApplicationContext] AbstractApplicationContext.java:588 - Refreshing org.springframework.context.annotation.AnnotationConfigApplicationContext@6bea9541: startup date [Thu Feb 28 10:43:23 CST 2019]; root of context hierarchy
2019-02-28 10:43:23,438 [XNIO-2 task-8] INFO  [o.s.b.f.a.AutowiredAnnotationBeanPostProcessor] AutowiredAnnotationBeanPostProcessor.java:153 - JSR-330 'javax.inject.Inject' annotation found and supported for autowiring
2019-02-28 10:43:23,459 [XNIO-2 task-8] INFO  [o.s.c.c.s.environment.NativeEnvironmentRepository] NativeEnvironmentRepository.java:264 - Adding property source: classpath:/config/pig-gateway-dev.yml
2019-02-28 10:43:23,460 [XNIO-2 task-8] INFO  [o.s.c.c.s.environment.NativeEnvironmentRepository] NativeEnvironmentRepository.java:264 - Adding property source: classpath:/config/application-dev.yml
2019-02-28 10:43:23,460 [XNIO-2 task-8] INFO  [o.s.c.a.AnnotationConfigApplicationContext] AbstractApplicationContext.java:991 - Closing org.springframework.context.annotation.AnnotationConfigApplicationContext@6bea9541: startup date [Thu Feb 28 10:43:23 CST 2019]; root of context hierarchy
2019-02-28 10:47:05,731 [AsyncResolver-bootstrap-executor-0] INFO  [c.n.d.shared.resolver.aws.ConfigClusterResolver] ConfigClusterResolver.java:43 - Resolving eureka endpoints via configuration
2019-02-28 10:52:05,735 [AsyncResolver-bootstrap-executor-0] INFO  [c.n.d.shared.resolver.aws.ConfigClusterResolver] ConfigClusterResolver.java:43 - Resolving eureka endpoints via configuration
2019-02-28 10:57:05,737 [AsyncResolver-bootstrap-executor-0] INFO  [c.n.d.shared.resolver.aws.ConfigClusterResolver] ConfigClusterResolver.java:43 - Resolving eureka endpoints via configuration
2019-02-28 10:58:55,031 [XNIO-2 task-9] INFO  [o.s.c.a.AnnotationConfigApplicationContext] AbstractApplicationContext.java:588 - Refreshing org.springframework.context.annotation.AnnotationConfigApplicationContext@775ee782: startup date [Thu Feb 28 10:58:55 CST 2019]; root of context hierarchy
2019-02-28 10:58:55,042 [XNIO-2 task-9] INFO  [o.s.b.f.a.AutowiredAnnotationBeanPostProcessor] AutowiredAnnotationBeanPostProcessor.java:153 - JSR-330 'javax.inject.Inject' annotation found and supported for autowiring
2019-02-28 10:58:55,068 [XNIO-2 task-9] INFO  [o.s.c.c.s.environment.NativeEnvironmentRepository] NativeEnvironmentRepository.java:264 - Adding property source: classpath:/config/pig-upms-dev.yml
2019-02-28 10:58:55,068 [XNIO-2 task-9] INFO  [o.s.c.c.s.environment.NativeEnvironmentRepository] NativeEnvironmentRepository.java:264 - Adding property source: classpath:/config/application-dev.yml
2019-02-28 10:58:55,069 [XNIO-2 task-9] INFO  [o.s.c.a.AnnotationConfigApplicationContext] AbstractApplicationContext.java:991 - Closing org.springframework.context.annotation.AnnotationConfigApplicationContext@775ee782: startup date [Thu Feb 28 10:58:55 CST 2019]; root of context hierarchy
2019-02-28 10:59:21,234 [XNIO-2 task-10] INFO  [o.s.c.a.AnnotationConfigApplicationContext] AbstractApplicationContext.java:588 - Refreshing org.springframework.context.annotation.AnnotationConfigApplicationContext@131c5640: startup date [Thu Feb 28 10:59:21 CST 2019]; root of context hierarchy
2019-02-28 10:59:21,248 [XNIO-2 task-10] INFO  [o.s.b.f.a.AutowiredAnnotationBeanPostProcessor] AutowiredAnnotationBeanPostProcessor.java:153 - JSR-330 'javax.inject.Inject' annotation found and supported for autowiring
2019-02-28 10:59:21,273 [XNIO-2 task-10] INFO  [o.s.c.c.s.environment.NativeEnvironmentRepository] NativeEnvironmentRepository.java:264 - Adding property source: classpath:/config/pig-upms-dev.yml
2019-02-28 10:59:21,274 [XNIO-2 task-10] INFO  [o.s.c.c.s.environment.NativeEnvironmentRepository] NativeEnvironmentRepository.java:264 - Adding property source: classpath:/config/application-dev.yml
2019-02-28 10:59:21,274 [XNIO-2 task-10] INFO  [o.s.c.a.AnnotationConfigApplicationContext] AbstractApplicationContext.java:991 - Closing org.springframework.context.annotation.AnnotationConfigApplicationContext@131c5640: startup date [Thu Feb 28 10:59:21 CST 2019]; root of context hierarchy
2019-02-28 11:02:05,739 [AsyncResolver-bootstrap-executor-0] INFO  [c.n.d.shared.resolver.aws.ConfigClusterResolver] ConfigClusterResolver.java:43 - Resolving eureka endpoints via configuration
2019-02-28 11:07:05,741 [AsyncResolver-bootstrap-executor-0] INFO  [c.n.d.shared.resolver.aws.ConfigClusterResolver] ConfigClusterResolver.java:43 - Resolving eureka endpoints via configuration
2019-02-28 11:11:58,594 [XNIO-2 task-11] INFO  [o.s.c.a.AnnotationConfigApplicationContext] AbstractApplicationContext.java:588 - Refreshing org.springframework.context.annotation.AnnotationConfigApplicationContext@6268b903: startup date [Thu Feb 28 11:11:58 CST 2019]; root of context hierarchy
2019-02-28 11:11:58,615 [XNIO-2 task-11] INFO  [o.s.b.f.a.AutowiredAnnotationBeanPostProcessor] AutowiredAnnotationBeanPostProcessor.java:153 - JSR-330 'javax.inject.Inject' annotation found and supported for autowiring
2019-02-28 11:11:58,673 [XNIO-2 task-11] INFO  [o.s.c.c.s.environment.NativeEnvironmentRepository] NativeEnvironmentRepository.java:264 - Adding property source: classpath:/config/pig-storage-dev.yml
2019-02-28 11:11:58,676 [XNIO-2 task-11] INFO  [o.s.c.c.s.environment.NativeEnvironmentRepository] NativeEnvironmentRepository.java:264 - Adding property source: classpath:/config/application-dev.yml
2019-02-28 11:11:58,676 [XNIO-2 task-11] INFO  [o.s.c.a.AnnotationConfigApplicationContext] AbstractApplicationContext.java:991 - Closing org.springframework.context.annotation.AnnotationConfigApplicationContext@6268b903: startup date [Thu Feb 28 11:11:58 CST 2019]; root of context hierarchy
2019-02-28 11:12:05,744 [AsyncResolver-bootstrap-executor-0] INFO  [c.n.d.shared.resolver.aws.ConfigClusterResolver] ConfigClusterResolver.java:43 - Resolving eureka endpoints via configuration
2019-02-28 11:12:07,880 [XNIO-2 task-12] INFO  [o.s.c.a.AnnotationConfigApplicationContext] AbstractApplicationContext.java:588 - Refreshing org.springframework.context.annotation.AnnotationConfigApplicationContext@2aad354a: startup date [Thu Feb 28 11:12:07 CST 2019]; root of context hierarchy
2019-02-28 11:12:07,924 [XNIO-2 task-12] INFO  [o.s.b.f.a.AutowiredAnnotationBeanPostProcessor] AutowiredAnnotationBeanPostProcessor.java:153 - JSR-330 'javax.inject.Inject' annotation found and supported for autowiring
2019-02-28 11:12:08,029 [XNIO-2 task-12] INFO  [o.s.c.c.s.environment.NativeEnvironmentRepository] NativeEnvironmentRepository.java:264 - Adding property source: classpath:/config/pig-storage-dev.yml
2019-02-28 11:12:08,029 [XNIO-2 task-12] INFO  [o.s.c.c.s.environment.NativeEnvironmentRepository] NativeEnvironmentRepository.java:264 - Adding property source: classpath:/config/application-dev.yml
2019-02-28 11:12:08,030 [XNIO-2 task-12] INFO  [o.s.c.a.AnnotationConfigApplicationContext] AbstractApplicationContext.java:991 - Closing org.springframework.context.annotation.AnnotationConfigApplicationContext@2aad354a: startup date [Thu Feb 28 11:12:07 CST 2019]; root of context hierarchy
2019-02-28 11:17:05,748 [AsyncResolver-bootstrap-executor-0] INFO  [c.n.d.shared.resolver.aws.ConfigClusterResolver] ConfigClusterResolver.java:43 - Resolving eureka endpoints via configuration
2019-02-28 11:19:29,938 [XNIO-2 task-13] INFO  [o.s.c.a.AnnotationConfigApplicationContext] AbstractApplicationContext.java:588 - Refreshing org.springframework.context.annotation.AnnotationConfigApplicationContext@62c3e691: startup date [Thu Feb 28 11:19:29 CST 2019]; root of context hierarchy
2019-02-28 11:19:29,970 [XNIO-2 task-13] INFO  [o.s.b.f.a.AutowiredAnnotationBeanPostProcessor] AutowiredAnnotationBeanPostProcessor.java:153 - JSR-330 'javax.inject.Inject' annotation found and supported for autowiring
2019-02-28 11:19:30,014 [XNIO-2 task-13] INFO  [o.s.c.c.s.environment.NativeEnvironmentRepository] NativeEnvironmentRepository.java:264 - Adding property source: classpath:/config/pig-storage-dev.yml
2019-02-28 11:19:30,015 [XNIO-2 task-13] INFO  [o.s.c.c.s.environment.NativeEnvironmentRepository] NativeEnvironmentRepository.java:264 - Adding property source: classpath:/config/application-dev.yml
2019-02-28 11:19:30,015 [XNIO-2 task-13] INFO  [o.s.c.a.AnnotationConfigApplicationContext] AbstractApplicationContext.java:991 - Closing org.springframework.context.annotation.AnnotationConfigApplicationContext@62c3e691: startup date [Thu Feb 28 11:19:29 CST 2019]; root of context hierarchy
2019-02-28 11:19:43,150 [XNIO-2 task-14] INFO  [o.s.c.a.AnnotationConfigApplicationContext] AbstractApplicationContext.java:588 - Refreshing org.springframework.context.annotation.AnnotationConfigApplicationContext@2cb18db8: startup date [Thu Feb 28 11:19:43 CST 2019]; root of context hierarchy
2019-02-28 11:19:43,201 [XNIO-2 task-14] INFO  [o.s.b.f.a.AutowiredAnnotationBeanPostProcessor] AutowiredAnnotationBeanPostProcessor.java:153 - JSR-330 'javax.inject.Inject' annotation found and supported for autowiring
2019-02-28 11:19:43,339 [XNIO-2 task-14] INFO  [o.s.c.c.s.environment.NativeEnvironmentRepository] NativeEnvironmentRepository.java:264 - Adding property source: classpath:/config/pig-storage-dev.yml
2019-02-28 11:19:43,341 [XNIO-2 task-14] INFO  [o.s.c.c.s.environment.NativeEnvironmentRepository] NativeEnvironmentRepository.java:264 - Adding property source: classpath:/config/application-dev.yml
2019-02-28 11:19:43,342 [XNIO-2 task-14] INFO  [o.s.c.a.AnnotationConfigApplicationContext] AbstractApplicationContext.java:991 - Closing org.springframework.context.annotation.AnnotationConfigApplicationContext@2cb18db8: startup date [Thu Feb 28 11:19:43 CST 2019]; root of context hierarchy
2019-02-28 11:22:05,751 [AsyncResolver-bootstrap-executor-0] INFO  [c.n.d.shared.resolver.aws.ConfigClusterResolver] ConfigClusterResolver.java:43 - Resolving eureka endpoints via configuration
2019-02-28 11:27:05,753 [AsyncResolver-bootstrap-executor-0] INFO  [c.n.d.shared.resolver.aws.ConfigClusterResolver] ConfigClusterResolver.java:43 - Resolving eureka endpoints via configuration
