2019-02-22 11:22:01,380 [main] INFO  [o.s.c.a.AnnotationConfigApplicationContext] AbstractApplicationContext.java:588 - Refreshing org.springframework.context.annotation.AnnotationConfigApplicationContext@3f628ce9: startup date [Fri Feb 22 11:22:01 CST 2019]; root of context hierarchy
2019-02-22 11:22:01,944 [main] INFO  [c.u.j.c.EnableEncryptablePropertiesBeanFactoryPostProcessor] EnableEncryptablePropertiesBeanFactoryPostProcessor.java:50 - Post-processing PropertySource instances
2019-02-22 11:22:02,076 [main] INFO  [c.u.j.EncryptablePropertySourceConverter] EncryptablePropertySourceConverter.java:38 - Converting PropertySource configurationProperties [org.springframework.boot.context.properties.source.ConfigurationPropertySourcesPropertySource] to AOP Proxy
2019-02-22 11:22:02,079 [main] INFO  [c.u.j.EncryptablePropertySourceConverter] EncryptablePropertySourceConverter.java:38 - Converting PropertySource bootstrap [org.springframework.core.env.MapPropertySource] to EncryptableMapPropertySourceWrapper
2019-02-22 11:22:02,079 [main] INFO  [c.u.j.EncryptablePropertySourceConverter] EncryptablePropertySourceConverter.java:38 - Converting PropertySource systemProperties [org.springframework.core.env.MapPropertySource] to EncryptableMapPropertySourceWrapper
2019-02-22 11:22:02,080 [main] INFO  [c.u.j.EncryptablePropertySourceConverter] EncryptablePropertySourceConverter.java:38 - Converting PropertySource systemEnvironment [org.springframework.boot.env.SystemEnvironmentPropertySourceEnvironmentPostProcessor$OriginAwareSystemEnvironmentPropertySource] to EncryptableMapPropertySourceWrapper
2019-02-22 11:22:02,081 [main] INFO  [c.u.j.EncryptablePropertySourceConverter] EncryptablePropertySourceConverter.java:38 - Converting PropertySource random [org.springframework.boot.env.RandomValuePropertySource] to EncryptablePropertySourceWrapper
2019-02-22 11:22:02,081 [main] INFO  [c.u.j.EncryptablePropertySourceConverter] EncryptablePropertySourceConverter.java:38 - Converting PropertySource springCloudClientHostInfo [org.springframework.core.env.MapPropertySource] to EncryptableMapPropertySourceWrapper
2019-02-22 11:22:02,082 [main] INFO  [c.u.j.EncryptablePropertySourceConverter] EncryptablePropertySourceConverter.java:38 - Converting PropertySource applicationConfig: [classpath:/bootstrap.yml] [org.springframework.boot.env.OriginTrackedMapPropertySource] to EncryptableMapPropertySourceWrapper
2019-02-22 11:22:02,108 [main] INFO  [o.s.b.f.a.AutowiredAnnotationBeanPostProcessor] AutowiredAnnotationBeanPostProcessor.java:153 - JSR-330 'javax.inject.Inject' annotation found and supported for autowiring
2019-02-22 11:22:02,162 [main] INFO  [o.s.c.s.PostProcessorRegistrationDelegate$BeanPostProcessorChecker] PostProcessorRegistrationDelegate.java:326 - Bean 'configurationPropertiesRebinderAutoConfiguration' of type [org.springframework.cloud.autoconfigure.ConfigurationPropertiesRebinderAutoConfiguration$$EnhancerBySpringCGLIB$$2ad40a64] is not eligible for getting processed by all BeanPostProcessors (for example: not eligible for auto-proxying)
2019-02-22 11:22:02,234 [main] INFO  [c.u.j.filter.DefaultLazyPropertyFilter] DefaultLazyPropertyFilter.java:31 - Property Filter custom Bean not found with name 'encryptablePropertyFilter'. Initializing Default Property Filter
2019-02-22 11:22:02,239 [main] INFO  [c.u.j.resolver.DefaultLazyPropertyResolver] DefaultLazyPropertyResolver.java:31 - Property Resolver custom Bean not found with name 'encryptablePropertyResolver'. Initializing Default Property Resolver
2019-02-22 11:22:02,242 [main] INFO  [c.u.j.detector.DefaultLazyPropertyDetector] DefaultLazyPropertyDetector.java:30 - Property Detector custom Bean not found with name 'encryptablePropertyDetector'. Initializing Default Property Detector
2019-02-22 11:22:02,687 [main] INFO  [o.s.cloud.netflix.eureka.InstanceInfoFactory] InstanceInfoFactory.java:71 - Setting initial instance status as: STARTING
2019-02-22 11:22:02,793 [main] INFO  [com.netflix.discovery.DiscoveryClient] DiscoveryClient.java:349 - Initializing Eureka in region us-east-1
2019-02-22 11:22:02,925 [main] INFO  [c.n.discovery.provider.DiscoveryJerseyProvider] DiscoveryJerseyProvider.java:70 - Using JSON encoding codec LegacyJacksonJson
2019-02-22 11:22:02,925 [main] INFO  [c.n.discovery.provider.DiscoveryJerseyProvider] DiscoveryJerseyProvider.java:71 - Using JSON decoding codec LegacyJacksonJson
2019-02-22 11:22:03,132 [main] INFO  [c.n.discovery.provider.DiscoveryJerseyProvider] DiscoveryJerseyProvider.java:80 - Using XML encoding codec XStreamXml
2019-02-22 11:22:03,133 [main] INFO  [c.n.discovery.provider.DiscoveryJerseyProvider] DiscoveryJerseyProvider.java:81 - Using XML decoding codec XStreamXml
2019-02-22 11:22:03,467 [main] INFO  [c.n.d.shared.resolver.aws.ConfigClusterResolver] ConfigClusterResolver.java:43 - Resolving eureka endpoints via configuration
2019-02-22 11:22:03,656 [main] INFO  [com.netflix.discovery.DiscoveryClient] DiscoveryClient.java:958 - Disable delta property : false
2019-02-22 11:22:03,657 [main] INFO  [com.netflix.discovery.DiscoveryClient] DiscoveryClient.java:959 - Single vip registry refresh property : null
2019-02-22 11:22:03,657 [main] INFO  [com.netflix.discovery.DiscoveryClient] DiscoveryClient.java:960 - Force full registry fetch : false
2019-02-22 11:22:03,657 [main] INFO  [com.netflix.discovery.DiscoveryClient] DiscoveryClient.java:961 - Application is null : false
2019-02-22 11:22:03,657 [main] INFO  [com.netflix.discovery.DiscoveryClient] DiscoveryClient.java:962 - Registered Applications size is zero : true
2019-02-22 11:22:03,658 [main] INFO  [com.netflix.discovery.DiscoveryClient] DiscoveryClient.java:964 - Application version is -1: true
2019-02-22 11:22:03,658 [main] INFO  [com.netflix.discovery.DiscoveryClient] DiscoveryClient.java:1047 - Getting all instance registry info from the eureka server
2019-02-22 11:22:04,179 [main] INFO  [com.netflix.discovery.DiscoveryClient] DiscoveryClient.java:1056 - The response status is 200
2019-02-22 11:22:04,184 [main] INFO  [com.netflix.discovery.DiscoveryClient] DiscoveryClient.java:1311 - Not registering with Eureka server per configuration
2019-02-22 11:22:04,192 [main] INFO  [com.netflix.discovery.DiscoveryClient] DiscoveryClient.java:449 - Discovery Client initialized at timestamp 1550805724190 with initial instances count: 7
2019-02-22 11:22:04,694 [main] INFO  [o.s.c.c.client.ConfigServicePropertySourceLocator] ConfigServicePropertySourceLocator.java:205 - Fetching config from server at : http://192.168.1.118:8888/
2019-02-22 11:22:05,309 [main] INFO  [o.s.c.c.client.ConfigServicePropertySourceLocator] ConfigServicePropertySourceLocator.java:149 - Located environment: name=pig-goods, profiles=[dev], label=null, version=null, state=null
2019-02-22 11:22:05,309 [main] INFO  [o.s.c.b.c.PropertySourceBootstrapConfiguration] PropertySourceBootstrapConfiguration.java:98 - Located property source: CompositePropertySource {name='configService', propertySources=[MapPropertySource {name='classpath:/config/pig-goods-dev.yml'}, MapPropertySource {name='classpath:/config/application-dev.yml'}]}
2019-02-22 11:22:05,316 [main] INFO  [c.u.j.c.EnableEncryptablePropertiesConfiguration] EnableEncryptablePropertiesConfiguration.java:69 - Bootstraping jasypt-string-boot auto configuration in context: pig-goods-1
2019-02-22 11:22:05,316 [main] INFO  [c.p.pig.goods.manage.PigGoodsManageApplication] SpringApplication.java:658 - The following profiles are active: dev
2019-02-22 11:22:05,358 [main] INFO  [o.s.b.w.s.c.AnnotationConfigServletWebServerApplicationContext] AbstractApplicationContext.java:588 - Refreshing org.springframework.boot.web.servlet.context.AnnotationConfigServletWebServerApplicationContext@754de353: startup date [Fri Feb 22 11:22:05 CST 2019]; parent: org.springframework.context.annotation.AnnotationConfigApplicationContext@3f628ce9
2019-02-22 11:22:06,227 [main] INFO  [o.s.b.factory.support.DefaultListableBeanFactory] SimpleAliasRegistry.java:73 - Overriding alias 'pig-upmsFeignClient' definition for registered name 'com.pig4cloud.pig.admin.api.feign.RemoteLogService' with new target name 'com.pig4cloud.pig.admin.api.feign.RemoteUserService'
2019-02-22 11:22:06,447 [main] INFO  [o.s.b.factory.support.DefaultListableBeanFactory] SimpleAliasRegistry.java:73 - Overriding alias 'pig-upmsFeignClient' definition for registered name 'com.pig4cloud.pig.admin.api.feign.RemoteUserService' with new target name 'com.pig4cloud.pig.admin.api.feign.RemoteLogService'
2019-02-22 11:22:06,448 [main] INFO  [o.s.b.factory.support.DefaultListableBeanFactory] SimpleAliasRegistry.java:73 - Overriding alias 'pig-upmsFeignClient' definition for registered name 'com.pig4cloud.pig.admin.api.feign.RemoteLogService' with new target name 'com.pig4cloud.pig.admin.api.feign.RemoteUserService'
2019-02-22 11:22:06,777 [main] INFO  [o.s.d.r.config.RepositoryConfigurationDelegate] RepositoryConfigurationDelegate.java:172 - Multiple Spring Data modules found, entering strict repository configuration mode!
2019-02-22 11:22:07,118 [main] INFO  [o.s.b.factory.support.DefaultListableBeanFactory] DefaultListableBeanFactory.java:821 - Overriding bean definition for bean 'dataSource' with a different definition: replacing [Root bean: class [null]; scope=refresh; abstract=false; lazyInit=false; autowireMode=3; dependencyCheck=0; autowireCandidate=false; primary=false; factoryBeanName=org.springframework.boot.autoconfigure.jdbc.DataSourceConfiguration$Hikari; factoryMethodName=dataSource; initMethodName=null; destroyMethodName=(inferred); defined in class path resource [org/springframework/boot/autoconfigure/jdbc/DataSourceConfiguration$Hikari.class]] with [Root bean: class [org.springframework.aop.scope.ScopedProxyFactoryBean]; scope=; abstract=false; lazyInit=false; autowireMode=0; dependencyCheck=0; autowireCandidate=true; primary=false; factoryBeanName=null; factoryMethodName=null; initMethodName=null; destroyMethodName=null; defined in BeanDefinition defined in class path resource [org/springframework/boot/autoconfigure/jdbc/DataSourceConfiguration$Hikari.class]]
2019-02-22 11:22:07,637 [main] INFO  [o.springframework.cloud.context.scope.GenericScope] GenericScope.java:294 - BeanFactory id=4890dd2e-c74d-3dd0-9f0b-5c0c1895282c
2019-02-22 11:22:07,657 [main] INFO  [c.u.j.c.EnableEncryptablePropertiesBeanFactoryPostProcessor] EnableEncryptablePropertiesBeanFactoryPostProcessor.java:50 - Post-processing PropertySource instances
2019-02-22 11:22:07,709 [main] INFO  [c.u.j.EncryptablePropertySourceConverter] EncryptablePropertySourceConverter.java:38 - Converting PropertySource bootstrapProperties [org.springframework.core.env.CompositePropertySource] to EncryptableEnumerablePropertySourceWrapper
2019-02-22 11:22:07,710 [main] INFO  [c.u.j.EncryptablePropertySourceConverter] EncryptablePropertySourceConverter.java:38 - Converting PropertySource configurationProperties [org.springframework.boot.context.properties.source.ConfigurationPropertySourcesPropertySource] to AOP Proxy
2019-02-22 11:22:07,710 [main] INFO  [c.u.j.EncryptablePropertySourceConverter] EncryptablePropertySourceConverter.java:38 - Converting PropertySource servletConfigInitParams [org.springframework.core.env.PropertySource$StubPropertySource] to EncryptablePropertySourceWrapper
2019-02-22 11:22:07,710 [main] INFO  [c.u.j.EncryptablePropertySourceConverter] EncryptablePropertySourceConverter.java:38 - Converting PropertySource servletContextInitParams [org.springframework.core.env.PropertySource$StubPropertySource] to EncryptablePropertySourceWrapper
2019-02-22 11:22:07,710 [main] INFO  [c.u.j.EncryptablePropertySourceConverter] EncryptablePropertySourceConverter.java:38 - Converting PropertySource systemProperties [org.springframework.core.env.MapPropertySource] to EncryptableMapPropertySourceWrapper
2019-02-22 11:22:07,711 [main] INFO  [c.u.j.EncryptablePropertySourceConverter] EncryptablePropertySourceConverter.java:38 - Converting PropertySource systemEnvironment [org.springframework.boot.env.SystemEnvironmentPropertySourceEnvironmentPostProcessor$OriginAwareSystemEnvironmentPropertySource] to EncryptableMapPropertySourceWrapper
2019-02-22 11:22:07,711 [main] INFO  [c.u.j.EncryptablePropertySourceConverter] EncryptablePropertySourceConverter.java:38 - Converting PropertySource random [org.springframework.boot.env.RandomValuePropertySource] to EncryptablePropertySourceWrapper
2019-02-22 11:22:07,711 [main] INFO  [c.u.j.EncryptablePropertySourceConverter] EncryptablePropertySourceConverter.java:38 - Converting PropertySource springCloudClientHostInfo [org.springframework.core.env.MapPropertySource] to EncryptableMapPropertySourceWrapper
2019-02-22 11:22:07,711 [main] INFO  [c.u.j.EncryptablePropertySourceConverter] EncryptablePropertySourceConverter.java:38 - Converting PropertySource defaultProperties [org.springframework.core.env.MapPropertySource] to EncryptableMapPropertySourceWrapper
2019-02-22 11:22:07,731 [main] INFO  [o.s.b.f.a.AutowiredAnnotationBeanPostProcessor] AutowiredAnnotationBeanPostProcessor.java:153 - JSR-330 'javax.inject.Inject' annotation found and supported for autowiring
2019-02-22 11:22:07,795 [main] INFO  [c.u.j.filter.DefaultLazyPropertyFilter] DefaultLazyPropertyFilter.java:31 - Property Filter custom Bean not found with name 'encryptablePropertyFilter'. Initializing Default Property Filter
2019-02-22 11:22:08,012 [main] INFO  [o.s.c.s.PostProcessorRegistrationDelegate$BeanPostProcessorChecker] PostProcessorRegistrationDelegate.java:326 - Bean 'org.springframework.transaction.annotation.ProxyTransactionManagementConfiguration' of type [org.springframework.transaction.annotation.ProxyTransactionManagementConfiguration$$EnhancerBySpringCGLIB$$eba0767] is not eligible for getting processed by all BeanPostProcessors (for example: not eligible for auto-proxying)
2019-02-22 11:22:08,326 [main] INFO  [o.s.c.s.PostProcessorRegistrationDelegate$BeanPostProcessorChecker] PostProcessorRegistrationDelegate.java:326 - Bean 'org.springframework.security.config.annotation.configuration.ObjectPostProcessorConfiguration' of type [org.springframework.security.config.annotation.configuration.ObjectPostProcessorConfiguration$$EnhancerBySpringCGLIB$$a767cfa1] is not eligible for getting processed by all BeanPostProcessors (for example: not eligible for auto-proxying)
2019-02-22 11:22:08,344 [main] INFO  [o.s.c.s.PostProcessorRegistrationDelegate$BeanPostProcessorChecker] PostProcessorRegistrationDelegate.java:326 - Bean 'objectPostProcessor' of type [org.springframework.security.config.annotation.configuration.AutowireBeanFactoryObjectPostProcessor] is not eligible for getting processed by all BeanPostProcessors (for example: not eligible for auto-proxying)
2019-02-22 11:22:08,352 [main] INFO  [o.s.c.s.PostProcessorRegistrationDelegate$BeanPostProcessorChecker] PostProcessorRegistrationDelegate.java:326 - Bean 'org.springframework.security.access.expression.method.DefaultMethodSecurityExpressionHandler@61c4fc34' of type [org.springframework.security.oauth2.provider.expression.OAuth2MethodSecurityExpressionHandler] is not eligible for getting processed by all BeanPostProcessors (for example: not eligible for auto-proxying)
2019-02-22 11:22:08,366 [main] INFO  [o.s.c.s.PostProcessorRegistrationDelegate$BeanPostProcessorChecker] PostProcessorRegistrationDelegate.java:326 - Bean 'org.springframework.security.config.annotation.method.configuration.GlobalMethodSecurityConfiguration' of type [org.springframework.security.config.annotation.method.configuration.GlobalMethodSecurityConfiguration$$EnhancerBySpringCGLIB$$cc3c7253] is not eligible for getting processed by all BeanPostProcessors (for example: not eligible for auto-proxying)
2019-02-22 11:22:08,387 [main] INFO  [o.s.c.s.PostProcessorRegistrationDelegate$BeanPostProcessorChecker] PostProcessorRegistrationDelegate.java:326 - Bean 'methodSecurityMetadataSource' of type [org.springframework.security.access.method.DelegatingMethodSecurityMetadataSource] is not eligible for getting processed by all BeanPostProcessors (for example: not eligible for auto-proxying)
2019-02-22 11:22:08,422 [main] INFO  [o.s.c.s.PostProcessorRegistrationDelegate$BeanPostProcessorChecker] PostProcessorRegistrationDelegate.java:326 - Bean 'org.springframework.cloud.autoconfigure.ConfigurationPropertiesRebinderAutoConfiguration' of type [org.springframework.cloud.autoconfigure.ConfigurationPropertiesRebinderAutoConfiguration$$EnhancerBySpringCGLIB$$2ad40a64] is not eligible for getting processed by all BeanPostProcessors (for example: not eligible for auto-proxying)
2019-02-22 11:22:09,004 [main] INFO  [org.xnio] Xnio.java:104 - XNIO version 3.3.8.Final
2019-02-22 11:22:09,031 [main] INFO  [org.xnio.nio] NioXnio.java:55 - XNIO NIO Implementation Version 3.3.8.Final
2019-02-22 11:22:09,084 [main] WARN  [io.undertow.websockets.jsr] Bootstrap.java:67 - UT026009: XNIO worker was not set on WebSocketDeploymentInfo, the default worker will be used
2019-02-22 11:22:09,084 [main] WARN  [io.undertow.websockets.jsr] Bootstrap.java:76 - UT026010: Buffer pool was not set on WebSocketDeploymentInfo, the default pool will be used
2019-02-22 11:22:09,127 [main] INFO  [io.undertow.servlet] ServletContextImpl.java:360 - Initializing Spring embedded WebApplicationContext
2019-02-22 11:22:09,128 [main] INFO  [org.springframework.web.context.ContextLoader] ServletWebServerApplicationContext.java:296 - Root WebApplicationContext: initialization completed in 3770 ms
2019-02-22 11:22:09,439 [main] WARN  [com.netflix.config.sources.URLConfigurationSource] URLConfigurationSource.java:121 - No URLs will be polled as dynamic configuration sources.
2019-02-22 11:22:09,440 [main] INFO  [com.netflix.config.sources.URLConfigurationSource] URLConfigurationSource.java:122 - To enable URLs as dynamic configuration sources, define System property archaius.configurationSource.additionalUrls or make config.properties available on classpath.
2019-02-22 11:22:09,458 [main] INFO  [com.netflix.config.DynamicPropertyFactory] DynamicPropertyFactory.java:281 - DynamicPropertyFactory is initialized with configuration sources: com.netflix.config.ConcurrentCompositeConfiguration@55a2ca5e
2019-02-22 11:22:09,573 [main] INFO  [c.u.j.resolver.DefaultLazyPropertyResolver] DefaultLazyPropertyResolver.java:31 - Property Resolver custom Bean not found with name 'encryptablePropertyResolver'. Initializing Default Property Resolver
2019-02-22 11:22:09,573 [main] INFO  [c.u.j.detector.DefaultLazyPropertyDetector] DefaultLazyPropertyDetector.java:30 - Property Detector custom Bean not found with name 'encryptablePropertyDetector'. Initializing Default Property Detector
2019-02-22 11:22:12,032 [main] INFO  [o.s.boot.web.servlet.FilterRegistrationBean] AbstractFilterRegistrationBean.java:245 - Mapping filter: 'characterEncodingFilter' to: [/*]
2019-02-22 11:22:12,034 [main] INFO  [o.s.boot.web.servlet.FilterRegistrationBean] AbstractFilterRegistrationBean.java:245 - Mapping filter: 'webMvcMetricsFilter' to: [/*]
2019-02-22 11:22:12,035 [main] INFO  [o.s.boot.web.servlet.FilterRegistrationBean] AbstractFilterRegistrationBean.java:245 - Mapping filter: 'hiddenHttpMethodFilter' to: [/*]
2019-02-22 11:22:12,035 [main] INFO  [o.s.boot.web.servlet.FilterRegistrationBean] AbstractFilterRegistrationBean.java:245 - Mapping filter: 'httpPutFormContentFilter' to: [/*]
2019-02-22 11:22:12,035 [main] INFO  [o.s.boot.web.servlet.FilterRegistrationBean] AbstractFilterRegistrationBean.java:245 - Mapping filter: 'requestContextFilter' to: [/*]
2019-02-22 11:22:12,036 [main] INFO  [o.s.b.w.s.DelegatingFilterProxyRegistrationBean] AbstractFilterRegistrationBean.java:245 - Mapping filter: 'springSecurityFilterChain' to: [/*]
2019-02-22 11:22:12,037 [main] INFO  [o.s.boot.web.servlet.FilterRegistrationBean] AbstractFilterRegistrationBean.java:245 - Mapping filter: 'httpTraceFilter' to: [/*]
2019-02-22 11:22:12,037 [main] INFO  [o.s.boot.web.servlet.ServletRegistrationBean] ServletRegistrationBean.java:187 - Servlet dispatcherServlet mapped to [/]
2019-02-22 11:22:12,043 [main] INFO  [o.s.b.a.endpoint.web.ServletEndpointRegistrar] ServletEndpointRegistrar.java:78 - Registered '/actuator/jolokia' to jolokia-actuator-endpoint
2019-02-22 11:22:12,043 [main] INFO  [o.s.b.a.endpoint.web.ServletEndpointRegistrar] ServletEndpointRegistrar.java:78 - Registered '/actuator/hystrix.stream' to hystrix.stream-actuator-endpoint
2019-02-22 11:22:12,404 [main] INFO  [c.u.j.encryptor.DefaultLazyEncryptor] DefaultLazyEncryptor.java:32 - String Encryptor custom Bean not found with name 'jasyptStringEncryptor'. Initializing Default String Encryptor
2019-02-22 11:22:12,417 [main] INFO  [c.u.j.encryptor.DefaultLazyEncryptor] DefaultLazyEncryptor.java:58 - Encryptor config not found for property jasypt.encryptor.algorithm, using default value: PBEWithMD5AndDES
2019-02-22 11:22:12,418 [main] INFO  [c.u.j.encryptor.DefaultLazyEncryptor] DefaultLazyEncryptor.java:58 - Encryptor config not found for property jasypt.encryptor.keyObtentionIterations, using default value: 1000
2019-02-22 11:22:12,418 [main] INFO  [c.u.j.encryptor.DefaultLazyEncryptor] DefaultLazyEncryptor.java:58 - Encryptor config not found for property jasypt.encryptor.poolSize, using default value: 1
2019-02-22 11:22:12,419 [main] INFO  [c.u.j.encryptor.DefaultLazyEncryptor] DefaultLazyEncryptor.java:58 - Encryptor config not found for property jasypt.encryptor.providerName, using default value: null
2019-02-22 11:22:12,419 [main] INFO  [c.u.j.encryptor.DefaultLazyEncryptor] DefaultLazyEncryptor.java:58 - Encryptor config not found for property jasypt.encryptor.providerClassName, using default value: null
2019-02-22 11:22:12,419 [main] INFO  [c.u.j.encryptor.DefaultLazyEncryptor] DefaultLazyEncryptor.java:58 - Encryptor config not found for property jasypt.encryptor.saltGeneratorClassname, using default value: org.jasypt.salt.RandomSaltGenerator
2019-02-22 11:22:12,421 [main] INFO  [c.u.j.encryptor.DefaultLazyEncryptor] DefaultLazyEncryptor.java:58 - Encryptor config not found for property jasypt.encryptor.stringOutputType, using default value: base64
2019-02-22 11:22:12,508 [main] INFO  [o.s.c.a.AnnotationConfigApplicationContext] AbstractApplicationContext.java:588 - Refreshing FeignContext-pig-upms: startup date [Fri Feb 22 11:22:12 CST 2019]; parent: org.springframework.boot.web.servlet.context.AnnotationConfigServletWebServerApplicationContext@754de353
2019-02-22 11:22:12,533 [main] INFO  [o.s.b.f.a.AutowiredAnnotationBeanPostProcessor] AutowiredAnnotationBeanPostProcessor.java:153 - JSR-330 'javax.inject.Inject' annotation found and supported for autowiring
2019-02-22 11:22:13,555 [main] INFO  [com.zaxxer.hikari.HikariDataSource] HikariDataSource.java:110 - HikariPool-1 - Starting...
2019-02-22 11:22:13,763 [main] INFO  [com.zaxxer.hikari.HikariDataSource] HikariDataSource.java:123 - HikariPool-1 - Start completed.
2019-02-22 11:22:15,443 [main] WARN  [com.netflix.config.sources.URLConfigurationSource] URLConfigurationSource.java:121 - No URLs will be polled as dynamic configuration sources.
2019-02-22 11:22:15,443 [main] INFO  [com.netflix.config.sources.URLConfigurationSource] URLConfigurationSource.java:122 - To enable URLs as dynamic configuration sources, define System property archaius.configurationSource.additionalUrls or make config.properties available on classpath.
2019-02-22 11:22:15,718 [main] INFO  [o.s.web.servlet.handler.SimpleUrlHandlerMapping] AbstractUrlHandlerMapping.java:373 - Mapped URL path [/**/favicon.ico] onto handler of type [class org.springframework.web.servlet.resource.ResourceHttpRequestHandler]
2019-02-22 11:22:15,937 [main] INFO  [o.s.w.s.m.m.a.RequestMappingHandlerAdapter] RequestMappingHandlerAdapter.java:588 - Looking for @ControllerAdvice: org.springframework.boot.web.servlet.context.AnnotationConfigServletWebServerApplicationContext@754de353: startup date [Fri Feb 22 11:22:05 CST 2019]; parent: org.springframework.context.annotation.AnnotationConfigApplicationContext@3f628ce9
2019-02-22 11:22:16,071 [main] INFO  [o.s.w.s.m.m.a.RequestMappingHandlerMapping] AbstractHandlerMethodMapping.java:550 - Mapped "{[/goods],methods=[PUT]}" onto public com.pig4cloud.pig.common.core.util.R com.pig4cloud.pig.goods.manage.controller.GoodsController.update(com.pig4cloud.pig.goods.api.entity.Goods)
2019-02-22 11:22:16,072 [main] INFO  [o.s.w.s.m.m.a.RequestMappingHandlerMapping] AbstractHandlerMethodMapping.java:550 - Mapped "{[/goods],methods=[POST]}" onto public com.pig4cloud.pig.common.core.util.R com.pig4cloud.pig.goods.manage.controller.GoodsController.save(com.pig4cloud.pig.goods.api.entity.Goods)
2019-02-22 11:22:16,073 [main] INFO  [o.s.w.s.m.m.a.RequestMappingHandlerMapping] AbstractHandlerMethodMapping.java:550 - Mapped "{[/goods/{id}],methods=[GET]}" onto public com.pig4cloud.pig.common.core.util.R<com.pig4cloud.pig.goods.api.entity.Goods> com.pig4cloud.pig.goods.manage.controller.GoodsController.getById(java.lang.Integer)
2019-02-22 11:22:16,073 [main] INFO  [o.s.w.s.m.m.a.RequestMappingHandlerMapping] AbstractHandlerMethodMapping.java:550 - Mapped "{[/goods/{id}],methods=[DELETE]}" onto public com.pig4cloud.pig.common.core.util.R com.pig4cloud.pig.goods.manage.controller.GoodsController.removeById(java.lang.Integer)
2019-02-22 11:22:16,074 [main] INFO  [o.s.w.s.m.m.a.RequestMappingHandlerMapping] AbstractHandlerMethodMapping.java:550 - Mapped "{[/goods/page],methods=[GET]}" onto public com.pig4cloud.pig.common.core.util.R<com.baomidou.mybatisplus.core.metadata.IPage<com.pig4cloud.pig.goods.api.entity.Goods>> com.pig4cloud.pig.goods.manage.controller.GoodsController.getGoodsPage(com.baomidou.mybatisplus.extension.plugins.pagination.Page<com.pig4cloud.pig.goods.api.entity.Goods>,com.pig4cloud.pig.goods.api.entity.Goods)
2019-02-22 11:22:16,075 [main] INFO  [o.s.w.s.m.m.a.RequestMappingHandlerMapping] AbstractHandlerMethodMapping.java:550 - Mapped "{[/details],methods=[PUT]}" onto public com.pig4cloud.pig.common.core.util.R com.pig4cloud.pig.goods.manage.controller.GoodsDetailsController.update(com.pig4cloud.pig.goods.api.entity.GoodsDetails)
2019-02-22 11:22:16,076 [main] INFO  [o.s.w.s.m.m.a.RequestMappingHandlerMapping] AbstractHandlerMethodMapping.java:550 - Mapped "{[/details],methods=[POST]}" onto public com.pig4cloud.pig.common.core.util.R com.pig4cloud.pig.goods.manage.controller.GoodsDetailsController.save(com.pig4cloud.pig.goods.api.entity.GoodsDetails)
2019-02-22 11:22:16,076 [main] INFO  [o.s.w.s.m.m.a.RequestMappingHandlerMapping] AbstractHandlerMethodMapping.java:550 - Mapped "{[/details/page],methods=[GET]}" onto public com.pig4cloud.pig.common.core.util.R<com.baomidou.mybatisplus.core.metadata.IPage<com.pig4cloud.pig.goods.api.entity.GoodsDetails>> com.pig4cloud.pig.goods.manage.controller.GoodsDetailsController.getGoodsDetailsPage(com.baomidou.mybatisplus.extension.plugins.pagination.Page<com.pig4cloud.pig.goods.api.entity.GoodsDetails>,com.pig4cloud.pig.goods.api.entity.GoodsDetails)
2019-02-22 11:22:16,077 [main] INFO  [o.s.w.s.m.m.a.RequestMappingHandlerMapping] AbstractHandlerMethodMapping.java:550 - Mapped "{[/details/{id}],methods=[GET]}" onto public com.pig4cloud.pig.common.core.util.R<com.pig4cloud.pig.goods.api.entity.GoodsDetails> com.pig4cloud.pig.goods.manage.controller.GoodsDetailsController.getById(java.lang.Integer)
2019-02-22 11:22:16,077 [main] INFO  [o.s.w.s.m.m.a.RequestMappingHandlerMapping] AbstractHandlerMethodMapping.java:550 - Mapped "{[/details/{id}],methods=[DELETE]}" onto public com.pig4cloud.pig.common.core.util.R com.pig4cloud.pig.goods.manage.controller.GoodsDetailsController.removeById(java.lang.Integer)
2019-02-22 11:22:16,079 [main] INFO  [o.s.w.s.m.m.a.RequestMappingHandlerMapping] AbstractHandlerMethodMapping.java:550 - Mapped "{[/evaluation],methods=[PUT]}" onto public com.pig4cloud.pig.common.core.util.R com.pig4cloud.pig.goods.manage.controller.GoodsEvaluationController.update(com.pig4cloud.pig.goods.api.entity.GoodsEvaluation)
2019-02-22 11:22:16,079 [main] INFO  [o.s.w.s.m.m.a.RequestMappingHandlerMapping] AbstractHandlerMethodMapping.java:550 - Mapped "{[/evaluation],methods=[POST]}" onto public com.pig4cloud.pig.common.core.util.R com.pig4cloud.pig.goods.manage.controller.GoodsEvaluationController.save(com.pig4cloud.pig.goods.api.entity.GoodsEvaluation)
2019-02-22 11:22:16,079 [main] INFO  [o.s.w.s.m.m.a.RequestMappingHandlerMapping] AbstractHandlerMethodMapping.java:550 - Mapped "{[/evaluation/page],methods=[GET]}" onto public com.pig4cloud.pig.common.core.util.R<com.baomidou.mybatisplus.core.metadata.IPage<com.pig4cloud.pig.goods.api.entity.GoodsEvaluation>> com.pig4cloud.pig.goods.manage.controller.GoodsEvaluationController.getGoodsEvaluationPage(com.baomidou.mybatisplus.extension.plugins.pagination.Page<com.pig4cloud.pig.goods.api.entity.GoodsEvaluation>,com.pig4cloud.pig.goods.api.entity.GoodsEvaluation)
2019-02-22 11:22:16,080 [main] INFO  [o.s.w.s.m.m.a.RequestMappingHandlerMapping] AbstractHandlerMethodMapping.java:550 - Mapped "{[/evaluation/{id}],methods=[GET]}" onto public com.pig4cloud.pig.common.core.util.R<com.pig4cloud.pig.goods.api.entity.GoodsEvaluation> com.pig4cloud.pig.goods.manage.controller.GoodsEvaluationController.getById(java.lang.Integer)
2019-02-22 11:22:16,080 [main] INFO  [o.s.w.s.m.m.a.RequestMappingHandlerMapping] AbstractHandlerMethodMapping.java:550 - Mapped "{[/evaluation/{id}],methods=[DELETE]}" onto public com.pig4cloud.pig.common.core.util.R com.pig4cloud.pig.goods.manage.controller.GoodsEvaluationController.removeById(java.lang.Integer)
2019-02-22 11:22:16,083 [main] INFO  [o.s.w.s.m.m.a.RequestMappingHandlerMapping] AbstractHandlerMethodMapping.java:550 - Mapped "{[/group],methods=[PUT]}" onto public com.pig4cloud.pig.common.core.util.R com.pig4cloud.pig.goods.manage.controller.GoodsGroupController.update(com.pig4cloud.pig.goods.api.entity.GoodsGroup)
2019-02-22 11:22:16,083 [main] INFO  [o.s.w.s.m.m.a.RequestMappingHandlerMapping] AbstractHandlerMethodMapping.java:550 - Mapped "{[/group],methods=[POST]}" onto public com.pig4cloud.pig.common.core.util.R com.pig4cloud.pig.goods.manage.controller.GoodsGroupController.save(com.pig4cloud.pig.goods.api.entity.GoodsGroup)
2019-02-22 11:22:16,084 [main] INFO  [o.s.w.s.m.m.a.RequestMappingHandlerMapping] AbstractHandlerMethodMapping.java:550 - Mapped "{[/group/page],methods=[GET]}" onto public com.pig4cloud.pig.common.core.util.R<com.baomidou.mybatisplus.core.metadata.IPage<com.pig4cloud.pig.goods.api.entity.GoodsGroup>> com.pig4cloud.pig.goods.manage.controller.GoodsGroupController.getGoodsGroupPage(com.baomidou.mybatisplus.extension.plugins.pagination.Page<com.pig4cloud.pig.goods.api.entity.GoodsGroup>,com.pig4cloud.pig.goods.api.entity.GoodsGroup)
2019-02-22 11:22:16,084 [main] INFO  [o.s.w.s.m.m.a.RequestMappingHandlerMapping] AbstractHandlerMethodMapping.java:550 - Mapped "{[/group/{id}],methods=[GET]}" onto public com.pig4cloud.pig.common.core.util.R<com.pig4cloud.pig.goods.api.entity.GoodsGroup> com.pig4cloud.pig.goods.manage.controller.GoodsGroupController.getById(java.lang.Integer)
2019-02-22 11:22:16,085 [main] INFO  [o.s.w.s.m.m.a.RequestMappingHandlerMapping] AbstractHandlerMethodMapping.java:550 - Mapped "{[/group/{id}],methods=[DELETE]}" onto public com.pig4cloud.pig.common.core.util.R com.pig4cloud.pig.goods.manage.controller.GoodsGroupController.removeById(java.lang.Integer)
2019-02-22 11:22:16,086 [main] INFO  [o.s.w.s.m.m.a.RequestMappingHandlerMapping] AbstractHandlerMethodMapping.java:550 - Mapped "{[/image],methods=[PUT]}" onto public com.pig4cloud.pig.common.core.util.R com.pig4cloud.pig.goods.manage.controller.GoodsImageController.update(com.pig4cloud.pig.goods.api.entity.GoodsImage)
2019-02-22 11:22:16,086 [main] INFO  [o.s.w.s.m.m.a.RequestMappingHandlerMapping] AbstractHandlerMethodMapping.java:550 - Mapped "{[/image],methods=[POST]}" onto public com.pig4cloud.pig.common.core.util.R com.pig4cloud.pig.goods.manage.controller.GoodsImageController.save(com.pig4cloud.pig.goods.api.entity.GoodsImage)
2019-02-22 11:22:16,087 [main] INFO  [o.s.w.s.m.m.a.RequestMappingHandlerMapping] AbstractHandlerMethodMapping.java:550 - Mapped "{[/image/page],methods=[GET]}" onto public com.pig4cloud.pig.common.core.util.R<com.baomidou.mybatisplus.core.metadata.IPage<com.pig4cloud.pig.goods.api.entity.GoodsImage>> com.pig4cloud.pig.goods.manage.controller.GoodsImageController.getGoodsImagePage(com.baomidou.mybatisplus.extension.plugins.pagination.Page<com.pig4cloud.pig.goods.api.entity.GoodsImage>,com.pig4cloud.pig.goods.api.entity.GoodsImage)
2019-02-22 11:22:16,087 [main] INFO  [o.s.w.s.m.m.a.RequestMappingHandlerMapping] AbstractHandlerMethodMapping.java:550 - Mapped "{[/image/{id}],methods=[GET]}" onto public com.pig4cloud.pig.common.core.util.R<com.pig4cloud.pig.goods.api.entity.GoodsImage> com.pig4cloud.pig.goods.manage.controller.GoodsImageController.getById(java.lang.Integer)
2019-02-22 11:22:16,087 [main] INFO  [o.s.w.s.m.m.a.RequestMappingHandlerMapping] AbstractHandlerMethodMapping.java:550 - Mapped "{[/image/{id}],methods=[DELETE]}" onto public com.pig4cloud.pig.common.core.util.R com.pig4cloud.pig.goods.manage.controller.GoodsImageController.removeById(java.lang.Integer)
2019-02-22 11:22:16,089 [main] INFO  [o.s.w.s.m.m.a.RequestMappingHandlerMapping] AbstractHandlerMethodMapping.java:550 - Mapped "{[/share],methods=[PUT]}" onto public com.pig4cloud.pig.common.core.util.R com.pig4cloud.pig.goods.manage.controller.GoodsShareController.update(com.pig4cloud.pig.goods.api.entity.GoodsShare)
2019-02-22 11:22:16,089 [main] INFO  [o.s.w.s.m.m.a.RequestMappingHandlerMapping] AbstractHandlerMethodMapping.java:550 - Mapped "{[/share],methods=[POST]}" onto public com.pig4cloud.pig.common.core.util.R com.pig4cloud.pig.goods.manage.controller.GoodsShareController.save(com.pig4cloud.pig.goods.api.entity.GoodsShare)
2019-02-22 11:22:16,090 [main] INFO  [o.s.w.s.m.m.a.RequestMappingHandlerMapping] AbstractHandlerMethodMapping.java:550 - Mapped "{[/share/page],methods=[GET]}" onto public com.pig4cloud.pig.common.core.util.R<com.baomidou.mybatisplus.core.metadata.IPage<com.pig4cloud.pig.goods.api.entity.GoodsShare>> com.pig4cloud.pig.goods.manage.controller.GoodsShareController.getGoodsSharePage(com.baomidou.mybatisplus.extension.plugins.pagination.Page<com.pig4cloud.pig.goods.api.entity.GoodsShare>,com.pig4cloud.pig.goods.api.entity.GoodsShare)
2019-02-22 11:22:16,090 [main] INFO  [o.s.w.s.m.m.a.RequestMappingHandlerMapping] AbstractHandlerMethodMapping.java:550 - Mapped "{[/share/{id}],methods=[GET]}" onto public com.pig4cloud.pig.common.core.util.R<com.pig4cloud.pig.goods.api.entity.GoodsShare> com.pig4cloud.pig.goods.manage.controller.GoodsShareController.getById(java.lang.Integer)
2019-02-22 11:22:16,090 [main] INFO  [o.s.w.s.m.m.a.RequestMappingHandlerMapping] AbstractHandlerMethodMapping.java:550 - Mapped "{[/share/{id}],methods=[DELETE]}" onto public com.pig4cloud.pig.common.core.util.R com.pig4cloud.pig.goods.manage.controller.GoodsShareController.removeById(java.lang.Integer)
2019-02-22 11:22:16,094 [main] INFO  [o.s.w.s.m.m.a.RequestMappingHandlerMapping] AbstractHandlerMethodMapping.java:550 - Mapped "{[/specification],methods=[PUT]}" onto public com.pig4cloud.pig.common.core.util.R com.pig4cloud.pig.goods.manage.controller.GoodsSpecificationController.update(com.pig4cloud.pig.goods.api.entity.GoodsSpecification)
2019-02-22 11:22:16,094 [main] INFO  [o.s.w.s.m.m.a.RequestMappingHandlerMapping] AbstractHandlerMethodMapping.java:550 - Mapped "{[/specification],methods=[POST]}" onto public com.pig4cloud.pig.common.core.util.R com.pig4cloud.pig.goods.manage.controller.GoodsSpecificationController.save(com.pig4cloud.pig.goods.api.entity.GoodsSpecification)
2019-02-22 11:22:16,094 [main] INFO  [o.s.w.s.m.m.a.RequestMappingHandlerMapping] AbstractHandlerMethodMapping.java:550 - Mapped "{[/specification/page],methods=[GET]}" onto public com.pig4cloud.pig.common.core.util.R<com.baomidou.mybatisplus.core.metadata.IPage<com.pig4cloud.pig.goods.api.entity.GoodsSpecification>> com.pig4cloud.pig.goods.manage.controller.GoodsSpecificationController.getGoodsSpecificationPage(com.baomidou.mybatisplus.extension.plugins.pagination.Page<com.pig4cloud.pig.goods.api.entity.GoodsSpecification>,com.pig4cloud.pig.goods.api.entity.GoodsSpecification)
2019-02-22 11:22:16,095 [main] INFO  [o.s.w.s.m.m.a.RequestMappingHandlerMapping] AbstractHandlerMethodMapping.java:550 - Mapped "{[/specification/{id}],methods=[GET]}" onto public com.pig4cloud.pig.common.core.util.R<com.pig4cloud.pig.goods.api.entity.GoodsSpecification> com.pig4cloud.pig.goods.manage.controller.GoodsSpecificationController.getById(java.lang.Integer)
2019-02-22 11:22:16,095 [main] INFO  [o.s.w.s.m.m.a.RequestMappingHandlerMapping] AbstractHandlerMethodMapping.java:550 - Mapped "{[/specification/{id}],methods=[DELETE]}" onto public com.pig4cloud.pig.common.core.util.R com.pig4cloud.pig.goods.manage.controller.GoodsSpecificationController.removeById(java.lang.Integer)
2019-02-22 11:22:16,097 [main] INFO  [o.s.w.s.m.m.a.RequestMappingHandlerMapping] AbstractHandlerMethodMapping.java:550 - Mapped "{[/type],methods=[PUT]}" onto public com.pig4cloud.pig.common.core.util.R com.pig4cloud.pig.goods.manage.controller.GoodsTypeController.update(com.pig4cloud.pig.goods.api.entity.GoodsType)
2019-02-22 11:22:16,097 [main] INFO  [o.s.w.s.m.m.a.RequestMappingHandlerMapping] AbstractHandlerMethodMapping.java:550 - Mapped "{[/type],methods=[POST]}" onto public com.pig4cloud.pig.common.core.util.R com.pig4cloud.pig.goods.manage.controller.GoodsTypeController.save(com.pig4cloud.pig.goods.api.entity.GoodsType)
2019-02-22 11:22:16,097 [main] INFO  [o.s.w.s.m.m.a.RequestMappingHandlerMapping] AbstractHandlerMethodMapping.java:550 - Mapped "{[/type/{id}],methods=[GET]}" onto public com.pig4cloud.pig.common.core.util.R<com.pig4cloud.pig.goods.api.entity.GoodsType> com.pig4cloud.pig.goods.manage.controller.GoodsTypeController.getById(java.lang.Integer)
2019-02-22 11:22:16,098 [main] INFO  [o.s.w.s.m.m.a.RequestMappingHandlerMapping] AbstractHandlerMethodMapping.java:550 - Mapped "{[/type/{id}],methods=[DELETE]}" onto public com.pig4cloud.pig.common.core.util.R com.pig4cloud.pig.goods.manage.controller.GoodsTypeController.removeById(java.lang.Integer)
2019-02-22 11:22:16,098 [main] INFO  [o.s.w.s.m.m.a.RequestMappingHandlerMapping] AbstractHandlerMethodMapping.java:550 - Mapped "{[/type/page],methods=[GET]}" onto public com.pig4cloud.pig.common.core.util.R<com.baomidou.mybatisplus.core.metadata.IPage<com.pig4cloud.pig.goods.api.entity.GoodsType>> com.pig4cloud.pig.goods.manage.controller.GoodsTypeController.getGoodsTypePage(com.baomidou.mybatisplus.extension.plugins.pagination.Page<com.pig4cloud.pig.goods.api.entity.GoodsType>,com.pig4cloud.pig.goods.api.entity.GoodsType)
2019-02-22 11:22:16,101 [main] INFO  [o.s.w.s.m.m.a.RequestMappingHandlerMapping] AbstractHandlerMethodMapping.java:550 - Mapped "{[/error]}" onto public org.springframework.http.ResponseEntity<java.util.Map<java.lang.String, java.lang.Object>> org.springframework.boot.autoconfigure.web.servlet.error.BasicErrorController.error(javax.servlet.http.HttpServletRequest)
2019-02-22 11:22:16,101 [main] INFO  [o.s.w.s.m.m.a.RequestMappingHandlerMapping] AbstractHandlerMethodMapping.java:550 - Mapped "{[/error],produces=[text/html]}" onto public org.springframework.web.servlet.ModelAndView org.springframework.boot.autoconfigure.web.servlet.error.BasicErrorController.errorHtml(javax.servlet.http.HttpServletRequest,javax.servlet.http.HttpServletResponse)
2019-02-22 11:22:16,197 [main] INFO  [o.s.web.servlet.handler.SimpleUrlHandlerMapping] AbstractUrlHandlerMapping.java:373 - Mapped URL path [/webjars/**] onto handler of type [class org.springframework.web.servlet.resource.ResourceHttpRequestHandler]
2019-02-22 11:22:16,198 [main] INFO  [o.s.web.servlet.handler.SimpleUrlHandlerMapping] AbstractUrlHandlerMapping.java:373 - Mapped URL path [/**] onto handler of type [class org.springframework.web.servlet.resource.ResourceHttpRequestHandler]
2019-02-22 11:22:16,243 [main] INFO  [o.s.w.s.m.m.a.ExceptionHandlerExceptionResolver] ExceptionHandlerExceptionResolver.java:288 - Detected @ExceptionHandler methods in com.pig4cloud.pig.common.core.exception.GlobalExceptionHandler
2019-02-22 11:22:18,179 [main] INFO  [o.s.security.web.DefaultSecurityFilterChain] DefaultSecurityFilterChain.java:43 - Creating filter chain: org.springframework.security.web.util.matcher.AnyRequestMatcher@1, [org.springframework.security.web.context.request.async.WebAsyncManagerIntegrationFilter@3d6f549c, org.springframework.security.web.context.SecurityContextPersistenceFilter@6ef7e510, org.springframework.security.web.header.HeaderWriterFilter@12008a54, org.springframework.security.web.authentication.logout.LogoutFilter@450555ac, org.springframework.security.oauth2.provider.authentication.OAuth2AuthenticationProcessingFilter@1be7b7de, org.springframework.security.web.savedrequest.RequestCacheAwareFilter@3b89bf47, org.springframework.security.web.servletapi.SecurityContextHolderAwareRequestFilter@39c821c6, org.springframework.security.web.authentication.AnonymousAuthenticationFilter@39090979, org.springframework.security.web.session.SessionManagementFilter@798e73de, org.springframework.security.web.access.ExceptionTranslationFilter@648ebda1, org.springframework.security.web.access.intercept.FilterSecurityInterceptor@2086dfb8]
2019-02-22 11:22:18,243 [main] INFO  [o.s.b.actuate.endpoint.web.EndpointLinksResolver] EndpointLinksResolver.java:59 - Exposing 20 endpoint(s) beneath base path '/actuator'
2019-02-22 11:22:18,266 [main] INFO  [o.s.b.a.e.web.servlet.WebMvcEndpointHandlerMapping] AbstractHandlerMethodMapping.java:550 - Mapped "{[/actuator/configprops],methods=[GET],produces=[application/vnd.spring-boot.actuator.v2+json || application/json]}" onto public java.lang.Object org.springframework.boot.actuate.endpoint.web.servlet.AbstractWebMvcEndpointHandlerMapping$OperationHandler.handle(javax.servlet.http.HttpServletRequest,java.util.Map<java.lang.String, java.lang.String>)
2019-02-22 11:22:18,268 [main] INFO  [o.s.b.a.e.web.servlet.WebMvcEndpointHandlerMapping] AbstractHandlerMethodMapping.java:550 - Mapped "{[/actuator/env],methods=[GET],produces=[application/vnd.spring-boot.actuator.v2+json || application/json]}" onto public java.lang.Object org.springframework.boot.actuate.endpoint.web.servlet.AbstractWebMvcEndpointHandlerMapping$OperationHandler.handle(javax.servlet.http.HttpServletRequest,java.util.Map<java.lang.String, java.lang.String>)
2019-02-22 11:22:18,268 [main] INFO  [o.s.b.a.e.web.servlet.WebMvcEndpointHandlerMapping] AbstractHandlerMethodMapping.java:550 - Mapped "{[/actuator/env/{toMatch}],methods=[GET],produces=[application/vnd.spring-boot.actuator.v2+json || application/json]}" onto public java.lang.Object org.springframework.boot.actuate.endpoint.web.servlet.AbstractWebMvcEndpointHandlerMapping$OperationHandler.handle(javax.servlet.http.HttpServletRequest,java.util.Map<java.lang.String, java.lang.String>)
2019-02-22 11:22:18,269 [main] INFO  [o.s.b.a.e.web.servlet.WebMvcEndpointHandlerMapping] AbstractHandlerMethodMapping.java:550 - Mapped "{[/actuator/env],methods=[POST],consumes=[application/vnd.spring-boot.actuator.v2+json || application/json],produces=[application/vnd.spring-boot.actuator.v2+json || application/json]}" onto public java.lang.Object org.springframework.boot.actuate.endpoint.web.servlet.AbstractWebMvcEndpointHandlerMapping$OperationHandler.handle(javax.servlet.http.HttpServletRequest,java.util.Map<java.lang.String, java.lang.String>)
2019-02-22 11:22:18,270 [main] INFO  [o.s.b.a.e.web.servlet.WebMvcEndpointHandlerMapping] AbstractHandlerMethodMapping.java:550 - Mapped "{[/actuator/env],methods=[DELETE],produces=[application/vnd.spring-boot.actuator.v2+json || application/json]}" onto public java.lang.Object org.springframework.boot.actuate.endpoint.web.servlet.AbstractWebMvcEndpointHandlerMapping$OperationHandler.handle(javax.servlet.http.HttpServletRequest,java.util.Map<java.lang.String, java.lang.String>)
2019-02-22 11:22:18,270 [main] INFO  [o.s.b.a.e.web.servlet.WebMvcEndpointHandlerMapping] AbstractHandlerMethodMapping.java:550 - Mapped "{[/actuator/httptrace],methods=[GET],produces=[application/vnd.spring-boot.actuator.v2+json || application/json]}" onto public java.lang.Object org.springframework.boot.actuate.endpoint.web.servlet.AbstractWebMvcEndpointHandlerMapping$OperationHandler.handle(javax.servlet.http.HttpServletRequest,java.util.Map<java.lang.String, java.lang.String>)
2019-02-22 11:22:18,271 [main] INFO  [o.s.b.a.e.web.servlet.WebMvcEndpointHandlerMapping] AbstractHandlerMethodMapping.java:550 - Mapped "{[/actuator/beans],methods=[GET],produces=[application/vnd.spring-boot.actuator.v2+json || application/json]}" onto public java.lang.Object org.springframework.boot.actuate.endpoint.web.servlet.AbstractWebMvcEndpointHandlerMapping$OperationHandler.handle(javax.servlet.http.HttpServletRequest,java.util.Map<java.lang.String, java.lang.String>)
2019-02-22 11:22:18,271 [main] INFO  [o.s.b.a.e.web.servlet.WebMvcEndpointHandlerMapping] AbstractHandlerMethodMapping.java:550 - Mapped "{[/actuator/auditevents],methods=[GET],produces=[application/vnd.spring-boot.actuator.v2+json || application/json]}" onto public java.lang.Object org.springframework.boot.actuate.endpoint.web.servlet.AbstractWebMvcEndpointHandlerMapping$OperationHandler.handle(javax.servlet.http.HttpServletRequest,java.util.Map<java.lang.String, java.lang.String>)
2019-02-22 11:22:18,271 [main] INFO  [o.s.b.a.e.web.servlet.WebMvcEndpointHandlerMapping] AbstractHandlerMethodMapping.java:550 - Mapped "{[/actuator/service-registry],methods=[GET],produces=[application/vnd.spring-boot.actuator.v2+json || application/json]}" onto public java.lang.Object org.springframework.boot.actuate.endpoint.web.servlet.AbstractWebMvcEndpointHandlerMapping$OperationHandler.handle(javax.servlet.http.HttpServletRequest,java.util.Map<java.lang.String, java.lang.String>)
2019-02-22 11:22:18,272 [main] INFO  [o.s.b.a.e.web.servlet.WebMvcEndpointHandlerMapping] AbstractHandlerMethodMapping.java:550 - Mapped "{[/actuator/service-registry],methods=[POST],consumes=[application/vnd.spring-boot.actuator.v2+json || application/json],produces=[application/vnd.spring-boot.actuator.v2+json || application/json]}" onto public java.lang.Object org.springframework.boot.actuate.endpoint.web.servlet.AbstractWebMvcEndpointHandlerMapping$OperationHandler.handle(javax.servlet.http.HttpServletRequest,java.util.Map<java.lang.String, java.lang.String>)
2019-02-22 11:22:18,272 [main] INFO  [o.s.b.a.e.web.servlet.WebMvcEndpointHandlerMapping] AbstractHandlerMethodMapping.java:550 - Mapped "{[/actuator/threaddump],methods=[GET],produces=[application/vnd.spring-boot.actuator.v2+json || application/json]}" onto public java.lang.Object org.springframework.boot.actuate.endpoint.web.servlet.AbstractWebMvcEndpointHandlerMapping$OperationHandler.handle(javax.servlet.http.HttpServletRequest,java.util.Map<java.lang.String, java.lang.String>)
2019-02-22 11:22:18,273 [main] INFO  [o.s.b.a.e.web.servlet.WebMvcEndpointHandlerMapping] AbstractHandlerMethodMapping.java:550 - Mapped "{[/actuator/archaius],methods=[GET],produces=[application/vnd.spring-boot.actuator.v2+json || application/json]}" onto public java.lang.Object org.springframework.boot.actuate.endpoint.web.servlet.AbstractWebMvcEndpointHandlerMapping$OperationHandler.handle(javax.servlet.http.HttpServletRequest,java.util.Map<java.lang.String, java.lang.String>)
2019-02-22 11:22:18,273 [main] INFO  [o.s.b.a.e.web.servlet.WebMvcEndpointHandlerMapping] AbstractHandlerMethodMapping.java:550 - Mapped "{[/actuator/health],methods=[GET],produces=[application/vnd.spring-boot.actuator.v2+json || application/json]}" onto public java.lang.Object org.springframework.boot.actuate.endpoint.web.servlet.AbstractWebMvcEndpointHandlerMapping$OperationHandler.handle(javax.servlet.http.HttpServletRequest,java.util.Map<java.lang.String, java.lang.String>)
2019-02-22 11:22:18,273 [main] INFO  [o.s.b.a.e.web.servlet.WebMvcEndpointHandlerMapping] AbstractHandlerMethodMapping.java:550 - Mapped "{[/actuator/conditions],methods=[GET],produces=[application/vnd.spring-boot.actuator.v2+json || application/json]}" onto public java.lang.Object org.springframework.boot.actuate.endpoint.web.servlet.AbstractWebMvcEndpointHandlerMapping$OperationHandler.handle(javax.servlet.http.HttpServletRequest,java.util.Map<java.lang.String, java.lang.String>)
2019-02-22 11:22:18,274 [main] INFO  [o.s.b.a.e.web.servlet.WebMvcEndpointHandlerMapping] AbstractHandlerMethodMapping.java:550 - Mapped "{[/actuator/scheduledtasks],methods=[GET],produces=[application/vnd.spring-boot.actuator.v2+json || application/json]}" onto public java.lang.Object org.springframework.boot.actuate.endpoint.web.servlet.AbstractWebMvcEndpointHandlerMapping$OperationHandler.handle(javax.servlet.http.HttpServletRequest,java.util.Map<java.lang.String, java.lang.String>)
2019-02-22 11:22:18,274 [main] INFO  [o.s.b.a.e.web.servlet.WebMvcEndpointHandlerMapping] AbstractHandlerMethodMapping.java:550 - Mapped "{[/actuator/mappings],methods=[GET],produces=[application/vnd.spring-boot.actuator.v2+json || application/json]}" onto public java.lang.Object org.springframework.boot.actuate.endpoint.web.servlet.AbstractWebMvcEndpointHandlerMapping$OperationHandler.handle(javax.servlet.http.HttpServletRequest,java.util.Map<java.lang.String, java.lang.String>)
2019-02-22 11:22:18,275 [main] INFO  [o.s.b.a.e.web.servlet.WebMvcEndpointHandlerMapping] AbstractHandlerMethodMapping.java:550 - Mapped "{[/actuator/features],methods=[GET],produces=[application/vnd.spring-boot.actuator.v2+json || application/json]}" onto public java.lang.Object org.springframework.boot.actuate.endpoint.web.servlet.AbstractWebMvcEndpointHandlerMapping$OperationHandler.handle(javax.servlet.http.HttpServletRequest,java.util.Map<java.lang.String, java.lang.String>)
2019-02-22 11:22:18,275 [main] INFO  [o.s.b.a.e.web.servlet.WebMvcEndpointHandlerMapping] AbstractHandlerMethodMapping.java:550 - Mapped "{[/actuator/loggers],methods=[GET],produces=[application/vnd.spring-boot.actuator.v2+json || application/json]}" onto public java.lang.Object org.springframework.boot.actuate.endpoint.web.servlet.AbstractWebMvcEndpointHandlerMapping$OperationHandler.handle(javax.servlet.http.HttpServletRequest,java.util.Map<java.lang.String, java.lang.String>)
2019-02-22 11:22:18,275 [main] INFO  [o.s.b.a.e.web.servlet.WebMvcEndpointHandlerMapping] AbstractHandlerMethodMapping.java:550 - Mapped "{[/actuator/loggers/{name}],methods=[POST],consumes=[application/vnd.spring-boot.actuator.v2+json || application/json]}" onto public java.lang.Object org.springframework.boot.actuate.endpoint.web.servlet.AbstractWebMvcEndpointHandlerMapping$OperationHandler.handle(javax.servlet.http.HttpServletRequest,java.util.Map<java.lang.String, java.lang.String>)
2019-02-22 11:22:18,275 [main] INFO  [o.s.b.a.e.web.servlet.WebMvcEndpointHandlerMapping] AbstractHandlerMethodMapping.java:550 - Mapped "{[/actuator/loggers/{name}],methods=[GET],produces=[application/vnd.spring-boot.actuator.v2+json || application/json]}" onto public java.lang.Object org.springframework.boot.actuate.endpoint.web.servlet.AbstractWebMvcEndpointHandlerMapping$OperationHandler.handle(javax.servlet.http.HttpServletRequest,java.util.Map<java.lang.String, java.lang.String>)
2019-02-22 11:22:18,276 [main] INFO  [o.s.b.a.e.web.servlet.WebMvcEndpointHandlerMapping] AbstractHandlerMethodMapping.java:550 - Mapped "{[/actuator/heapdump],methods=[GET],produces=[application/octet-stream]}" onto public java.lang.Object org.springframework.boot.actuate.endpoint.web.servlet.AbstractWebMvcEndpointHandlerMapping$OperationHandler.handle(javax.servlet.http.HttpServletRequest,java.util.Map<java.lang.String, java.lang.String>)
2019-02-22 11:22:18,276 [main] INFO  [o.s.b.a.e.web.servlet.WebMvcEndpointHandlerMapping] AbstractHandlerMethodMapping.java:550 - Mapped "{[/actuator/metrics/{requiredMetricName}],methods=[GET],produces=[application/vnd.spring-boot.actuator.v2+json || application/json]}" onto public java.lang.Object org.springframework.boot.actuate.endpoint.web.servlet.AbstractWebMvcEndpointHandlerMapping$OperationHandler.handle(javax.servlet.http.HttpServletRequest,java.util.Map<java.lang.String, java.lang.String>)
2019-02-22 11:22:18,277 [main] INFO  [o.s.b.a.e.web.servlet.WebMvcEndpointHandlerMapping] AbstractHandlerMethodMapping.java:550 - Mapped "{[/actuator/metrics],methods=[GET],produces=[application/vnd.spring-boot.actuator.v2+json || application/json]}" onto public java.lang.Object org.springframework.boot.actuate.endpoint.web.servlet.AbstractWebMvcEndpointHandlerMapping$OperationHandler.handle(javax.servlet.http.HttpServletRequest,java.util.Map<java.lang.String, java.lang.String>)
2019-02-22 11:22:18,277 [main] INFO  [o.s.b.a.e.web.servlet.WebMvcEndpointHandlerMapping] AbstractHandlerMethodMapping.java:550 - Mapped "{[/actuator/info],methods=[GET],produces=[application/vnd.spring-boot.actuator.v2+json || application/json]}" onto public java.lang.Object org.springframework.boot.actuate.endpoint.web.servlet.AbstractWebMvcEndpointHandlerMapping$OperationHandler.handle(javax.servlet.http.HttpServletRequest,java.util.Map<java.lang.String, java.lang.String>)
2019-02-22 11:22:18,277 [main] INFO  [o.s.b.a.e.web.servlet.WebMvcEndpointHandlerMapping] AbstractHandlerMethodMapping.java:550 - Mapped "{[/actuator/refresh],methods=[POST],produces=[application/vnd.spring-boot.actuator.v2+json || application/json]}" onto public java.lang.Object org.springframework.boot.actuate.endpoint.web.servlet.AbstractWebMvcEndpointHandlerMapping$OperationHandler.handle(javax.servlet.http.HttpServletRequest,java.util.Map<java.lang.String, java.lang.String>)
2019-02-22 11:22:18,278 [main] INFO  [o.s.b.a.e.web.servlet.WebMvcEndpointHandlerMapping] AbstractHandlerMethodMapping.java:550 - Mapped "{[/actuator],methods=[GET],produces=[application/vnd.spring-boot.actuator.v2+json || application/json]}" onto protected java.util.Map<java.lang.String, java.util.Map<java.lang.String, org.springframework.boot.actuate.endpoint.web.Link>> org.springframework.boot.actuate.endpoint.web.servlet.WebMvcEndpointHandlerMapping.links(javax.servlet.http.HttpServletRequest,javax.servlet.http.HttpServletResponse)
2019-02-22 11:22:18,695 [main] INFO  [com.netflix.discovery.DiscoveryClient] DiscoveryClient.java:888 - Shutting down DiscoveryClient ...
2019-02-22 11:22:18,704 [main] INFO  [com.netflix.discovery.DiscoveryClient] DiscoveryClient.java:911 - Completed shut down of DiscoveryClient
2019-02-22 11:22:18,811 [main] INFO  [o.s.jmx.export.annotation.AnnotationMBeanExporter] MBeanExporter.java:433 - Registering beans for JMX exposure on startup
2019-02-22 11:22:18,813 [main] INFO  [o.s.jmx.export.annotation.AnnotationMBeanExporter] MBeanExporter.java:895 - Bean with name 'dataSource' has been autodetected for JMX exposure
2019-02-22 11:22:18,830 [main] INFO  [o.s.jmx.export.annotation.AnnotationMBeanExporter] MBeanExporter.java:895 - Bean with name 'environmentManager' has been autodetected for JMX exposure
2019-02-22 11:22:18,832 [main] INFO  [o.s.jmx.export.annotation.AnnotationMBeanExporter] MBeanExporter.java:895 - Bean with name 'refreshScope' has been autodetected for JMX exposure
2019-02-22 11:22:18,835 [main] INFO  [o.s.jmx.export.annotation.AnnotationMBeanExporter] MBeanExporter.java:895 - Bean with name 'configurationPropertiesRebinder' has been autodetected for JMX exposure
2019-02-22 11:22:18,841 [main] INFO  [o.s.jmx.export.annotation.AnnotationMBeanExporter] MBeanExporter.java:675 - Located managed bean 'environmentManager': registering with JMX server as MBean [org.springframework.cloud.context.environment:name=environmentManager,type=EnvironmentManager]
2019-02-22 11:22:18,865 [main] INFO  [o.s.jmx.export.annotation.AnnotationMBeanExporter] MBeanExporter.java:675 - Located managed bean 'refreshScope': registering with JMX server as MBean [org.springframework.cloud.context.scope.refresh:name=refreshScope,type=RefreshScope]
2019-02-22 11:22:18,885 [main] INFO  [o.s.jmx.export.annotation.AnnotationMBeanExporter] MBeanExporter.java:675 - Located managed bean 'configurationPropertiesRebinder': registering with JMX server as MBean [org.springframework.cloud.context.properties:name=configurationPropertiesRebinder,context=754de353,type=ConfigurationPropertiesRebinder]
2019-02-22 11:22:18,898 [main] INFO  [o.s.jmx.export.annotation.AnnotationMBeanExporter] MBeanExporter.java:668 - Located MBean 'dataSource': registering with JMX server as MBean [com.zaxxer.hikari:name=dataSource,type=HikariDataSource]
2019-02-22 11:22:18,930 [main] INFO  [o.s.context.support.DefaultLifecycleProcessor] DefaultLifecycleProcessor.java:356 - Starting beans in phase 0
2019-02-22 11:22:18,950 [main] INFO  [o.s.cloud.netflix.eureka.InstanceInfoFactory] InstanceInfoFactory.java:71 - Setting initial instance status as: STARTING
2019-02-22 11:22:18,958 [main] INFO  [com.netflix.discovery.DiscoveryClient] DiscoveryClient.java:349 - Initializing Eureka in region us-east-1
2019-02-22 11:22:18,963 [main] INFO  [c.n.discovery.provider.DiscoveryJerseyProvider] DiscoveryJerseyProvider.java:70 - Using JSON encoding codec LegacyJacksonJson
2019-02-22 11:22:18,964 [main] INFO  [c.n.discovery.provider.DiscoveryJerseyProvider] DiscoveryJerseyProvider.java:71 - Using JSON decoding codec LegacyJacksonJson
2019-02-22 11:22:18,965 [main] INFO  [c.n.discovery.provider.DiscoveryJerseyProvider] DiscoveryJerseyProvider.java:80 - Using XML encoding codec XStreamXml
2019-02-22 11:22:18,966 [main] INFO  [c.n.discovery.provider.DiscoveryJerseyProvider] DiscoveryJerseyProvider.java:81 - Using XML decoding codec XStreamXml
2019-02-22 11:22:19,114 [main] INFO  [c.n.d.shared.resolver.aws.ConfigClusterResolver] ConfigClusterResolver.java:43 - Resolving eureka endpoints via configuration
2019-02-22 11:22:19,116 [main] INFO  [com.netflix.discovery.DiscoveryClient] DiscoveryClient.java:958 - Disable delta property : false
2019-02-22 11:22:19,116 [main] INFO  [com.netflix.discovery.DiscoveryClient] DiscoveryClient.java:959 - Single vip registry refresh property : null
2019-02-22 11:22:19,116 [main] INFO  [com.netflix.discovery.DiscoveryClient] DiscoveryClient.java:960 - Force full registry fetch : false
2019-02-22 11:22:19,117 [main] INFO  [com.netflix.discovery.DiscoveryClient] DiscoveryClient.java:961 - Application is null : false
2019-02-22 11:22:19,117 [main] INFO  [com.netflix.discovery.DiscoveryClient] DiscoveryClient.java:962 - Registered Applications size is zero : true
2019-02-22 11:22:19,117 [main] INFO  [com.netflix.discovery.DiscoveryClient] DiscoveryClient.java:964 - Application version is -1: true
2019-02-22 11:22:19,117 [main] INFO  [com.netflix.discovery.DiscoveryClient] DiscoveryClient.java:1047 - Getting all instance registry info from the eureka server
2019-02-22 11:22:19,136 [main] INFO  [com.netflix.discovery.DiscoveryClient] DiscoveryClient.java:1056 - The response status is 200
2019-02-22 11:22:19,137 [main] INFO  [com.netflix.discovery.DiscoveryClient] DiscoveryClient.java:1264 - Starting heartbeat executor: renew interval is: 30
2019-02-22 11:22:19,142 [main] INFO  [com.netflix.discovery.InstanceInfoReplicator] InstanceInfoReplicator.java:60 - InstanceInfoReplicator onDemand update allowed rate per min is 4
2019-02-22 11:22:19,144 [main] INFO  [com.netflix.discovery.DiscoveryClient] DiscoveryClient.java:449 - Discovery Client initialized at timestamp 1550805739144 with initial instances count: 7
2019-02-22 11:22:19,165 [main] INFO  [o.s.c.n.e.serviceregistry.EurekaServiceRegistry] EurekaServiceRegistry.java:42 - Registering application PIG-GOODS with eureka with status UP
2019-02-22 11:22:19,166 [main] INFO  [com.netflix.discovery.DiscoveryClient] DiscoveryClient.java:1299 - Saw local status change event StatusChangeEvent [timestamp=1550805739166, current=UP, previous=STARTING]
2019-02-22 11:22:19,170 [DiscoveryClient-InstanceInfoReplicator-0] INFO  [com.netflix.discovery.DiscoveryClient] DiscoveryClient.java:826 - DiscoveryClient_PIG-GOODS/192.168.1.112:pig-goods:5050: registering service...
2019-02-22 11:22:19,303 [DiscoveryClient-InstanceInfoReplicator-0] INFO  [com.netflix.discovery.DiscoveryClient] DiscoveryClient.java:835 - DiscoveryClient_PIG-GOODS/192.168.1.112:pig-goods:5050 - registration status: 204
2019-02-22 11:22:19,328 [main] INFO  [o.s.b.w.embedded.undertow.UndertowServletWebServer] UndertowServletWebServer.java:148 - Undertow started on port(s) 5050 (http) with context path ''
2019-02-22 11:22:19,330 [main] INFO  [o.s.c.n.e.s.EurekaAutoServiceRegistration] EurekaAutoServiceRegistration.java:124 - Updating port to 5050
2019-02-22 11:22:19,335 [main] INFO  [c.p.pig.goods.manage.PigGoodsManageApplication] StartupInfoLogger.java:59 - Started PigGoodsManageApplication in 19.52 seconds (JVM running for 33.287)
2019-02-22 11:22:20,692 [RMI TCP Connection(7)-127.0.0.1] INFO  [io.undertow.servlet] ServletContextImpl.java:360 - Initializing Spring FrameworkServlet 'dispatcherServlet'
2019-02-22 11:22:20,693 [RMI TCP Connection(7)-127.0.0.1] INFO  [org.springframework.web.servlet.DispatcherServlet] FrameworkServlet.java:497 - FrameworkServlet 'dispatcherServlet': initialization started
2019-02-22 11:22:20,738 [RMI TCP Connection(7)-127.0.0.1] INFO  [org.springframework.web.servlet.DispatcherServlet] FrameworkServlet.java:512 - FrameworkServlet 'dispatcherServlet': initialization completed in 45 ms
2019-02-22 11:22:20,749 [RMI TCP Connection(9)-127.0.0.1] INFO  [o.s.c.c.client.ConfigServicePropertySourceLocator] ConfigServicePropertySourceLocator.java:205 - Fetching config from server at : http://192.168.1.118:8888/
2019-02-22 11:22:21,263 [RMI TCP Connection(9)-127.0.0.1] INFO  [o.s.c.c.client.ConfigServicePropertySourceLocator] ConfigServicePropertySourceLocator.java:149 - Located environment: name=pig-goods, profiles=[dev], label=null, version=null, state=null
2019-02-22 11:22:21,408 [RMI TCP Connection(9)-127.0.0.1] INFO  [io.lettuce.core.EpollProvider] EpollProvider.java:68 - Starting without optional epoll library
2019-02-22 11:22:21,412 [RMI TCP Connection(9)-127.0.0.1] INFO  [io.lettuce.core.KqueueProvider] KqueueProvider.java:70 - Starting without optional kqueue library
